 ECLIPSE   Version 2017.2. Build Number 30032000. (Arch : Linux X86_64 (64 bit, LINRH6_IL13_OPT))

 Proprietary Notice
 This application contains the confidential and
 proprietary trade secrets of Schlumberger and may 
 not be copied or stored in an information retrieval
 system, transferred, used, distributed, translated,
 or retransmitted in any form or by any means, electronic
 or mechanical, in whole or in part, without the
 express written permission of the copyright owner.

 ECLIPSE is a mark of Schlumberger. Copyright (c)
 1981-2017 Schlumberger. All rights reserved.

     1 READING RUNSPEC 
     2 READING TITLE   
     3 READING SAVE    
     4 READING NOECHO  
     5 READING DIMENS  
     6 READING START   
     7 READING OIL     
     8 READING GAS     
     9 READING WATER   
    10 READING DISGAS  
    11 READING METRIC  
    12 READING GRIDOPTS
    13 READING ENDSCALE
    14 READING EQLOPTS 
    15 READING TABDIMS 
    16 READING EQLDIMS 
    17 READING REGDIMS 
    18 READING FAULTDIM
    19 READING WELLDIMS
    20 READING WSEGDIMS
    21 READING VFPPDIMS

 @--MESSAGE  AT TIME        0.0   DAYS    ( 1-JAN-2000):
 @           CHECKING FOR LICENSES                                           
    22 READING VFPIDIMS
    23 READING SMRYDIMS
    24 READING UNIFIN  
    25 READING UNIFOUT 
    26 READING NOINSPEC
    27 READING NORSSPEC
    28 READING GRID    

 @--MESSAGE  AT TIME        0.0   DAYS    ( 1-JAN-2000):
 @           CHECKING FOR LICENSES                                           

 @--MESSAGE  AT TIME        0.0   DAYS    ( 1-JAN-2000):
 @           THE MEMORY REQUIRED TO PROCESS THE GRID SECTION IS              
 @                17002 KBYTES                                               
    30 READING NOECHO  
    31 READING INIT    
    32 READING GRIDFILE
    33 READING MESSAGES
    34 READING PINCH   
    35 READING NOECHO  
    36 READING INCLUDE ../include/grid/reek.grid                                                                                                           

 @--WARNING  AT TIME        0.0   DAYS    ( 1-JAN-2000):
 @           INCLUDED FILE APPEARS TO BE A GRID FILE                         
 @           GRID FILES MUST BE IMPORTED USING GDFILE OR IMPORT              
    37 READING NOECHO  
    38 READING MAPUNITS
    39 READING MAPAXES 
    40 READING GRIDUNIT
    41 READING SPECGRID
    42 READING GDORIENT
    43 READING COORD   
    44 READING ZCORN   
    45 READING ACTNUM  
    46 READING ECHO    
               END OF INCLUDE FILE 
    47 READING INCLUDE ../include/grid/reek.faults                                                                                                         
    48 READING FAULTS  
               END OF INCLUDE FILE 
    49 READING INCLUDE ../include/grid/reek.poro                                                                                                           
    50 READING PORO    
               END OF INCLUDE FILE 
    51 READING INCLUDE ../include/grid/reek.perm                                                                                                           
    52 READING PERMX   
    53 READING PERMY   
    54 READING PERMZ   
               END OF INCLUDE FILE 
    55 READING MULTIPLY
    56 READING INCLUDE ../include/grid/reek.multflt                                                                                                        
    57 READING MULTFLT 
               END OF INCLUDE FILE 
    58 READING INCLUDE ../include/grid/reek.multz                                                                                                          
    59 READING EQUALS  
               END OF INCLUDE FILE 
    60 READING EDIT    

 @--WARNING  AT TIME        0.0   DAYS    ( 1-JAN-2000):
 @           FLUX FLAG SET IN RUNSPEC BUT FLUXNUM KEYWORD                    
 @           NOT USED -- SAVE SPACE BY SETTING NTFREG = 0                    
 @           IN RUNSPEC KEYWORD REGDIMS.                                     

 @--MESSAGE  AT TIME        0.0   DAYS    ( 1-JAN-2000):
 @           NEITHER OLDTRAN,OLDTRANR NOR NEWTRAN SPECIFIED                  
 @           TRANSMISSIBILITIES TO BE CALCULATED                             
 @           USING  NEWTRAN                                                  
    61 READING PROPS   

 @--MESSAGE  AT TIME        0.0   DAYS    ( 1-JAN-2000):
 @                107 NON-NEIGHBOUR CONNECTIONS HAVE BEEN IGNORED            
 @           AS THEIR TRANSMISSIBILITY IS LESS THAN 0.100000E-05             

 @--MESSAGE  AT TIME        0.0   DAYS    ( 1-JAN-2000):
 @           3326 NON-NEIGHBOUR CONNECTIONS PRESENT                          

 @--COMMENT  AT TIME        0.0   DAYS    ( 1-JAN-2000):
 @           LEFT HANDED GRIDS MAY NOT BE SUPPORTED                          
 @            IN ALL PRE AND POST PROCESSORS                                 

 @--COMMENT  AT TIME        0.0   DAYS    ( 1-JAN-2000):
 @           THE GRID APPEARS TO BE LEFT HANDED, BUT                         
 @           IS SPECIFIED IN GDORIENT AS RIGHT HANDED.                       
 @           ENSURE GDORIENT IS CORRECTLY DEFINED.                           

 @--MESSAGE  AT TIME        0.0   DAYS    ( 1-JAN-2000):
 @           NUMBER OF ACTIVE CELLS IS 35763                                 

 @--MESSAGE  AT TIME        0.0   DAYS    ( 1-JAN-2000):
 @           THE MEMORY REQUIRED TO PROCESS THE SOLUTION SECTION IS          
 @               631519 KBYTES                                               

 @--MESSAGE  AT TIME        0.0   DAYS    ( 1-JAN-2000):
 @              89918 CHARACTER VARIABLES USED                               
    62 READING INCLUDE ../include/props/swof.inc                                                                                                           
    63 READING SWOF    
               END OF INCLUDE FILE 
    64 READING INCLUDE ../include/props/sgof.inc                                                                                                           
    65 READING SGOF    
               END OF INCLUDE FILE 
    66 READING INCLUDE ../include/props/reek.swatinit                                                                                                      
    67 READING SWATINIT
               END OF INCLUDE FILE 
    68 READING INCLUDE ../include/props/reek.endpoints                                                                                                     
    69 READING COPY    
    70 READING MAXVALUE
    71 READING COPY    
    72 READING MULTIPLY
    73 READING ADD     
    74 READING EQUALS  
               END OF INCLUDE FILE 
    75 READING SCALECRS
    76 READING INCLUDE ../include/props/reek.pvt                                                                                                           
    77 READING ROCKOPTS
    78 READING ROCK    

 @--WARNING  AT TIME        0.0   DAYS    ( 1-JAN-2000):
 @           ALTHOUGH ROCK DATA WAS ASSOCIATED WITH ROCKNUM                  
 @           THE NUMBER OF REGIONS WAS NOT EXPLICITLY SET                    
 @           USING ARGUMENT 13 OF KEYWORD TABDIMS                            
 @           ROCK WILL BE ASSOCIATED WITH PVTNUM INSTEAD                     
    79 READING PVTW    
    80 READING PVTO    
    81 READING PVDG    
    82 READING DENSITY 
               END OF INCLUDE FILE 
    83 READING REGIONS 

 @--WARNING  AT TIME        0.0   DAYS    ( 1-JAN-2000):
 @           THE PROCESSED PVTO DATA FOR TABLE   1                           
 @           HAS UNDERSATURATED BO LINES THAT WILL INTERSECT                 
 @           IF EXTRAPOLATED                                                 
 @           AT RS VALUES OF     522.8400  SM3/SM3 AND     630.0000  SM3/SM3 
 @           AND A PRESSURE OF       745.57   BARSA                          

 @--WARNING  AT TIME        0.0   DAYS    ( 1-JAN-2000):
 @           THE PROCESSED PVTO DATA FOR TABLE   1                           
 @           HAS UNDERSATURATED BO LINES THAT WILL INTERSECT                 
 @           IF EXTRAPOLATED                                                 
 @           AT RS VALUES OF     522.8400  SM3/SM3 AND     630.0000  SM3/SM3 
 @           AND A PRESSURE OF       745.99   BARSA                          

 @--WARNING  AT TIME        0.0   DAYS    ( 1-JAN-2000):
 @           THE MAXIMUM PRESSURE ENTERED IN THE PVT TABLES                  
 @           FOR THE OIL PHASE IS    700.100. THIS IS GREATER THAN           
 @           THE MAXIMUM PRESSURE FOR THE GAS PHASE,    700.000              
 @           AND MAY LEAD TO PVT TABLE EXTRAPOLATION                         
    84 READING INCLUDE ../include/regions/reek.eqlnum                                                                                                      
    85 READING EQLNUM  
               END OF INCLUDE FILE 
    86 READING INCLUDE ../include/regions/reek.fipnum                                                                                                      
    87 READING FIPNUM  
               END OF INCLUDE FILE 
    88 READING INCLUDE ../include/regions/reek.satnum                                                                                                      
    89 READING SATNUM  
               END OF INCLUDE FILE 
    90 READING EQUALS  
    91 READING SOLUTION

 @--MESSAGE  AT TIME        0.0   DAYS    ( 1-JAN-2000):
 @           SAVE FILE HAS BEEN WRITTEN.                                     
    92 READING INCLUDE ../include/solution/reek.equil                                                                                                      
    93 READING EQUIL   

 @--WARNING  AT TIME        0.0   DAYS    ( 1-JAN-2000):
 @           THE FINE GRID BLOCK EQUILIBRATION SHOULD NOT                    
 @           USUALLY BE USED WITH THE SWATINIT KEYWORD AS                    
 @           THE INTEGRATED SOLUTION WILL NOT IN GENERAL                     
 @           HONOUR THE SWATINIT DATA.                                       
 @           FOR EQUILIBRATION REGION 1                                      

 @--WARNING  AT TIME        0.0   DAYS    ( 1-JAN-2000):
 @           THE FINE GRID BLOCK EQUILIBRATION SHOULD NOT                    
 @           USUALLY BE USED WITH THE SWATINIT KEYWORD AS                    
 @           THE INTEGRATED SOLUTION WILL NOT IN GENERAL                     
 @           HONOUR THE SWATINIT DATA.                                       
 @           FOR EQUILIBRATION REGION 2                                      
               END OF INCLUDE FILE 
    94 READING RSVD    
    95 READING RPTSOL  
    96 READING RPTRST  
    97 READING SUMMARY 
    98 READING INCLUDE ../include/summary/reek.smry                                                                                                        
    99 READING FOPR    
   100 READING FOPRH   
   101 READING FGPR    
   102 READING FGPRH   
   103 READING FWPR    
   104 READING FWPRH   
   105 READING FLPR    
   106 READING FLPRH   
   107 READING FVPR    
   108 READING FOPRF   
   109 READING FOPRS   
   110 READING FGSR    
   111 READING FGPRF   
   112 READING FGPRS   
   113 READING FOPP    
   114 READING FWPP    
   115 READING FGPP    
   116 READING FMWPR   
   117 READING FMWIN   
   118 READING FVIR    
   119 READING FWIR    
   120 READING FWIRH   
   121 READING FGIR    
   122 READING FGIRH   
   123 READING FGLIR   
   124 READING FMCTP   
   125 READING FVPT    
   126 READING FOPT    
   127 READING FOPTH   
   128 READING FWPT    
   129 READING FWPTH   
   130 READING FGPT    
   131 READING FGPTH   
   132 READING FWIT    
   133 READING FWITH   
   134 READING FGIT    
   135 READING FGITH   
   136 READING FOPTF   
   137 READING FOPTS   
   138 READING FWIP    
   139 READING FOIP    
   140 READING FGIP    
   141 READING FWCT    
   142 READING FWCTH   
   143 READING FGOR    
   144 READING FGORH   
   145 READING FGLR    
   146 READING FWGR    
   147 READING FPR     
   148 READING RPR     
   149 READING ROIP    
   150 READING ROIPL   
   151 READING ROIPG   
   152 READING RGIP    
   153 READING RGIPL   
   154 READING RGIPG   
   155 READING RGPR    
   156 READING RGPT    
   157 READING GMWPR   
   158 READING GGLIR   
   159 READING GOPR    
   160 READING GOPRH   
   161 READING GGPR    
   162 READING GGPRH   
   163 READING GWPR    
   164 READING GWPRH   
   165 READING GVPR    
   166 READING GLPR    
   167 READING GOPRF   
   168 READING GOPRS   
   169 READING GGPRF   
   170 READING GGPRS   
   171 READING GWCT    
   172 READING GWCTH   
   173 READING GGOR    
   174 READING GGORH   
   175 READING GWGR    
   176 READING GGLR    
   177 READING GOPT    
   178 READING GOPTH   
   179 READING GGPT    
   180 READING GGPTH   
   181 READING GWPT    
   182 READING GWPTH   
   183 READING GVPT    
   184 READING GLPT    
   185 READING GOPTF   
   186 READING GOPTS   
   187 READING GGPTF   
   188 READING GGPTS   
   189 READING GWIR    
   190 READING GVIR    
   191 READING GWIRH   
   192 READING GGIR    
   193 READING GGIRH   
   194 READING GOPP    
   195 READING GGPP    
   196 READING GWPP    
   197 READING GMCTP   
   198 READING WOPR    
   199 READING WOPRH   
   200 READING WGPR    
   201 READING WGPRH   
   202 READING WWPR    
   203 READING WWPRH   
   204 READING WOPT    
   205 READING WWPT    
   206 READING WGPT    
   207 READING WOPTH   
   208 READING WWPTH   
   209 READING WGPTH   
   210 READING WWCT    
   211 READING WWCTH   
   212 READING WGOR    
   213 READING WGORH   
   214 READING WWIR    
   215 READING WWIRH   
   216 READING WGIR    
   217 READING WGIRH   
   218 READING WWIT    
   219 READING WWITH   
   220 READING WGIT    
   221 READING WGITH   
   222 READING WBHP    
   223 READING WTHP    
   224 READING WPI     
   225 READING WVPR    
   226 READING WBP     
   227 READING WBP4    
   228 READING WBP9    
   229 READING WMCTL   
   230 READING WLPR    
   231 READING WGLIR   
   232 READING WOGLR   
   233 READING BPR     
   234 READING TCPU    
   235 READING TCPUDAY 
               END OF INCLUDE FILE 
   236 READING SCHEDULE
   237 READING TUNING  
   238 READING INCLUDE ../include/schedule/reek_history.sch                                                                                                
   239 READING GRUPTREE
   240 READING DATES   

 @--MESSAGE  AT TIME        0.0   DAYS    ( 1-JAN-2000):
 @           DRSDT OR DRSDTR KEYWORDS HAVE NOT BEEN                          
 @           ENTERED, SO THE MAXIMUM GAS RE-SOLUTION                         
 @           RATE IS DEFAULTED TO INFINITY.                                  

 @--MESSAGE  AT TIME        0.0   DAYS    ( 1-JAN-2000):
 @           RESTART FILE WRITTEN   REPORT     0                             
 @           RESTART INCLUDES FLUIDS IN PLACE                                
 STEP    1 TIME=      1.00  DAYS (    +1.0  DAYS INIT  4 ITS) (2-JAN-2000)       
  PAV=   306.8  BARSA  WCT= 0.00 GOR= 0.00000   SM3/SM3 WGR= 0.00000   SM3/SM3   
 STEP    2 TIME=      2.85  DAYS (    +1.8  DAYS TRNC  2 ITS) (3-JAN-2000)       
  PAV=   306.8  BARSA  WCT= 0.00 GOR= 0.00000   SM3/SM3 WGR= 0.00000   SM3/SM3   
 STEP    3 TIME=      7.85  DAYS (    +5.0  DAYS MAXS  3 ITS) (8-JAN-2000)       
  PAV=   306.8  BARSA  WCT= 0.00 GOR= 0.00000   SM3/SM3 WGR= 0.00000   SM3/SM3   
 STEP    4 TIME=     12.85  DAYS (    +5.0  DAYS MAXS  3 ITS) (13-JAN-2000)      
  PAV=   306.7  BARSA  WCT= 0.00 GOR= 0.00000   SM3/SM3 WGR= 0.00000   SM3/SM3   
 STEP    5 TIME=     17.85  DAYS (    +5.0  DAYS MAXS  2 ITS) (18-JAN-2000)      
  PAV=   306.7  BARSA  WCT= 0.00 GOR= 0.00000   SM3/SM3 WGR= 0.00000   SM3/SM3   
 STEP    6 TIME=     22.85  DAYS (    +5.0  DAYS MAXS  2 ITS) (23-JAN-2000)      
  PAV=   306.7  BARSA  WCT= 0.00 GOR= 0.00000   SM3/SM3 WGR= 0.00000   SM3/SM3   
 STEP    7 TIME=     26.92  DAYS (    +4.1  DAYS HALF  2 ITS) (27-JAN-2000)      
  PAV=   306.7  BARSA  WCT= 0.00 GOR= 0.00000   SM3/SM3 WGR= 0.00000   SM3/SM3   
 STEP    8 TIME=     31.00  DAYS (    +4.1  DAYS REPT  2 ITS) (1-FEB-2000)       
  PAV=   306.7  BARSA  WCT= 0.00 GOR= 0.00000   SM3/SM3 WGR= 0.00000   SM3/SM3   
   241 READING WELSPECS
   242 READING COMPORD 
   243 READING COMPDAT 
   244 READING WELSEGS 
   245 READING WELSEGS 
   246 READING WELSEGS 
   247 READING WELSEGS 
   248 READING COMPSEGS
   249 READING COMPSEGS
   250 READING COMPSEGS
   251 READING COMPSEGS
   252 READING WCONHIST

 @--MESSAGE  AT TIME       31.0   DAYS    ( 1-FEB-2000):
 @           OPENING WELL OP_1     AT TIME     31.00   DAYS                  
 @           CONTROLLED BY RESERVOIR FLUID VOLUME RATE                       

 @--MESSAGE  AT TIME       31.0   DAYS    ( 1-FEB-2000):
 @           OPENING WELL OP_2     AT TIME     31.00   DAYS                  
 @           CONTROLLED BY RESERVOIR FLUID VOLUME RATE                       

 @--MESSAGE  AT TIME       31.0   DAYS    ( 1-FEB-2000):
 @           OPENING WELL OP_3     AT TIME     31.00   DAYS                  
 @           CONTROLLED BY RESERVOIR FLUID VOLUME RATE                       
   253 READING WCONINJH

 @--MESSAGE  AT TIME       31.0   DAYS    ( 1-FEB-2000):
 @           OPENING WELL WI_1     AT TIME     31.00   DAYS                  
 @           CONTROLLED BY WATER RATE                                        
   254 READING WRFTPLT 
   255 READING DATES   
 STEP    9 TIME=     32.00  DAYS (    +1.0  DAYS MAXW  3 ITS) (2-FEB-2000)       
  PAV=   306.2  BARSA  WCT=0.000 GOR=   184.00  SM3/SM3 WGR=   0.0000  SM3/SM3   
 STEP   10 TIME=     35.00  DAYS (    +3.0  DAYS MAXF  3 ITS) (5-FEB-2000)       
  PAV=   305.1  BARSA  WCT=0.000 GOR=   184.00  SM3/SM3 WGR=   0.0000  SM3/SM3   
 STEP   11 TIME=     40.00  DAYS (    +5.0  DAYS MAXS  3 ITS) (10-FEB-2000)      
  PAV=   303.5  BARSA  WCT=0.000 GOR=   184.00  SM3/SM3 WGR=   0.0000  SM3/SM3   
 STEP   12 TIME=     45.00  DAYS (    +5.0  DAYS MAXS  2 ITS) (15-FEB-2000)      
  PAV=   302.1  BARSA  WCT=0.000 GOR=   184.00  SM3/SM3 WGR=   0.0000  SM3/SM3   
 STEP   13 TIME=     50.00  DAYS (    +5.0  DAYS MAXS  2 ITS) (20-FEB-2000)      
  PAV=   300.8  BARSA  WCT=0.000 GOR=   184.00  SM3/SM3 WGR=   0.0000  SM3/SM3   
 STEP   14 TIME=     55.00  DAYS (    +5.0  DAYS MAXS  3 ITS) (25-FEB-2000)      
  PAV=   299.5  BARSA  WCT=0.000 GOR=   184.00  SM3/SM3 WGR=   0.0000  SM3/SM3   
 STEP   15 TIME=     60.00  DAYS (    +5.0  DAYS REPT  2 ITS) (1-MAR-2000)       
  PAV=   298.2  BARSA  WCT=0.000 GOR=   184.00  SM3/SM3 WGR=   0.0000  SM3/SM3   
   256 READING WCONHIST
   257 READING WCONINJH
   258 READING DATES   
 STEP   16 TIME=     61.00  DAYS (    +1.0  DAYS MAXW  1 ITS) (2-MAR-2000)       
  PAV=   298.0  BARSA  WCT=0.000 GOR=   184.00  SM3/SM3 WGR=   0.0000  SM3/SM3   
 STEP   17 TIME=     64.00  DAYS (    +3.0  DAYS MAXF  2 ITS) (5-MAR-2000)       
  PAV=   297.3  BARSA  WCT=0.000 GOR=   184.00  SM3/SM3 WGR=   0.0000  SM3/SM3   
 STEP   18 TIME=     69.00  DAYS (    +5.0  DAYS MAXS  2 ITS) (10-MAR-2000)      
  PAV=   296.2  BARSA  WCT=0.000 GOR=   184.00  SM3/SM3 WGR=   0.0000  SM3/SM3   
 STEP   19 TIME=     74.00  DAYS (    +5.0  DAYS MAXS  3 ITS) (15-MAR-2000)      
  PAV=   295.2  BARSA  WCT=0.000 GOR=   184.00  SM3/SM3 WGR=   0.0000  SM3/SM3   
 STEP   20 TIME=     79.00  DAYS (    +5.0  DAYS MAXS  3 ITS) (20-MAR-2000)      
  PAV=   294.1  BARSA  WCT=0.000 GOR=   184.00  SM3/SM3 WGR=   0.0000  SM3/SM3   
 STEP   21 TIME=     84.00  DAYS (    +5.0  DAYS MAXS  2 ITS) (25-MAR-2000)      
  PAV=   293.0  BARSA  WCT=0.000 GOR=   184.00  SM3/SM3 WGR=   0.0000  SM3/SM3   
 STEP   22 TIME=     87.50  DAYS (    +3.5  DAYS HALF  2 ITS) (28-MAR-2000)      
  PAV=   292.3  BARSA  WCT=0.000 GOR=   184.00  SM3/SM3 WGR=   0.0000  SM3/SM3   
 STEP   23 TIME=     91.00  DAYS (    +3.5  DAYS REPT  2 ITS) (1-APR-2000)       
  PAV=   291.6  BARSA  WCT=0.000 GOR=   184.00  SM3/SM3 WGR=   0.0000  SM3/SM3   
   259 READING WCONHIST
   260 READING DATES   
 STEP   24 TIME=     92.00  DAYS (    +1.0  DAYS MAXW  1 ITS) (2-APR-2000)       
  PAV=   291.4  BARSA  WCT=0.000 GOR=   184.00  SM3/SM3 WGR=   0.0000  SM3/SM3   
 STEP   25 TIME=     95.00  DAYS (    +3.0  DAYS MAXF  2 ITS) (5-APR-2000)       
  PAV=   290.9  BARSA  WCT=0.000 GOR=   184.00  SM3/SM3 WGR=   0.0000  SM3/SM3   
 STEP   26 TIME=    100.00  DAYS (    +5.0  DAYS MAXS  3 ITS) (10-APR-2000)      
  PAV=   289.9  BARSA  WCT=0.000 GOR=   184.00  SM3/SM3 WGR=   0.0000  SM3/SM3   
 STEP   27 TIME=    105.00  DAYS (    +5.0  DAYS MAXS  2 ITS) (15-APR-2000)      
  PAV=   289.0  BARSA  WCT=0.000 GOR=   184.00  SM3/SM3 WGR=   0.0000  SM3/SM3   
 STEP   28 TIME=    110.00  DAYS (    +5.0  DAYS MAXS  2 ITS) (20-APR-2000)      
  PAV=   288.1  BARSA  WCT=0.000 GOR=   184.00  SM3/SM3 WGR=   0.0000  SM3/SM3   
 STEP   29 TIME=    115.00  DAYS (    +5.0  DAYS MAXS  3 ITS) (25-APR-2000)      
  PAV=   287.1  BARSA  WCT=0.000 GOR=   184.00  SM3/SM3 WGR=   0.0000  SM3/SM3   
 STEP   30 TIME=    118.00  DAYS (    +3.0  DAYS HALF  2 ITS) (28-APR-2000)      
  PAV=   286.6  BARSA  WCT=0.000 GOR=   184.00  SM3/SM3 WGR=   0.0000  SM3/SM3   
 STEP   31 TIME=    121.00  DAYS (    +3.0  DAYS REPT  2 ITS) (1-MAY-2000)       
  PAV=   286.0  BARSA  WCT=0.000 GOR=   184.00  SM3/SM3 WGR=   0.0000  SM3/SM3   
   261 READING WCONHIST
   262 READING DATES   
 STEP   32 TIME=    122.00  DAYS (    +1.0  DAYS MAXW  1 ITS) (2-MAY-2000)       
  PAV=   285.9  BARSA  WCT=0.000 GOR=   184.00  SM3/SM3 WGR=   0.0000  SM3/SM3   
 STEP   33 TIME=    125.00  DAYS (    +3.0  DAYS MAXF  2 ITS) (5-MAY-2000)       
  PAV=   285.3  BARSA  WCT=0.000 GOR=   184.00  SM3/SM3 WGR=   0.0000  SM3/SM3   
 STEP   34 TIME=    130.00  DAYS (    +5.0  DAYS MAXS  2 ITS) (10-MAY-2000)      
  PAV=   284.5  BARSA  WCT=0.000 GOR=   184.00  SM3/SM3 WGR=   0.0000  SM3/SM3   
 STEP   35 TIME=    135.00  DAYS (    +5.0  DAYS MAXS  2 ITS) (15-MAY-2000)      
  PAV=   283.6  BARSA  WCT=0.000 GOR=   184.00  SM3/SM3 WGR=   0.0000  SM3/SM3   
 STEP   36 TIME=    140.00  DAYS (    +5.0  DAYS MAXS  2 ITS) (20-MAY-2000)      
  PAV=   282.7  BARSA  WCT=0.000 GOR=   184.00  SM3/SM3 WGR=   0.0000  SM3/SM3   
 STEP   37 TIME=    145.00  DAYS (    +5.0  DAYS MAXS  2 ITS) (25-MAY-2000)      
  PAV=   281.9  BARSA  WCT=0.000 GOR=   184.00  SM3/SM3 WGR=   0.0000  SM3/SM3   
 STEP   38 TIME=    148.50  DAYS (    +3.5  DAYS HALF  2 ITS) (28-MAY-2000)      
  PAV=   281.3  BARSA  WCT=0.000 GOR=   184.00  SM3/SM3 WGR=   0.0000  SM3/SM3   
 STEP   39 TIME=    152.00  DAYS (    +3.5  DAYS REPT  2 ITS) (1-JUN-2000)       
  PAV=   280.7  BARSA  WCT=0.000 GOR=   184.00  SM3/SM3 WGR=   0.0000  SM3/SM3   
   263 READING WELSPECS
   264 READING COMPORD 
   265 READING COMPDAT 
   266 READING WELSEGS 
   267 READING COMPSEGS
   268 READING WCONHIST
   269 READING WCONINJH

 @--MESSAGE  AT TIME      152.0   DAYS    ( 1-JUN-2000):
 @           OPENING WELL WI_2     AT TIME    152.00   DAYS                  
 @           CONTROLLED BY WATER RATE                                        
   270 READING WRFTPLT 
   271 READING DATES   
 STEP   40 TIME=    153.00  DAYS (    +1.0  DAYS MAXW  4 ITS) (2-JUN-2000)       
  PAV=   280.7  BARSA  WCT=0.000 GOR=   184.00  SM3/SM3 WGR=   0.0000  SM3/SM3   
 STEP   41 TIME=    153.84  DAYS (   +20.2 HOURS TRNC  2 ITS) (2-JUN-2000)       
  PAV=   280.6  BARSA  WCT=0.000 GOR=   184.00  SM3/SM3 WGR=   0.0000  SM3/SM3   
 STEP   42 TIME=    155.79  DAYS (    +1.9  DAYS TRNC  3 ITS) (4-JUN-2000)       
  PAV=   280.6  BARSA  WCT=0.000 GOR=   184.00  SM3/SM3 WGR=   0.0000  SM3/SM3   
 STEP   43 TIME=    157.67  DAYS (    +1.9  DAYS TRNC  2 ITS) (6-JUN-2000)       
  PAV=   280.5  BARSA  WCT=0.000 GOR=   184.00  SM3/SM3 WGR=   0.0000  SM3/SM3   
 STEP   44 TIME=    160.08  DAYS (    +2.4  DAYS TRNC  2 ITS) (9-JUN-2000)       
  PAV=   280.5  BARSA  WCT=0.000 GOR=   184.00  SM3/SM3 WGR=   0.0000  SM3/SM3   
 STEP   45 TIME=    164.01  DAYS (    +3.9  DAYS TRNC  3 ITS) (13-JUN-2000)      
  PAV=   280.3  BARSA  WCT=0.000 GOR=   184.00  SM3/SM3 WGR=   0.0000  SM3/SM3   
 STEP   46 TIME=    169.01  DAYS (    +5.0  DAYS MAXS  3 ITS) (18-JUN-2000)      
  PAV=   280.1  BARSA  WCT=0.000 GOR=   184.00  SM3/SM3 WGR=   0.0000  SM3/SM3   
 STEP   47 TIME=    174.01  DAYS (    +5.0  DAYS MAXS  2 ITS) (23-JUN-2000)      
  PAV=   279.8  BARSA  WCT=0.000 GOR=   184.00  SM3/SM3 WGR=   0.0000  SM3/SM3   
 STEP   48 TIME=    178.01  DAYS (    +4.0  DAYS HALF  2 ITS) (27-JUN-2000)      
  PAV=   279.6  BARSA  WCT=0.000 GOR=   184.00  SM3/SM3 WGR=   0.0000  SM3/SM3   
 STEP   49 TIME=    182.00  DAYS (    +4.0  DAYS REPT  2 ITS) (1-JLY-2000)       
  PAV=   279.4  BARSA  WCT=0.000 GOR=   184.00  SM3/SM3 WGR=   0.0000  SM3/SM3   
   272 READING WCONHIST
   273 READING WCONINJH
   274 READING DATES   
 STEP   50 TIME=    183.00  DAYS (    +1.0  DAYS MAXW  1 ITS) (2-JLY-2000)       
  PAV=   279.4  BARSA  WCT=0.000 GOR=   184.00  SM3/SM3 WGR=   0.0000  SM3/SM3   
 STEP   51 TIME=    186.00  DAYS (    +3.0  DAYS MAXF  2 ITS) (5-JLY-2000)       
  PAV=   279.3  BARSA  WCT=0.000 GOR=   184.00  SM3/SM3 WGR=   0.0000  SM3/SM3   
 STEP   52 TIME=    191.00  DAYS (    +5.0  DAYS MAXS  2 ITS) (10-JLY-2000)      
  PAV=   279.1  BARSA  WCT=0.000 GOR=   184.00  SM3/SM3 WGR=   0.0000  SM3/SM3   
 STEP   53 TIME=    196.00  DAYS (    +5.0  DAYS MAXS  2 ITS) (15-JLY-2000)      
  PAV=   278.9  BARSA  WCT=0.000 GOR=   184.00  SM3/SM3 WGR=   0.0000  SM3/SM3   
 STEP   54 TIME=    201.00  DAYS (    +5.0  DAYS MAXS  2 ITS) (20-JLY-2000)      
  PAV=   278.7  BARSA  WCT=0.000 GOR=   184.00  SM3/SM3 WGR=   0.0000  SM3/SM3   
 STEP   55 TIME=    206.00  DAYS (    +5.0  DAYS MAXS  3 ITS) (25-JLY-2000)      
  PAV=   278.5  BARSA  WCT=0.000 GOR=   184.00  SM3/SM3 WGR=   0.0000  SM3/SM3   
 STEP   56 TIME=    209.50  DAYS (    +3.5  DAYS HALF  3 ITS) (28-JLY-2000)      
  PAV=   278.3  BARSA  WCT=0.000 GOR=   184.00  SM3/SM3 WGR=   0.0000  SM3/SM3   
 STEP   57 TIME=    213.00  DAYS (    +3.5  DAYS REPT  2 ITS) (1-AUG-2000)       
  PAV=   278.2  BARSA  WCT=0.000 GOR=   184.00  SM3/SM3 WGR=   0.0000  SM3/SM3   
   275 READING WCONHIST
   276 READING DATES   
 STEP   58 TIME=    214.00  DAYS (    +1.0  DAYS MAXW  1 ITS) (2-AUG-2000)       
  PAV=   278.1  BARSA  WCT=0.000 GOR=   184.00  SM3/SM3 WGR=   0.0000  SM3/SM3   
 STEP   59 TIME=    217.00  DAYS (    +3.0  DAYS MAXF  2 ITS) (5-AUG-2000)       
  PAV=   278.0  BARSA  WCT=0.000 GOR=   184.00  SM3/SM3 WGR=   0.0000  SM3/SM3   
 STEP   60 TIME=    222.00  DAYS (    +5.0  DAYS MAXS  2 ITS) (10-AUG-2000)      
  PAV=   277.9  BARSA  WCT=0.000 GOR=   184.00  SM3/SM3 WGR=   0.0000  SM3/SM3   
 STEP   61 TIME=    227.00  DAYS (    +5.0  DAYS MAXS  2 ITS) (15-AUG-2000)      
  PAV=   277.7  BARSA  WCT=0.000 GOR=   184.00  SM3/SM3 WGR=   0.0000  SM3/SM3   
 STEP   62 TIME=    232.00  DAYS (    +5.0  DAYS MAXS  2 ITS) (20-AUG-2000)      
  PAV=   277.5  BARSA  WCT=0.000 GOR=   184.00  SM3/SM3 WGR=   0.0000  SM3/SM3   
 STEP   63 TIME=    237.00  DAYS (    +5.0  DAYS MAXS  2 ITS) (25-AUG-2000)      
  PAV=   277.3  BARSA  WCT=0.000 GOR=   184.00  SM3/SM3 WGR=   0.0000  SM3/SM3   
 STEP   64 TIME=    240.50  DAYS (    +3.5  DAYS HALF  2 ITS) (28-AUG-2000)      
  PAV=   277.1  BARSA  WCT=0.000 GOR=   184.00  SM3/SM3 WGR=   0.0000  SM3/SM3   
 STEP   65 TIME=    244.00  DAYS (    +3.5  DAYS REPT  2 ITS) (1-SEP-2000)       
  PAV=   277.0  BARSA  WCT=0.000 GOR=   184.00  SM3/SM3 WGR=   0.0000  SM3/SM3   
   277 READING WCONHIST
   278 READING DATES   
 STEP   66 TIME=    245.00  DAYS (    +1.0  DAYS MAXW  1 ITS) (2-SEP-2000)       
  PAV=   277.0  BARSA  WCT=0.000 GOR=   184.00  SM3/SM3 WGR=   0.0000  SM3/SM3   
 STEP   67 TIME=    248.00  DAYS (    +3.0  DAYS MAXF  2 ITS) (5-SEP-2000)       
  PAV=   276.9  BARSA  WCT=0.000 GOR=   184.00  SM3/SM3 WGR=   0.0000  SM3/SM3   
 STEP   68 TIME=    253.00  DAYS (    +5.0  DAYS MAXS  3 ITS) (10-SEP-2000)      
  PAV=   276.7  BARSA  WCT=0.000 GOR=   184.00  SM3/SM3 WGR=   0.0000  SM3/SM3   
 STEP   69 TIME=    258.00  DAYS (    +5.0  DAYS MAXS  2 ITS) (15-SEP-2000)      
  PAV=   276.5  BARSA  WCT=0.000 GOR=   184.00  SM3/SM3 WGR=   0.0000  SM3/SM3   
 STEP   70 TIME=    263.00  DAYS (    +5.0  DAYS MAXS  2 ITS) (20-SEP-2000)      
  PAV=   276.4  BARSA  WCT=0.000 GOR=   184.00  SM3/SM3 WGR=   0.0000  SM3/SM3   
 STEP   71 TIME=    268.00  DAYS (    +5.0  DAYS MAXS  2 ITS) (25-SEP-2000)      
  PAV=   276.2  BARSA  WCT=0.000 GOR=   184.00  SM3/SM3 WGR=   0.0000  SM3/SM3   
 STEP   72 TIME=    271.00  DAYS (    +3.0  DAYS HALF  2 ITS) (28-SEP-2000)      
  PAV=   276.1  BARSA  WCT=0.000 GOR=   184.00  SM3/SM3 WGR=   0.0000  SM3/SM3   
 STEP   73 TIME=    274.00  DAYS (    +3.0  DAYS REPT  1 ITS) (1-OCT-2000)       
  PAV=   276.0  BARSA  WCT=0.000 GOR=   184.00  SM3/SM3 WGR=   0.0000  SM3/SM3   
   279 READING WCONHIST
   280 READING DATES   
 STEP   74 TIME=    275.00  DAYS (    +1.0  DAYS MAXW  1 ITS) (2-OCT-2000)       
  PAV=   276.0  BARSA  WCT=0.000 GOR=   184.00  SM3/SM3 WGR=   0.0000  SM3/SM3   
 STEP   75 TIME=    278.00  DAYS (    +3.0  DAYS MAXF  2 ITS) (5-OCT-2000)       
  PAV=   275.9  BARSA  WCT=0.000 GOR=   184.00  SM3/SM3 WGR=   0.0000  SM3/SM3   
 STEP   76 TIME=    283.00  DAYS (    +5.0  DAYS MAXS  2 ITS) (10-OCT-2000)      
  PAV=   275.7  BARSA  WCT=0.000 GOR=   184.00  SM3/SM3 WGR=   0.0000  SM3/SM3   
 STEP   77 TIME=    288.00  DAYS (    +5.0  DAYS MAXS  2 ITS) (15-OCT-2000)      
  PAV=   275.6  BARSA  WCT=0.000 GOR=   184.00  SM3/SM3 WGR=   0.0000  SM3/SM3   
 STEP   78 TIME=    293.00  DAYS (    +5.0  DAYS MAXS  2 ITS) (20-OCT-2000)      
  PAV=   275.5  BARSA  WCT=0.000 GOR=   184.00  SM3/SM3 WGR=   0.0000  SM3/SM3   
 STEP   79 TIME=    298.00  DAYS (    +5.0  DAYS MAXS  2 ITS) (25-OCT-2000)      
  PAV=   275.3  BARSA  WCT=0.000 GOR=   184.00  SM3/SM3 WGR=   0.0000  SM3/SM3   
 STEP   80 TIME=    301.50  DAYS (    +3.5  DAYS HALF  2 ITS) (28-OCT-2000)      
  PAV=   275.2  BARSA  WCT=0.000 GOR=   184.00  SM3/SM3 WGR=   0.0000  SM3/SM3   
 STEP   81 TIME=    305.00  DAYS (    +3.5  DAYS REPT  2 ITS) (1-NOV-2000)       
  PAV=   275.1  BARSA  WCT=0.000 GOR=   184.00  SM3/SM3 WGR=   0.0000  SM3/SM3   
   281 READING WCONHIST
   282 READING DATES   
 STEP   82 TIME=    306.00  DAYS (    +1.0  DAYS MAXW  1 ITS) (2-NOV-2000)       
  PAV=   275.1  BARSA  WCT=0.000 GOR=   184.00  SM3/SM3 WGR=   0.0000  SM3/SM3   
 STEP   83 TIME=    309.00  DAYS (    +3.0  DAYS MAXF  2 ITS) (5-NOV-2000)       
  PAV=   275.0  BARSA  WCT=0.000 GOR=   184.00  SM3/SM3 WGR=   0.0000  SM3/SM3   
 STEP   84 TIME=    314.00  DAYS (    +5.0  DAYS MAXS  2 ITS) (10-NOV-2000)      
  PAV=   274.9  BARSA  WCT=0.000 GOR=   184.00  SM3/SM3 WGR=   0.0000  SM3/SM3   
 STEP   85 TIME=    319.00  DAYS (    +5.0  DAYS MAXS  2 ITS) (15-NOV-2000)      
  PAV=   274.8  BARSA  WCT=0.000 GOR=   184.00  SM3/SM3 WGR=   0.0000  SM3/SM3   
 STEP   86 TIME=    324.00  DAYS (    +5.0  DAYS MAXS  3 ITS) (20-NOV-2000)      
  PAV=   274.7  BARSA  WCT=0.000 GOR=   184.00  SM3/SM3 WGR=   0.0000  SM3/SM3   
 STEP   87 TIME=    329.00  DAYS (    +5.0  DAYS MAXS  2 ITS) (25-NOV-2000)      
  PAV=   274.5  BARSA  WCT=0.000 GOR=   184.00  SM3/SM3 WGR=   0.0000  SM3/SM3   
 STEP   88 TIME=    332.00  DAYS (    +3.0  DAYS HALF  1 ITS) (28-NOV-2000)      
  PAV=   274.5  BARSA  WCT=0.000 GOR=   184.00  SM3/SM3 WGR=   0.0000  SM3/SM3   
 STEP   89 TIME=    335.00  DAYS (    +3.0  DAYS REPT  2 ITS) (1-DEC-2000)       
  PAV=   274.4  BARSA  WCT=0.000 GOR=   184.00  SM3/SM3 WGR=   0.0000  SM3/SM3   
   283 READING WCONHIST
   284 READING DATES   
 STEP   90 TIME=    336.00  DAYS (    +1.0  DAYS MAXW  1 ITS) (2-DEC-2000)       
  PAV=   274.4  BARSA  WCT=0.000 GOR=   184.00  SM3/SM3 WGR=   0.0000  SM3/SM3   
 STEP   91 TIME=    339.00  DAYS (    +3.0  DAYS MAXF  1 ITS) (5-DEC-2000)       
  PAV=   274.3  BARSA  WCT=0.000 GOR=   184.00  SM3/SM3 WGR=   0.0000  SM3/SM3   
 STEP   92 TIME=    344.00  DAYS (    +5.0  DAYS MAXS  2 ITS) (10-DEC-2000)      
  PAV=   274.2  BARSA  WCT=0.001 GOR=   184.00  SM3/SM3 WGR=   0.0000  SM3/SM3   
 STEP   93 TIME=    349.00  DAYS (    +5.0  DAYS MAXS  2 ITS) (15-DEC-2000)      
  PAV=   274.1  BARSA  WCT=0.001 GOR=   184.00  SM3/SM3 WGR=   0.0000  SM3/SM3   
 STEP   94 TIME=    354.00  DAYS (    +5.0  DAYS MAXS  2 ITS) (20-DEC-2000)      
  PAV=   274.0  BARSA  WCT=0.001 GOR=   184.00  SM3/SM3 WGR=   0.0000  SM3/SM3   
 STEP   95 TIME=    359.00  DAYS (    +5.0  DAYS MAXS  2 ITS) (25-DEC-2000)      
  PAV=   273.9  BARSA  WCT=0.001 GOR=   184.00  SM3/SM3 WGR=   0.0000  SM3/SM3   
 STEP   96 TIME=    362.50  DAYS (    +3.5  DAYS HALF  2 ITS) (28-DEC-2000)      
  PAV=   273.8  BARSA  WCT=0.001 GOR=   184.00  SM3/SM3 WGR=   0.0000  SM3/SM3   
 STEP   97 TIME=    366.00  DAYS (    +3.5  DAYS REPT  2 ITS) (1-JAN-2001)       
  PAV=   273.7  BARSA  WCT=0.001 GOR=   184.00  SM3/SM3 WGR=   0.0000  SM3/SM3   

 @--MESSAGE  AT TIME      366.0   DAYS    ( 1-JAN-2001):
 @           RESTART FILE WRITTEN   REPORT    12                             
 @           RESTART INCLUDES FLUIDS IN PLACE                                
   285 READING WELSPECS
   286 READING COMPORD 
   287 READING COMPDAT 
   288 READING WELSEGS 
   289 READING WELSEGS 
   290 READING COMPSEGS
   291 READING COMPSEGS
   292 READING WCONHIST

 @--MESSAGE  AT TIME      366.0   DAYS    ( 1-JAN-2001):
 @           OPENING WELL OP_4     AT TIME    366.00   DAYS                  
 @           CONTROLLED BY RESERVOIR FLUID VOLUME RATE                       

 @--MESSAGE  AT TIME      366.0   DAYS    ( 1-JAN-2001):
 @           OPENING WELL OP_5     AT TIME    366.00   DAYS                  
 @           CONTROLLED BY RESERVOIR FLUID VOLUME RATE                       
   293 READING WRFTPLT 
   294 READING DATES   

 @--PROBLEM  AT TIME      366.0   DAYS    ( 1-JAN-2001):
 @           POTENTIAL IN WELL OP_5     NOT CONVERGED IN  1 X  50 ITERATIONS 
 @           RESIDUAL ERROR IN FLOWS AND PRESSURE                            
 @             OIL         2.88963E+07                                       
 @             WATER       5.03621E+05                                       
 @             GAS         5.46954E+09                                       
 @            MSW PRES     3.63519E+06                                       
 @           TRY SETTING ITEM 2 IN THE WPOTCALC KEYWORD.                     
 @           TRY CHANGING PARAMETERS IN THE WSEGITER KEYWORD                 
 STEP   98 TIME=    367.00  DAYS (    +1.0  DAYS MAXW  3 ITS) (2-JAN-2001)       
  PAV=   273.5  BARSA  WCT=0.001 GOR=   184.00  SM3/SM3 WGR=   0.0000  SM3/SM3   
 STEP   99 TIME=    370.00  DAYS (    +3.0  DAYS MAXF  3 ITS) (5-JAN-2001)       
  PAV=   273.0  BARSA  WCT=0.001 GOR=   184.00  SM3/SM3 WGR=   0.0000  SM3/SM3   
 STEP  100 TIME=    375.00  DAYS (    +5.0  DAYS MAXS  2 ITS) (10-JAN-2001)      
  PAV=   272.1  BARSA  WCT=0.001 GOR=   184.00  SM3/SM3 WGR=   0.0000  SM3/SM3   
 STEP  101 TIME=    380.00  DAYS (    +5.0  DAYS MAXS  2 ITS) (15-JAN-2001)      
  PAV=   271.4  BARSA  WCT=0.001 GOR=   184.00  SM3/SM3 WGR=   0.0000  SM3/SM3   
 STEP  102 TIME=    385.00  DAYS (    +5.0  DAYS MAXS  2 ITS) (20-JAN-2001)      
  PAV=   270.7  BARSA  WCT=0.001 GOR=   184.00  SM3/SM3 WGR=   0.0000  SM3/SM3   
 STEP  103 TIME=    390.00  DAYS (    +5.0  DAYS MAXS  2 ITS) (25-JAN-2001)      
  PAV=   270.0  BARSA  WCT=0.001 GOR=   184.00  SM3/SM3 WGR=   0.0000  SM3/SM3   
 STEP  104 TIME=    393.50  DAYS (    +3.5  DAYS HALF  2 ITS) (28-JAN-2001)      
  PAV=   269.5  BARSA  WCT=0.001 GOR=   184.00  SM3/SM3 WGR=   0.0000  SM3/SM3   
 STEP  105 TIME=    397.00  DAYS (    +3.5  DAYS REPT  2 ITS) (1-FEB-2001)       
  PAV=   269.1  BARSA  WCT=0.001 GOR=   184.00  SM3/SM3 WGR=   0.0000  SM3/SM3   
   295 READING WCONHIST
   296 READING DATES   
 STEP  106 TIME=    398.00  DAYS (    +1.0  DAYS MAXW  2 ITS) (2-FEB-2001)       
  PAV=   269.1  BARSA  WCT=0.001 GOR=   184.00  SM3/SM3 WGR=   0.0000  SM3/SM3   
 STEP  107 TIME=    401.00  DAYS (    +3.0  DAYS MAXF  1 ITS) (5-FEB-2001)       
  PAV=   269.0  BARSA  WCT=0.001 GOR=   184.00  SM3/SM3 WGR=   0.0000  SM3/SM3   
 STEP  108 TIME=    406.00  DAYS (    +5.0  DAYS MAXS  2 ITS) (10-FEB-2001)      
  PAV=   268.9  BARSA  WCT=0.001 GOR=   184.00  SM3/SM3 WGR=   0.0000  SM3/SM3   
 STEP  109 TIME=    411.00  DAYS (    +5.0  DAYS MAXS  2 ITS) (15-FEB-2001)      
  PAV=   268.8  BARSA  WCT=0.001 GOR=   184.00  SM3/SM3 WGR=   0.0000  SM3/SM3   
 STEP  110 TIME=    416.00  DAYS (    +5.0  DAYS MAXS  2 ITS) (20-FEB-2001)      
  PAV=   268.6  BARSA  WCT=0.002 GOR=   184.00  SM3/SM3 WGR=   0.0000  SM3/SM3   
 STEP  111 TIME=    420.50  DAYS (    +4.5  DAYS HALF  2 ITS) (24-FEB-2001)      
  PAV=   268.4  BARSA  WCT=0.002 GOR=   184.00  SM3/SM3 WGR=   0.0000  SM3/SM3   
 STEP  112 TIME=    425.00  DAYS (    +4.5  DAYS REPT  2 ITS) (1-MAR-2001)       
  PAV=   268.2  BARSA  WCT=0.002 GOR=   184.00  SM3/SM3 WGR=   0.0000  SM3/SM3   
   297 READING WELSPECS
   298 READING COMPORD 
   299 READING COMPDAT 
   300 READING WELSEGS 
   301 READING COMPSEGS
   302 READING WCONHIST
   303 READING WCONINJH

 @--MESSAGE  AT TIME      425.0   DAYS    ( 1-MAR-2001):
 @           OPENING WELL WI_3     AT TIME    425.00   DAYS                  
 @           CONTROLLED BY WATER RATE                                        
   304 READING WRFTPLT 
   305 READING DATES   
 STEP  113 TIME=    426.00  DAYS (    +1.0  DAYS MAXW  2 ITS) (2-MAR-2001)       
  PAV=   268.2  BARSA  WCT=0.004 GOR=   184.00  SM3/SM3 WGR=   0.0000  SM3/SM3   
 STEP  114 TIME=    429.00  DAYS (    +3.0  DAYS MAXF  2 ITS) (5-MAR-2001)       
  PAV=   268.2  BARSA  WCT=0.005 GOR=   184.00  SM3/SM3 WGR=   0.0000  SM3/SM3   
 STEP  115 TIME=    434.00  DAYS (    +5.0  DAYS MAXS  2 ITS) (10-MAR-2001)      
  PAV=   268.2  BARSA  WCT=0.006 GOR=   184.00  SM3/SM3 WGR=   0.0000  SM3/SM3   
 STEP  116 TIME=    439.00  DAYS (    +5.0  DAYS MAXS  2 ITS) (15-MAR-2001)      
  PAV=   268.3  BARSA  WCT=0.008 GOR=   184.00  SM3/SM3 WGR=   0.0000  SM3/SM3   
 STEP  117 TIME=    444.00  DAYS (    +5.0  DAYS MAXS  2 ITS) (20-MAR-2001)      
  PAV=   268.4  BARSA  WCT=0.010 GOR=   184.00  SM3/SM3 WGR=   0.0001  SM3/SM3   
 STEP  118 TIME=    449.00  DAYS (    +5.0  DAYS MAXS  2 ITS) (25-MAR-2001)      
  PAV=   268.5  BARSA  WCT=0.013 GOR=   184.00  SM3/SM3 WGR=   0.0001  SM3/SM3   
 STEP  119 TIME=    452.50  DAYS (    +3.5  DAYS HALF  2 ITS) (28-MAR-2001)      
  PAV=   268.6  BARSA  WCT=0.015 GOR=   184.00  SM3/SM3 WGR=   0.0001  SM3/SM3   
 STEP  120 TIME=    456.00  DAYS (    +3.5  DAYS REPT  2 ITS) (1-APR-2001)       
  PAV=   268.6  BARSA  WCT=0.017 GOR=   184.00  SM3/SM3 WGR=   0.0001  SM3/SM3   
   306 READING WCONHIST
   307 READING WCONINJH
   308 READING DATES   
 STEP  121 TIME=    457.00  DAYS (    +1.0  DAYS MAXW  2 ITS) (2-APR-2001)       
  PAV=   268.6  BARSA  WCT=0.021 GOR=   184.00  SM3/SM3 WGR=   0.0001  SM3/SM3   
 STEP  122 TIME=    460.00  DAYS (    +3.0  DAYS MAXF  2 ITS) (5-APR-2001)       
  PAV=   268.7  BARSA  WCT=0.024 GOR=   184.00  SM3/SM3 WGR=   0.0001  SM3/SM3   
 STEP  123 TIME=    465.00  DAYS (    +5.0  DAYS MAXS  3 ITS) (10-APR-2001)      
  PAV=   268.8  BARSA  WCT=0.029 GOR=   184.00  SM3/SM3 WGR=   0.0002  SM3/SM3   
 STEP  124 TIME=    470.00  DAYS (    +5.0  DAYS MAXS  2 ITS) (15-APR-2001)      
  PAV=   268.8  BARSA  WCT=0.034 GOR=   184.00  SM3/SM3 WGR=   0.0002  SM3/SM3   
 STEP  125 TIME=    475.00  DAYS (    +5.0  DAYS MAXS  3 ITS) (20-APR-2001)      
  PAV=   268.9  BARSA  WCT=0.039 GOR=   184.00  SM3/SM3 WGR=   0.0002  SM3/SM3   
 STEP  126 TIME=    480.00  DAYS (    +5.0  DAYS MAXS  2 ITS) (25-APR-2001)      
  PAV=   269.0  BARSA  WCT=0.043 GOR=   184.00  SM3/SM3 WGR=   0.0002  SM3/SM3   
 STEP  127 TIME=    483.00  DAYS (    +3.0  DAYS HALF  2 ITS) (28-APR-2001)      
  PAV=   269.0  BARSA  WCT=0.046 GOR=   184.00  SM3/SM3 WGR=   0.0003  SM3/SM3   
 STEP  128 TIME=    486.00  DAYS (    +3.0  DAYS REPT  3 ITS) (1-MAY-2001)       
  PAV=   269.1  BARSA  WCT=0.049 GOR=   184.00  SM3/SM3 WGR=   0.0003  SM3/SM3   
   309 READING WCONHIST
   310 READING DATES   
 STEP  129 TIME=    487.00  DAYS (    +1.0  DAYS MAXW  1 ITS) (2-MAY-2001)       
  PAV=   269.1  BARSA  WCT=0.053 GOR=   184.00  SM3/SM3 WGR=   0.0003  SM3/SM3   
 STEP  130 TIME=    490.00  DAYS (    +3.0  DAYS MAXF  2 ITS) (5-MAY-2001)       
  PAV=   269.1  BARSA  WCT=0.056 GOR=   184.00  SM3/SM3 WGR=   0.0003  SM3/SM3   
 STEP  131 TIME=    495.00  DAYS (    +5.0  DAYS MAXS  2 ITS) (10-MAY-2001)      
  PAV=   269.1  BARSA  WCT=0.060 GOR=   184.00  SM3/SM3 WGR=   0.0003  SM3/SM3   
 STEP  132 TIME=    500.00  DAYS (    +5.0  DAYS MAXS  2 ITS) (15-MAY-2001)      
  PAV=   269.2  BARSA  WCT=0.064 GOR=   184.00  SM3/SM3 WGR=   0.0004  SM3/SM3   
 STEP  133 TIME=    505.00  DAYS (    +5.0  DAYS MAXS  2 ITS) (20-MAY-2001)      
  PAV=   269.2  BARSA  WCT=0.068 GOR=   184.00  SM3/SM3 WGR=   0.0004  SM3/SM3   
 STEP  134 TIME=    510.00  DAYS (    +5.0  DAYS MAXS  3 ITS) (25-MAY-2001)      
  PAV=   269.3  BARSA  WCT=0.072 GOR=   184.00  SM3/SM3 WGR=   0.0004  SM3/SM3   
 STEP  135 TIME=    513.50  DAYS (    +3.5  DAYS HALF  1 ITS) (28-MAY-2001)      
  PAV=   269.3  BARSA  WCT=0.074 GOR=   184.00  SM3/SM3 WGR=   0.0004  SM3/SM3   
 STEP  136 TIME=    517.00  DAYS (    +3.5  DAYS REPT  2 ITS) (1-JUN-2001)       
  PAV=   269.4  BARSA  WCT=0.076 GOR=   184.00  SM3/SM3 WGR=   0.0004  SM3/SM3   
   311 READING WCONHIST
   312 READING DATES   
 STEP  137 TIME=    518.00  DAYS (    +1.0  DAYS MAXW  1 ITS) (2-JUN-2001)       
  PAV=   269.4  BARSA  WCT=0.079 GOR=   184.00  SM3/SM3 WGR=   0.0005  SM3/SM3   
 STEP  138 TIME=    521.00  DAYS (    +3.0  DAYS MAXF  2 ITS) (5-JUN-2001)       
  PAV=   269.4  BARSA  WCT=0.081 GOR=   184.00  SM3/SM3 WGR=   0.0005  SM3/SM3   
 STEP  139 TIME=    526.00  DAYS (    +5.0  DAYS MAXS  2 ITS) (10-JUN-2001)      
  PAV=   269.4  BARSA  WCT=0.084 GOR=   184.00  SM3/SM3 WGR=   0.0005  SM3/SM3   
 STEP  140 TIME=    531.00  DAYS (    +5.0  DAYS MAXS  2 ITS) (15-JUN-2001)      
  PAV=   269.5  BARSA  WCT=0.087 GOR=   184.00  SM3/SM3 WGR=   0.0005  SM3/SM3   
 STEP  141 TIME=    536.00  DAYS (    +5.0  DAYS MAXS  2 ITS) (20-JUN-2001)      
  PAV=   269.5  BARSA  WCT=0.090 GOR=   184.00  SM3/SM3 WGR=   0.0005  SM3/SM3   
 STEP  142 TIME=    541.00  DAYS (    +5.0  DAYS MAXS  2 ITS) (25-JUN-2001)      
  PAV=   269.6  BARSA  WCT=0.093 GOR=   184.00  SM3/SM3 WGR=   0.0006  SM3/SM3   
 STEP  143 TIME=    544.00  DAYS (    +3.0  DAYS HALF  1 ITS) (28-JUN-2001)      
  PAV=   269.6  BARSA  WCT=0.094 GOR=   184.00  SM3/SM3 WGR=   0.0006  SM3/SM3   
 STEP  144 TIME=    547.00  DAYS (    +3.0  DAYS REPT  2 ITS) (1-JLY-2001)       
  PAV=   269.6  BARSA  WCT=0.096 GOR=   184.00  SM3/SM3 WGR=   0.0006  SM3/SM3   
   313 READING WCONHIST
   314 READING DATES   
 STEP  145 TIME=    548.00  DAYS (    +1.0  DAYS MAXW  1 ITS) (2-JLY-2001)       
  PAV=   269.7  BARSA  WCT=0.099 GOR=   184.00  SM3/SM3 WGR=   0.0006  SM3/SM3   
 STEP  146 TIME=    551.00  DAYS (    +3.0  DAYS MAXF  1 ITS) (5-JLY-2001)       
  PAV=   269.7  BARSA  WCT=0.101 GOR=   184.00  SM3/SM3 WGR=   0.0006  SM3/SM3   
 STEP  147 TIME=    556.00  DAYS (    +5.0  DAYS MAXS  2 ITS) (10-JLY-2001)      
  PAV=   269.7  BARSA  WCT=0.103 GOR=   184.00  SM3/SM3 WGR=   0.0006  SM3/SM3   
 STEP  148 TIME=    561.00  DAYS (    +5.0  DAYS MAXS  2 ITS) (15-JLY-2001)      
  PAV=   269.8  BARSA  WCT=0.106 GOR=   184.00  SM3/SM3 WGR=   0.0006  SM3/SM3   
 STEP  149 TIME=    566.00  DAYS (    +5.0  DAYS MAXS  2 ITS) (20-JLY-2001)      
  PAV=   269.9  BARSA  WCT=0.109 GOR=   184.00  SM3/SM3 WGR=   0.0007  SM3/SM3   
 STEP  150 TIME=    571.00  DAYS (    +5.0  DAYS MAXS  2 ITS) (25-JLY-2001)      
  PAV=   269.9  BARSA  WCT=0.111 GOR=   184.00  SM3/SM3 WGR=   0.0007  SM3/SM3   
 STEP  151 TIME=    574.50  DAYS (    +3.5  DAYS HALF  2 ITS) (28-JLY-2001)      
  PAV=   270.0  BARSA  WCT=0.113 GOR=   184.00  SM3/SM3 WGR=   0.0007  SM3/SM3   
 STEP  152 TIME=    578.00  DAYS (    +3.5  DAYS REPT  2 ITS) (1-AUG-2001)       
  PAV=   270.0  BARSA  WCT=0.115 GOR=   184.00  SM3/SM3 WGR=   0.0007  SM3/SM3   
   315 READING WCONHIST
   316 READING DATES   
 STEP  153 TIME=    579.00  DAYS (    +1.0  DAYS MAXW  1 ITS) (2-AUG-2001)       
  PAV=   270.0  BARSA  WCT=0.117 GOR=   184.00  SM3/SM3 WGR=   0.0007  SM3/SM3   
 STEP  154 TIME=    582.00  DAYS (    +3.0  DAYS MAXF  2 ITS) (5-AUG-2001)       
  PAV=   270.0  BARSA  WCT=0.119 GOR=   184.00  SM3/SM3 WGR=   0.0007  SM3/SM3   
 STEP  155 TIME=    587.00  DAYS (    +5.0  DAYS MAXS  2 ITS) (10-AUG-2001)      
  PAV=   270.1  BARSA  WCT=0.121 GOR=   184.00  SM3/SM3 WGR=   0.0008  SM3/SM3   
 STEP  156 TIME=    592.00  DAYS (    +5.0  DAYS MAXS  2 ITS) (15-AUG-2001)      
  PAV=   270.1  BARSA  WCT=0.124 GOR=   184.00  SM3/SM3 WGR=   0.0008  SM3/SM3   
 STEP  157 TIME=    597.00  DAYS (    +5.0  DAYS MAXS  2 ITS) (20-AUG-2001)      
  PAV=   270.2  BARSA  WCT=0.126 GOR=   184.00  SM3/SM3 WGR=   0.0008  SM3/SM3   
 STEP  158 TIME=    602.00  DAYS (    +5.0  DAYS MAXS  2 ITS) (25-AUG-2001)      
  PAV=   270.2  BARSA  WCT=0.129 GOR=   184.00  SM3/SM3 WGR=   0.0008  SM3/SM3   
 STEP  159 TIME=    605.50  DAYS (    +3.5  DAYS HALF  1 ITS) (28-AUG-2001)      
  PAV=   270.3  BARSA  WCT=0.131 GOR=   184.00  SM3/SM3 WGR=   0.0008  SM3/SM3   
 STEP  160 TIME=    609.00  DAYS (    +3.5  DAYS REPT  2 ITS) (1-SEP-2001)       
  PAV=   270.3  BARSA  WCT=0.132 GOR=   184.00  SM3/SM3 WGR=   0.0008  SM3/SM3   
   317 READING WCONHIST
   318 READING DATES   
 STEP  161 TIME=    610.00  DAYS (    +1.0  DAYS MAXW  1 ITS) (2-SEP-2001)       
  PAV=   270.3  BARSA  WCT=0.135 GOR=   184.00  SM3/SM3 WGR=   0.0008  SM3/SM3   
 STEP  162 TIME=    613.00  DAYS (    +3.0  DAYS MAXF  1 ITS) (5-SEP-2001)       
  PAV=   270.3  BARSA  WCT=0.136 GOR=   184.00  SM3/SM3 WGR=   0.0009  SM3/SM3   
 STEP  163 TIME=    618.00  DAYS (    +5.0  DAYS MAXS  2 ITS) (10-SEP-2001)      
  PAV=   270.4  BARSA  WCT=0.139 GOR=   184.00  SM3/SM3 WGR=   0.0009  SM3/SM3   
 STEP  164 TIME=    623.00  DAYS (    +5.0  DAYS MAXS  2 ITS) (15-SEP-2001)      
  PAV=   270.5  BARSA  WCT=0.142 GOR=   184.00  SM3/SM3 WGR=   0.0009  SM3/SM3   
 STEP  165 TIME=    628.00  DAYS (    +5.0  DAYS MAXS  2 ITS) (20-SEP-2001)      
  PAV=   270.5  BARSA  WCT=0.144 GOR=   184.00  SM3/SM3 WGR=   0.0009  SM3/SM3   
 STEP  166 TIME=    633.00  DAYS (    +5.0  DAYS MAXS  2 ITS) (25-SEP-2001)      
  PAV=   270.6  BARSA  WCT=0.147 GOR=   184.00  SM3/SM3 WGR=   0.0009  SM3/SM3   
 STEP  167 TIME=    636.00  DAYS (    +3.0  DAYS HALF  2 ITS) (28-SEP-2001)      
  PAV=   270.6  BARSA  WCT=0.148 GOR=   184.00  SM3/SM3 WGR=   0.0009  SM3/SM3   
 STEP  168 TIME=    639.00  DAYS (    +3.0  DAYS REPT  1 ITS) (1-OCT-2001)       
  PAV=   270.6  BARSA  WCT=0.150 GOR=   184.00  SM3/SM3 WGR=   0.0010  SM3/SM3   
   319 READING WCONHIST
   320 READING DATES   
 STEP  169 TIME=    640.00  DAYS (    +1.0  DAYS MAXW  1 ITS) (2-OCT-2001)       
  PAV=   270.6  BARSA  WCT=0.153 GOR=   184.00  SM3/SM3 WGR=   0.0010  SM3/SM3   
 STEP  170 TIME=    643.00  DAYS (    +3.0  DAYS MAXF  1 ITS) (5-OCT-2001)       
  PAV=   270.7  BARSA  WCT=0.155 GOR=   184.00  SM3/SM3 WGR=   0.0010  SM3/SM3   
 STEP  171 TIME=    648.00  DAYS (    +5.0  DAYS MAXS  2 ITS) (10-OCT-2001)      
  PAV=   270.7  BARSA  WCT=0.157 GOR=   184.00  SM3/SM3 WGR=   0.0010  SM3/SM3   
 STEP  172 TIME=    653.00  DAYS (    +5.0  DAYS MAXS  2 ITS) (15-OCT-2001)      
  PAV=   270.8  BARSA  WCT=0.160 GOR=   184.00  SM3/SM3 WGR=   0.0010  SM3/SM3   
 STEP  173 TIME=    658.00  DAYS (    +5.0  DAYS MAXS  2 ITS) (20-OCT-2001)      
  PAV=   270.8  BARSA  WCT=0.163 GOR=   184.00  SM3/SM3 WGR=   0.0011  SM3/SM3   
 STEP  174 TIME=    663.00  DAYS (    +5.0  DAYS MAXS  2 ITS) (25-OCT-2001)      
  PAV=   270.9  BARSA  WCT=0.166 GOR=   184.00  SM3/SM3 WGR=   0.0011  SM3/SM3   
 STEP  175 TIME=    666.50  DAYS (    +3.5  DAYS HALF  1 ITS) (28-OCT-2001)      
  PAV=   270.9  BARSA  WCT=0.168 GOR=   184.00  SM3/SM3 WGR=   0.0011  SM3/SM3   
 STEP  176 TIME=    670.00  DAYS (    +3.5  DAYS REPT  1 ITS) (1-NOV-2001)       
  PAV=   271.0  BARSA  WCT=0.170 GOR=   184.00  SM3/SM3 WGR=   0.0011  SM3/SM3   
   321 READING WCONHIST
   322 READING DATES   
 STEP  177 TIME=    671.00  DAYS (    +1.0  DAYS MAXW  1 ITS) (2-NOV-2001)       
  PAV=   271.0  BARSA  WCT=0.173 GOR=   184.00  SM3/SM3 WGR=   0.0011  SM3/SM3   
 STEP  178 TIME=    674.00  DAYS (    +3.0  DAYS MAXF  2 ITS) (5-NOV-2001)       
  PAV=   271.0  BARSA  WCT=0.174 GOR=   184.00  SM3/SM3 WGR=   0.0011  SM3/SM3   
 STEP  179 TIME=    679.00  DAYS (    +5.0  DAYS MAXS  2 ITS) (10-NOV-2001)      
  PAV=   271.1  BARSA  WCT=0.177 GOR=   184.00  SM3/SM3 WGR=   0.0012  SM3/SM3   
 STEP  180 TIME=    684.00  DAYS (    +5.0  DAYS MAXS  2 ITS) (15-NOV-2001)      
  PAV=   271.1  BARSA  WCT=0.180 GOR=   184.00  SM3/SM3 WGR=   0.0012  SM3/SM3   
 STEP  181 TIME=    689.00  DAYS (    +5.0  DAYS MAXS  2 ITS) (20-NOV-2001)      
  PAV=   271.2  BARSA  WCT=0.183 GOR=   184.00  SM3/SM3 WGR=   0.0012  SM3/SM3   
 STEP  182 TIME=    694.00  DAYS (    +5.0  DAYS MAXS  2 ITS) (25-NOV-2001)      
  PAV=   271.2  BARSA  WCT=0.185 GOR=   184.00  SM3/SM3 WGR=   0.0012  SM3/SM3   
 STEP  183 TIME=    697.00  DAYS (    +3.0  DAYS HALF  1 ITS) (28-NOV-2001)      
  PAV=   271.2  BARSA  WCT=0.187 GOR=   184.00  SM3/SM3 WGR=   0.0013  SM3/SM3   
 STEP  184 TIME=    700.00  DAYS (    +3.0  DAYS REPT  1 ITS) (1-DEC-2001)       
  PAV=   271.3  BARSA  WCT=0.189 GOR=   184.00  SM3/SM3 WGR=   0.0013  SM3/SM3   
   323 READING WCONHIST
   324 READING DATES   
 STEP  185 TIME=    701.00  DAYS (    +1.0  DAYS MAXW  1 ITS) (2-DEC-2001)       
  PAV=   271.3  BARSA  WCT=0.191 GOR=   184.00  SM3/SM3 WGR=   0.0013  SM3/SM3   
 STEP  186 TIME=    704.00  DAYS (    +3.0  DAYS MAXF  1 ITS) (5-DEC-2001)       
  PAV=   271.3  BARSA  WCT=0.192 GOR=   184.00  SM3/SM3 WGR=   0.0013  SM3/SM3   
 STEP  187 TIME=    709.00  DAYS (    +5.0  DAYS MAXS  2 ITS) (10-DEC-2001)      
  PAV=   271.4  BARSA  WCT=0.195 GOR=   184.00  SM3/SM3 WGR=   0.0013  SM3/SM3   
 STEP  188 TIME=    714.00  DAYS (    +5.0  DAYS MAXS  2 ITS) (15-DEC-2001)      
  PAV=   271.4  BARSA  WCT=0.198 GOR=   184.00  SM3/SM3 WGR=   0.0013  SM3/SM3   
 STEP  189 TIME=    719.00  DAYS (    +5.0  DAYS MAXS  2 ITS) (20-DEC-2001)      
  PAV=   271.5  BARSA  WCT=0.200 GOR=   184.00  SM3/SM3 WGR=   0.0014  SM3/SM3   
 STEP  190 TIME=    724.00  DAYS (    +5.0  DAYS MAXS  2 ITS) (25-DEC-2001)      
  PAV=   271.5  BARSA  WCT=0.202 GOR=   184.00  SM3/SM3 WGR=   0.0014  SM3/SM3   
 STEP  191 TIME=    727.50  DAYS (    +3.5  DAYS HALF  2 ITS) (28-DEC-2001)      
  PAV=   271.5  BARSA  WCT=0.204 GOR=   184.00  SM3/SM3 WGR=   0.0014  SM3/SM3   
 STEP  192 TIME=    731.00  DAYS (    +3.5  DAYS REPT  2 ITS) (1-JAN-2002)       
  PAV=   271.6  BARSA  WCT=0.206 GOR=   184.00  SM3/SM3 WGR=   0.0014  SM3/SM3   

 @--MESSAGE  AT TIME      731.0   DAYS    ( 1-JAN-2002):
 @           RESTART FILE WRITTEN   REPORT    24                             
 @           RESTART INCLUDES FLUIDS IN PLACE                                
   325 READING WCONHIST
   326 READING DATES   
 STEP  193 TIME=    732.00  DAYS (    +1.0  DAYS MAXW  1 ITS) (2-JAN-2002)       
  PAV=   271.6  BARSA  WCT=0.208 GOR=   184.00  SM3/SM3 WGR=   0.0014  SM3/SM3   
 STEP  194 TIME=    735.00  DAYS (    +3.0  DAYS MAXF  1 ITS) (5-JAN-2002)       
  PAV=   271.6  BARSA  WCT=0.209 GOR=   184.00  SM3/SM3 WGR=   0.0014  SM3/SM3   
 STEP  195 TIME=    740.00  DAYS (    +5.0  DAYS MAXS  2 ITS) (10-JAN-2002)      
  PAV=   271.6  BARSA  WCT=0.211 GOR=   184.00  SM3/SM3 WGR=   0.0015  SM3/SM3   
 STEP  196 TIME=    745.00  DAYS (    +5.0  DAYS MAXS  2 ITS) (15-JAN-2002)      
  PAV=   271.7  BARSA  WCT=0.213 GOR=   184.00  SM3/SM3 WGR=   0.0015  SM3/SM3   
 STEP  197 TIME=    750.00  DAYS (    +5.0  DAYS MAXS  2 ITS) (20-JAN-2002)      
  PAV=   271.7  BARSA  WCT=0.215 GOR=   184.00  SM3/SM3 WGR=   0.0015  SM3/SM3   
 STEP  198 TIME=    755.00  DAYS (    +5.0  DAYS MAXS  2 ITS) (25-JAN-2002)      
  PAV=   271.8  BARSA  WCT=0.217 GOR=   184.00  SM3/SM3 WGR=   0.0015  SM3/SM3   
 STEP  199 TIME=    758.50  DAYS (    +3.5  DAYS HALF  2 ITS) (28-JAN-2002)      
  PAV=   271.8  BARSA  WCT=0.219 GOR=   184.00  SM3/SM3 WGR=   0.0015  SM3/SM3   
 STEP  200 TIME=    762.00  DAYS (    +3.5  DAYS REPT  2 ITS) (1-FEB-2002)       
  PAV=   271.8  BARSA  WCT=0.220 GOR=   184.00  SM3/SM3 WGR=   0.0015  SM3/SM3   
   327 READING WCONHIST
   328 READING DATES   
 STEP  201 TIME=    763.00  DAYS (    +1.0  DAYS MAXW  1 ITS) (2-FEB-2002)       
  PAV=   271.8  BARSA  WCT=0.222 GOR=   184.00  SM3/SM3 WGR=   0.0016  SM3/SM3   
 STEP  202 TIME=    766.00  DAYS (    +3.0  DAYS MAXF  1 ITS) (5-FEB-2002)       
  PAV=   271.8  BARSA  WCT=0.224 GOR=   184.00  SM3/SM3 WGR=   0.0016  SM3/SM3   
 STEP  203 TIME=    771.00  DAYS (    +5.0  DAYS MAXS  2 ITS) (10-FEB-2002)      
  PAV=   271.9  BARSA  WCT=0.225 GOR=   184.00  SM3/SM3 WGR=   0.0016  SM3/SM3   
 STEP  204 TIME=    776.00  DAYS (    +5.0  DAYS MAXS  2 ITS) (15-FEB-2002)      
  PAV=   271.9  BARSA  WCT=0.227 GOR=   184.00  SM3/SM3 WGR=   0.0016  SM3/SM3   
 STEP  205 TIME=    781.00  DAYS (    +5.0  DAYS MAXS  2 ITS) (20-FEB-2002)      
  PAV=   272.0  BARSA  WCT=0.229 GOR=   184.00  SM3/SM3 WGR=   0.0016  SM3/SM3   
 STEP  206 TIME=    785.50  DAYS (    +4.5  DAYS HALF  2 ITS) (24-FEB-2002)      
  PAV=   272.0  BARSA  WCT=0.231 GOR=   184.00  SM3/SM3 WGR=   0.0016  SM3/SM3   
 STEP  207 TIME=    790.00  DAYS (    +4.5  DAYS REPT  2 ITS) (1-MAR-2002)       
  PAV=   272.0  BARSA  WCT=0.233 GOR=   184.00  SM3/SM3 WGR=   0.0016  SM3/SM3   
   329 READING WCONHIST
   330 READING DATES   
 STEP  208 TIME=    791.00  DAYS (    +1.0  DAYS MAXW  1 ITS) (2-MAR-2002)       
  PAV=   272.0  BARSA  WCT=0.235 GOR=   184.00  SM3/SM3 WGR=   0.0017  SM3/SM3   
 STEP  209 TIME=    794.00  DAYS (    +3.0  DAYS MAXF  2 ITS) (5-MAR-2002)       
  PAV=   272.1  BARSA  WCT=0.236 GOR=   184.00  SM3/SM3 WGR=   0.0017  SM3/SM3   
 STEP  210 TIME=    799.00  DAYS (    +5.0  DAYS MAXS  2 ITS) (10-MAR-2002)      
  PAV=   272.1  BARSA  WCT=0.238 GOR=   184.00  SM3/SM3 WGR=   0.0017  SM3/SM3   
 STEP  211 TIME=    804.00  DAYS (    +5.0  DAYS MAXS  2 ITS) (15-MAR-2002)      
  PAV=   272.1  BARSA  WCT=0.240 GOR=   184.00  SM3/SM3 WGR=   0.0017  SM3/SM3   
 STEP  212 TIME=    809.00  DAYS (    +5.0  DAYS MAXS  2 ITS) (20-MAR-2002)      
  PAV=   272.2  BARSA  WCT=0.241 GOR=   184.00  SM3/SM3 WGR=   0.0017  SM3/SM3   
 STEP  213 TIME=    814.00  DAYS (    +5.0  DAYS MAXS  2 ITS) (25-MAR-2002)      
  PAV=   272.2  BARSA  WCT=0.243 GOR=   184.00  SM3/SM3 WGR=   0.0017  SM3/SM3   
 STEP  214 TIME=    817.50  DAYS (    +3.5  DAYS HALF  2 ITS) (28-MAR-2002)      
  PAV=   272.2  BARSA  WCT=0.244 GOR=   184.00  SM3/SM3 WGR=   0.0018  SM3/SM3   
 STEP  215 TIME=    821.00  DAYS (    +3.5  DAYS REPT  2 ITS) (1-APR-2002)       
  PAV=   272.3  BARSA  WCT=0.246 GOR=   184.00  SM3/SM3 WGR=   0.0018  SM3/SM3   
   331 READING WCONHIST
   332 READING DATES   
 STEP  216 TIME=    822.00  DAYS (    +1.0  DAYS MAXW  1 ITS) (2-APR-2002)       
  PAV=   272.3  BARSA  WCT=0.248 GOR=   184.00  SM3/SM3 WGR=   0.0018  SM3/SM3   
 STEP  217 TIME=    825.00  DAYS (    +3.0  DAYS MAXF  2 ITS) (5-APR-2002)       
  PAV=   272.3  BARSA  WCT=0.249 GOR=   184.00  SM3/SM3 WGR=   0.0018  SM3/SM3   
 STEP  218 TIME=    830.00  DAYS (    +5.0  DAYS MAXS  2 ITS) (10-APR-2002)      
  PAV=   272.3  BARSA  WCT=0.251 GOR=   184.00  SM3/SM3 WGR=   0.0018  SM3/SM3   
 STEP  219 TIME=    835.00  DAYS (    +5.0  DAYS MAXS  2 ITS) (15-APR-2002)      
  PAV=   272.4  BARSA  WCT=0.252 GOR=   184.00  SM3/SM3 WGR=   0.0018  SM3/SM3   
 STEP  220 TIME=    840.00  DAYS (    +5.0  DAYS MAXS  2 ITS) (20-APR-2002)      
  PAV=   272.4  BARSA  WCT=0.254 GOR=   184.00  SM3/SM3 WGR=   0.0018  SM3/SM3   
 STEP  221 TIME=    845.00  DAYS (    +5.0  DAYS MAXS  2 ITS) (25-APR-2002)      
  PAV=   272.5  BARSA  WCT=0.255 GOR=   184.00  SM3/SM3 WGR=   0.0019  SM3/SM3   
 STEP  222 TIME=    848.00  DAYS (    +3.0  DAYS HALF  2 ITS) (28-APR-2002)      
  PAV=   272.5  BARSA  WCT=0.256 GOR=   184.00  SM3/SM3 WGR=   0.0019  SM3/SM3   
 STEP  223 TIME=    851.00  DAYS (    +3.0  DAYS REPT  2 ITS) (1-MAY-2002)       
  PAV=   272.5  BARSA  WCT=0.257 GOR=   184.00  SM3/SM3 WGR=   0.0019  SM3/SM3   
   333 READING WCONHIST
   334 READING DATES   
 STEP  224 TIME=    852.00  DAYS (    +1.0  DAYS MAXW  1 ITS) (2-MAY-2002)       
  PAV=   272.5  BARSA  WCT=0.260 GOR=   184.00  SM3/SM3 WGR=   0.0019  SM3/SM3   
 STEP  225 TIME=    855.00  DAYS (    +3.0  DAYS MAXF  1 ITS) (5-MAY-2002)       
  PAV=   272.5  BARSA  WCT=0.260 GOR=   184.00  SM3/SM3 WGR=   0.0019  SM3/SM3   
 STEP  226 TIME=    860.00  DAYS (    +5.0  DAYS MAXS  2 ITS) (10-MAY-2002)      
  PAV=   272.6  BARSA  WCT=0.262 GOR=   184.00  SM3/SM3 WGR=   0.0019  SM3/SM3   
 STEP  227 TIME=    865.00  DAYS (    +5.0  DAYS MAXS  2 ITS) (15-MAY-2002)      
  PAV=   272.6  BARSA  WCT=0.263 GOR=   184.00  SM3/SM3 WGR=   0.0019  SM3/SM3   
 STEP  228 TIME=    870.00  DAYS (    +5.0  DAYS MAXS  2 ITS) (20-MAY-2002)      
  PAV=   272.6  BARSA  WCT=0.265 GOR=   184.00  SM3/SM3 WGR=   0.0020  SM3/SM3   
 STEP  229 TIME=    875.00  DAYS (    +5.0  DAYS MAXS  2 ITS) (25-MAY-2002)      
  PAV=   272.7  BARSA  WCT=0.266 GOR=   184.00  SM3/SM3 WGR=   0.0020  SM3/SM3   
 STEP  230 TIME=    878.50  DAYS (    +3.5  DAYS HALF  2 ITS) (28-MAY-2002)      
  PAV=   272.7  BARSA  WCT=0.267 GOR=   184.00  SM3/SM3 WGR=   0.0020  SM3/SM3   
 STEP  231 TIME=    882.00  DAYS (    +3.5  DAYS REPT  2 ITS) (1-JUN-2002)       
  PAV=   272.7  BARSA  WCT=0.268 GOR=   184.00  SM3/SM3 WGR=   0.0020  SM3/SM3   
   335 READING WCONHIST
   336 READING DATES   
 STEP  232 TIME=    883.00  DAYS (    +1.0  DAYS MAXW  1 ITS) (2-JUN-2002)       
  PAV=   272.7  BARSA  WCT=0.269 GOR=   184.00  SM3/SM3 WGR=   0.0020  SM3/SM3   
 STEP  233 TIME=    886.00  DAYS (    +3.0  DAYS MAXF  2 ITS) (5-JUN-2002)       
  PAV=   272.8  BARSA  WCT=0.270 GOR=   184.00  SM3/SM3 WGR=   0.0020  SM3/SM3   
 STEP  234 TIME=    891.00  DAYS (    +5.0  DAYS MAXS  2 ITS) (10-JUN-2002)      
  PAV=   272.8  BARSA  WCT=0.271 GOR=   184.00  SM3/SM3 WGR=   0.0020  SM3/SM3   
 STEP  235 TIME=    896.00  DAYS (    +5.0  DAYS MAXS  2 ITS) (15-JUN-2002)      
  PAV=   272.8  BARSA  WCT=0.273 GOR=   184.00  SM3/SM3 WGR=   0.0020  SM3/SM3   
 STEP  236 TIME=    901.00  DAYS (    +5.0  DAYS MAXS  2 ITS) (20-JUN-2002)      
  PAV=   272.8  BARSA  WCT=0.274 GOR=   184.00  SM3/SM3 WGR=   0.0021  SM3/SM3   
 STEP  237 TIME=    906.00  DAYS (    +5.0  DAYS MAXS  2 ITS) (25-JUN-2002)      
  PAV=   272.9  BARSA  WCT=0.275 GOR=   184.00  SM3/SM3 WGR=   0.0021  SM3/SM3   
 STEP  238 TIME=    909.00  DAYS (    +3.0  DAYS HALF  2 ITS) (28-JUN-2002)      
  PAV=   272.9  BARSA  WCT=0.276 GOR=   184.00  SM3/SM3 WGR=   0.0021  SM3/SM3   
 STEP  239 TIME=    912.00  DAYS (    +3.0  DAYS REPT  2 ITS) (1-JLY-2002)       
  PAV=   272.9  BARSA  WCT=0.277 GOR=   184.00  SM3/SM3 WGR=   0.0021  SM3/SM3   
   337 READING WCONHIST
   338 READING DATES   
 STEP  240 TIME=    913.00  DAYS (    +1.0  DAYS MAXW  1 ITS) (2-JLY-2002)       
  PAV=   272.9  BARSA  WCT=0.278 GOR=   184.00  SM3/SM3 WGR=   0.0021  SM3/SM3   
 STEP  241 TIME=    916.00  DAYS (    +3.0  DAYS MAXF  1 ITS) (5-JLY-2002)       
  PAV=   272.9  BARSA  WCT=0.279 GOR=   184.00  SM3/SM3 WGR=   0.0021  SM3/SM3   
 STEP  242 TIME=    921.00  DAYS (    +5.0  DAYS MAXS  2 ITS) (10-JLY-2002)      
  PAV=   273.0  BARSA  WCT=0.280 GOR=   184.00  SM3/SM3 WGR=   0.0021  SM3/SM3   
 STEP  243 TIME=    926.00  DAYS (    +5.0  DAYS MAXS  2 ITS) (15-JLY-2002)      
  PAV=   273.0  BARSA  WCT=0.281 GOR=   184.00  SM3/SM3 WGR=   0.0021  SM3/SM3   
 STEP  244 TIME=    931.00  DAYS (    +5.0  DAYS MAXS  2 ITS) (20-JLY-2002)      
  PAV=   273.0  BARSA  WCT=0.282 GOR=   184.00  SM3/SM3 WGR=   0.0021  SM3/SM3   
 STEP  245 TIME=    936.00  DAYS (    +5.0  DAYS MAXS  2 ITS) (25-JLY-2002)      
  PAV=   273.1  BARSA  WCT=0.284 GOR=   184.00  SM3/SM3 WGR=   0.0022  SM3/SM3   
 STEP  246 TIME=    939.50  DAYS (    +3.5  DAYS HALF  2 ITS) (28-JLY-2002)      
  PAV=   273.1  BARSA  WCT=0.284 GOR=   184.00  SM3/SM3 WGR=   0.0022  SM3/SM3   
 STEP  247 TIME=    943.00  DAYS (    +3.5  DAYS REPT  2 ITS) (1-AUG-2002)       
  PAV=   273.1  BARSA  WCT=0.285 GOR=   184.00  SM3/SM3 WGR=   0.0022  SM3/SM3   
   339 READING WCONHIST
   340 READING DATES   
 STEP  248 TIME=    944.00  DAYS (    +1.0  DAYS MAXW  1 ITS) (2-AUG-2002)       
  PAV=   273.1  BARSA  WCT=0.288 GOR=   184.00  SM3/SM3 WGR=   0.0022  SM3/SM3   
 STEP  249 TIME=    947.00  DAYS (    +3.0  DAYS MAXF  2 ITS) (5-AUG-2002)       
  PAV=   273.1  BARSA  WCT=0.288 GOR=   184.00  SM3/SM3 WGR=   0.0022  SM3/SM3   
 STEP  250 TIME=    952.00  DAYS (    +5.0  DAYS MAXS  3 ITS) (10-AUG-2002)      
  PAV=   273.2  BARSA  WCT=0.289 GOR=   184.00  SM3/SM3 WGR=   0.0022  SM3/SM3   
 STEP  251 TIME=    957.00  DAYS (    +5.0  DAYS MAXS  2 ITS) (15-AUG-2002)      
  PAV=   273.2  BARSA  WCT=0.290 GOR=   184.00  SM3/SM3 WGR=   0.0022  SM3/SM3   
 STEP  252 TIME=    962.00  DAYS (    +5.0  DAYS MAXS  2 ITS) (20-AUG-2002)      
  PAV=   273.2  BARSA  WCT=0.292 GOR=   184.00  SM3/SM3 WGR=   0.0022  SM3/SM3   
 STEP  253 TIME=    967.00  DAYS (    +5.0  DAYS MAXS  3 ITS) (25-AUG-2002)      
  PAV=   273.3  BARSA  WCT=0.293 GOR=   184.00  SM3/SM3 WGR=   0.0022  SM3/SM3   
 STEP  254 TIME=    970.50  DAYS (    +3.5  DAYS HALF  2 ITS) (28-AUG-2002)      
  PAV=   273.3  BARSA  WCT=0.293 GOR=   184.00  SM3/SM3 WGR=   0.0023  SM3/SM3   
 STEP  255 TIME=    974.00  DAYS (    +3.5  DAYS REPT  2 ITS) (1-SEP-2002)       
  PAV=   273.3  BARSA  WCT=0.294 GOR=   184.00  SM3/SM3 WGR=   0.0023  SM3/SM3   
   341 READING WCONHIST
   342 READING DATES   
 STEP  256 TIME=    975.00  DAYS (    +1.0  DAYS MAXW  1 ITS) (2-SEP-2002)       
  PAV=   273.3  BARSA  WCT=0.297 GOR=   184.00  SM3/SM3 WGR=   0.0023  SM3/SM3   
 STEP  257 TIME=    978.00  DAYS (    +3.0  DAYS MAXF  2 ITS) (5-SEP-2002)       
  PAV=   273.4  BARSA  WCT=0.298 GOR=   184.00  SM3/SM3 WGR=   0.0023  SM3/SM3   
 STEP  258 TIME=    983.00  DAYS (    +5.0  DAYS MAXS  2 ITS) (10-SEP-2002)      
  PAV=   273.4  BARSA  WCT=0.299 GOR=   184.00  SM3/SM3 WGR=   0.0023  SM3/SM3   
 STEP  259 TIME=    988.00  DAYS (    +5.0  DAYS MAXS  3 ITS) (15-SEP-2002)      
  PAV=   273.5  BARSA  WCT=0.300 GOR=   184.00  SM3/SM3 WGR=   0.0023  SM3/SM3   
 STEP  260 TIME=    993.00  DAYS (    +5.0  DAYS MAXS  2 ITS) (20-SEP-2002)      
  PAV=   273.5  BARSA  WCT=0.301 GOR=   184.00  SM3/SM3 WGR=   0.0023  SM3/SM3   
 STEP  261 TIME=    998.00  DAYS (    +5.0  DAYS MAXS  2 ITS) (25-SEP-2002)      
  PAV=   273.5  BARSA  WCT=0.302 GOR=   184.00  SM3/SM3 WGR=   0.0024  SM3/SM3   
 STEP  262 TIME=   1001.00  DAYS (    +3.0  DAYS HALF  2 ITS) (28-SEP-2002)      
  PAV=   273.6  BARSA  WCT=0.303 GOR=   184.00  SM3/SM3 WGR=   0.0024  SM3/SM3   
 STEP  263 TIME=   1004.00  DAYS (    +3.0  DAYS REPT  2 ITS) (1-OCT-2002)       
  PAV=   273.6  BARSA  WCT=0.304 GOR=   184.00  SM3/SM3 WGR=   0.0024  SM3/SM3   
   343 READING WCONHIST
   344 READING DATES   
 STEP  264 TIME=   1005.00  DAYS (    +1.0  DAYS MAXW  1 ITS) (2-OCT-2002)       
  PAV=   273.6  BARSA  WCT=0.308 GOR=   184.00  SM3/SM3 WGR=   0.0024  SM3/SM3   
 STEP  265 TIME=   1008.00  DAYS (    +3.0  DAYS MAXF  2 ITS) (5-OCT-2002)       
  PAV=   273.6  BARSA  WCT=0.308 GOR=   184.00  SM3/SM3 WGR=   0.0024  SM3/SM3   
 STEP  266 TIME=   1013.00  DAYS (    +5.0  DAYS MAXS  2 ITS) (10-OCT-2002)      
  PAV=   273.7  BARSA  WCT=0.309 GOR=   184.00  SM3/SM3 WGR=   0.0024  SM3/SM3   
 STEP  267 TIME=   1018.00  DAYS (    +5.0  DAYS MAXS  2 ITS) (15-OCT-2002)      
  PAV=   273.8  BARSA  WCT=0.310 GOR=   184.00  SM3/SM3 WGR=   0.0024  SM3/SM3   
 STEP  268 TIME=   1023.00  DAYS (    +5.0  DAYS MAXS  2 ITS) (20-OCT-2002)      
  PAV=   273.8  BARSA  WCT=0.311 GOR=   184.00  SM3/SM3 WGR=   0.0025  SM3/SM3   
 STEP  269 TIME=   1028.00  DAYS (    +5.0  DAYS MAXS  2 ITS) (25-OCT-2002)      
  PAV=   273.9  BARSA  WCT=0.312 GOR=   184.00  SM3/SM3 WGR=   0.0025  SM3/SM3   
 STEP  270 TIME=   1031.50  DAYS (    +3.5  DAYS HALF  2 ITS) (28-OCT-2002)      
  PAV=   273.9  BARSA  WCT=0.313 GOR=   184.00  SM3/SM3 WGR=   0.0025  SM3/SM3   
 STEP  271 TIME=   1035.00  DAYS (    +3.5  DAYS REPT  2 ITS) (1-NOV-2002)       
  PAV=   274.0  BARSA  WCT=0.314 GOR=   184.00  SM3/SM3 WGR=   0.0025  SM3/SM3   
   345 READING WCONHIST
   346 READING DATES   
 STEP  272 TIME=   1036.00  DAYS (    +1.0  DAYS MAXW  1 ITS) (2-NOV-2002)       
  PAV=   274.0  BARSA  WCT=0.316 GOR=   184.00  SM3/SM3 WGR=   0.0025  SM3/SM3   
 STEP  273 TIME=   1039.00  DAYS (    +3.0  DAYS MAXF  2 ITS) (5-NOV-2002)       
  PAV=   274.0  BARSA  WCT=0.316 GOR=   184.00  SM3/SM3 WGR=   0.0025  SM3/SM3   
 STEP  274 TIME=   1044.00  DAYS (    +5.0  DAYS MAXS  2 ITS) (10-NOV-2002)      
  PAV=   274.1  BARSA  WCT=0.317 GOR=   184.00  SM3/SM3 WGR=   0.0025  SM3/SM3   
 STEP  275 TIME=   1049.00  DAYS (    +5.0  DAYS MAXS  2 ITS) (15-NOV-2002)      
  PAV=   274.1  BARSA  WCT=0.318 GOR=   184.00  SM3/SM3 WGR=   0.0025  SM3/SM3   
 STEP  276 TIME=   1054.00  DAYS (    +5.0  DAYS MAXS  2 ITS) (20-NOV-2002)      
  PAV=   274.2  BARSA  WCT=0.319 GOR=   184.00  SM3/SM3 WGR=   0.0025  SM3/SM3   
 STEP  277 TIME=   1059.00  DAYS (    +5.0  DAYS MAXS  2 ITS) (25-NOV-2002)      
  PAV=   274.2  BARSA  WCT=0.320 GOR=   184.00  SM3/SM3 WGR=   0.0026  SM3/SM3   
 STEP  278 TIME=   1062.00  DAYS (    +3.0  DAYS HALF  1 ITS) (28-NOV-2002)      
  PAV=   274.3  BARSA  WCT=0.321 GOR=   184.00  SM3/SM3 WGR=   0.0026  SM3/SM3   
 STEP  279 TIME=   1065.00  DAYS (    +3.0  DAYS REPT  1 ITS) (1-DEC-2002)       
  PAV=   274.3  BARSA  WCT=0.322 GOR=   184.00  SM3/SM3 WGR=   0.0026  SM3/SM3   
   347 READING WCONHIST
   348 READING WCONINJH
   349 READING DATES   
 STEP  280 TIME=   1066.00  DAYS (    +1.0  DAYS MAXW  1 ITS) (2-DEC-2002)       
  PAV=   274.3  BARSA  WCT=0.322 GOR=   184.00  SM3/SM3 WGR=   0.0026  SM3/SM3   
 STEP  281 TIME=   1069.00  DAYS (    +3.0  DAYS MAXF  1 ITS) (5-DEC-2002)       
  PAV=   274.4  BARSA  WCT=0.323 GOR=   184.00  SM3/SM3 WGR=   0.0026  SM3/SM3   
 STEP  282 TIME=   1074.00  DAYS (    +5.0  DAYS MAXS  2 ITS) (10-DEC-2002)      
  PAV=   274.4  BARSA  WCT=0.324 GOR=   184.00  SM3/SM3 WGR=   0.0026  SM3/SM3   
 STEP  283 TIME=   1079.00  DAYS (    +5.0  DAYS MAXS  2 ITS) (15-DEC-2002)      
  PAV=   274.5  BARSA  WCT=0.324 GOR=   184.00  SM3/SM3 WGR=   0.0026  SM3/SM3   
 STEP  284 TIME=   1084.00  DAYS (    +5.0  DAYS MAXS  2 ITS) (20-DEC-2002)      
  PAV=   274.5  BARSA  WCT=0.325 GOR=   184.00  SM3/SM3 WGR=   0.0026  SM3/SM3   
 STEP  285 TIME=   1089.00  DAYS (    +5.0  DAYS MAXS  2 ITS) (25-DEC-2002)      
  PAV=   274.6  BARSA  WCT=0.326 GOR=   184.00  SM3/SM3 WGR=   0.0026  SM3/SM3   
 STEP  286 TIME=   1092.50  DAYS (    +3.5  DAYS HALF  1 ITS) (28-DEC-2002)      
  PAV=   274.6  BARSA  WCT=0.327 GOR=   184.00  SM3/SM3 WGR=   0.0026  SM3/SM3   
 STEP  287 TIME=   1096.00  DAYS (    +3.5  DAYS REPT  2 ITS) (1-JAN-2003)       
  PAV=   274.6  BARSA  WCT=0.328 GOR=   184.00  SM3/SM3 WGR=   0.0026  SM3/SM3   

 @--MESSAGE  AT TIME     1096.0   DAYS    ( 1-JAN-2003):
 @           RESTART FILE WRITTEN   REPORT    36                             
 @           RESTART INCLUDES FLUIDS IN PLACE                                
               END OF INCLUDE FILE 
   350 READING SAVE    
   351 READING TSTEP   

 @--MESSAGE  AT TIME     1096.0   DAYS    ( 1-JAN-2003):
 @           SAVE TYPE RESTART FILE WRITTEN   REPORT    36                   
 STEP  288 TIME=   1097.00  DAYS (    +1.0  DAYS REPT  1 ITS) (2-JAN-2003)       
  PAV=   274.6  BARSA  WCT=0.328 GOR=   184.00  SM3/SM3 WGR=   0.0026  SM3/SM3   
   352 READING END     
          630 Mbytes of storage required                         
  18.0403     KB/active cell                                     
          853 Mbytes (image size)                                

 Error summary 
 Comments               2
 Warnings               8
 Problems               1
 Errors                 0
 Bugs                   0
 Final cpu     100.20 elapsed     103.83
 Total number of time steps forced to be accepted          0
