 ECLIPSE   Version 2017.2. Build Number 30032000. (Arch : Linux X86_64 (64 bit, LINRH6_IL13_OPT))

 Proprietary Notice
 This application contains the confidential and
 proprietary trade secrets of Schlumberger and may 
 not be copied or stored in an information retrieval
 system, transferred, used, distributed, translated,
 or retransmitted in any form or by any means, electronic
 or mechanical, in whole or in part, without the
 express written permission of the copyright owner.

 ECLIPSE is a mark of Schlumberger. Copyright (c)
 1981-2017 Schlumberger. All rights reserved.

     1 READING RUNSPEC 
     2 READING TITLE   
     3 READING SAVE    
     4 READING NOECHO  
     5 READING DIMENS  
     6 READING START   
     7 READING OIL     
     8 READING GAS     
     9 READING WATER   
    10 READING DISGAS  
    11 READING METRIC  
    12 READING GRIDOPTS
    13 READING ENDSCALE
    14 READING EQLOPTS 
    15 READING TABDIMS 
    16 READING EQLDIMS 
    17 READING REGDIMS 
    18 READING FAULTDIM
    19 READING WELLDIMS
    20 READING WSEGDIMS
    21 READING VFPPDIMS

 @--MESSAGE  AT TIME        0.0   DAYS    ( 1-JAN-2000):
 @           CHECKING FOR LICENSES                                           
    22 READING VFPIDIMS
    23 READING SMRYDIMS
    24 READING UNIFIN  
    25 READING UNIFOUT 
    26 READING NOINSPEC
    27 READING NORSSPEC
    28 READING GRID    

 @--MESSAGE  AT TIME        0.0   DAYS    ( 1-JAN-2000):
 @           CHECKING FOR LICENSES                                           

 @--MESSAGE  AT TIME        0.0   DAYS    ( 1-JAN-2000):
 @           THE MEMORY REQUIRED TO PROCESS THE GRID SECTION IS              
 @                17002 KBYTES                                               
    30 READING NOECHO  
    31 READING INIT    
    32 READING GRIDFILE
    33 READING MESSAGES
    34 READING PINCH   
    35 READING NOECHO  
    36 READING INCLUDE ../include/grid/reek.grid                                                                                                           

 @--WARNING  AT TIME        0.0   DAYS    ( 1-JAN-2000):
 @           INCLUDED FILE APPEARS TO BE A GRID FILE                         
 @           GRID FILES MUST BE IMPORTED USING GDFILE OR IMPORT              
    37 READING NOECHO  
    38 READING MAPUNITS
    39 READING MAPAXES 
    40 READING GRIDUNIT
    41 READING SPECGRID
    42 READING GDORIENT
    43 READING COORD   
    44 READING ZCORN   
    45 READING ACTNUM  
    46 READING ECHO    
               END OF INCLUDE FILE 
    47 READING INCLUDE ../include/grid/reek.faults                                                                                                         
    48 READING FAULTS  
               END OF INCLUDE FILE 
    49 READING INCLUDE ../include/grid/reek.poro                                                                                                           
    50 READING PORO    
               END OF INCLUDE FILE 
    51 READING INCLUDE ../include/grid/reek.perm                                                                                                           
    52 READING PERMX   
    53 READING PERMY   
    54 READING PERMZ   
               END OF INCLUDE FILE 
    55 READING MULTIPLY
    56 READING INCLUDE ../include/grid/reek.multflt                                                                                                        
    57 READING MULTFLT 
               END OF INCLUDE FILE 
    58 READING INCLUDE ../include/grid/reek.multz                                                                                                          
    59 READING EQUALS  
               END OF INCLUDE FILE 
    60 READING EDIT    

 @--WARNING  AT TIME        0.0   DAYS    ( 1-JAN-2000):
 @           FLUX FLAG SET IN RUNSPEC BUT FLUXNUM KEYWORD                    
 @           NOT USED -- SAVE SPACE BY SETTING NTFREG = 0                    
 @           IN RUNSPEC KEYWORD REGDIMS.                                     

 @--MESSAGE  AT TIME        0.0   DAYS    ( 1-JAN-2000):
 @           NEITHER OLDTRAN,OLDTRANR NOR NEWTRAN SPECIFIED                  
 @           TRANSMISSIBILITIES TO BE CALCULATED                             
 @           USING  NEWTRAN                                                  
    61 READING PROPS   

 @--MESSAGE  AT TIME        0.0   DAYS    ( 1-JAN-2000):
 @                  6 NON-NEIGHBOUR CONNECTIONS HAVE BEEN IGNORED            
 @           AS THEIR TRANSMISSIBILITY IS LESS THAN 0.100000E-05             

 @--MESSAGE  AT TIME        0.0   DAYS    ( 1-JAN-2000):
 @           3117 NON-NEIGHBOUR CONNECTIONS PRESENT                          

 @--COMMENT  AT TIME        0.0   DAYS    ( 1-JAN-2000):
 @           LEFT HANDED GRIDS MAY NOT BE SUPPORTED                          
 @            IN ALL PRE AND POST PROCESSORS                                 

 @--COMMENT  AT TIME        0.0   DAYS    ( 1-JAN-2000):
 @           THE GRID APPEARS TO BE LEFT HANDED, BUT                         
 @           IS SPECIFIED IN GDORIENT AS RIGHT HANDED.                       
 @           ENSURE GDORIENT IS CORRECTLY DEFINED.                           

 @--MESSAGE  AT TIME        0.0   DAYS    ( 1-JAN-2000):
 @           NUMBER OF ACTIVE CELLS IS 35839                                 

 @--MESSAGE  AT TIME        0.0   DAYS    ( 1-JAN-2000):
 @           THE MEMORY REQUIRED TO PROCESS THE SOLUTION SECTION IS          
 @               631535 KBYTES                                               

 @--MESSAGE  AT TIME        0.0   DAYS    ( 1-JAN-2000):
 @              89918 CHARACTER VARIABLES USED                               
    62 READING INCLUDE ../include/props/swof.inc                                                                                                           
    63 READING SWOF    
               END OF INCLUDE FILE 
    64 READING INCLUDE ../include/props/sgof.inc                                                                                                           
    65 READING SGOF    
               END OF INCLUDE FILE 
    66 READING INCLUDE ../include/props/reek.swatinit                                                                                                      
    67 READING SWATINIT
               END OF INCLUDE FILE 
    68 READING INCLUDE ../include/props/reek.endpoints                                                                                                     
    69 READING COPY    
    70 READING MAXVALUE
    71 READING COPY    
    72 READING MULTIPLY
    73 READING ADD     
    74 READING EQUALS  
               END OF INCLUDE FILE 
    75 READING SCALECRS
    76 READING INCLUDE ../include/props/reek.pvt                                                                                                           
    77 READING ROCKOPTS
    78 READING ROCK    

 @--WARNING  AT TIME        0.0   DAYS    ( 1-JAN-2000):
 @           ALTHOUGH ROCK DATA WAS ASSOCIATED WITH ROCKNUM                  
 @           THE NUMBER OF REGIONS WAS NOT EXPLICITLY SET                    
 @           USING ARGUMENT 13 OF KEYWORD TABDIMS                            
 @           ROCK WILL BE ASSOCIATED WITH PVTNUM INSTEAD                     
    79 READING PVTW    
    80 READING PVTO    
    81 READING PVDG    
    82 READING DENSITY 
               END OF INCLUDE FILE 
    83 READING REGIONS 

 @--WARNING  AT TIME        0.0   DAYS    ( 1-JAN-2000):
 @           THE PROCESSED PVTO DATA FOR TABLE   1                           
 @           HAS UNDERSATURATED BO LINES THAT WILL INTERSECT                 
 @           IF EXTRAPOLATED                                                 
 @           AT RS VALUES OF     522.8400  SM3/SM3 AND     630.0000  SM3/SM3 
 @           AND A PRESSURE OF       745.57   BARSA                          

 @--WARNING  AT TIME        0.0   DAYS    ( 1-JAN-2000):
 @           THE PROCESSED PVTO DATA FOR TABLE   1                           
 @           HAS UNDERSATURATED BO LINES THAT WILL INTERSECT                 
 @           IF EXTRAPOLATED                                                 
 @           AT RS VALUES OF     522.8400  SM3/SM3 AND     630.0000  SM3/SM3 
 @           AND A PRESSURE OF       745.99   BARSA                          

 @--WARNING  AT TIME        0.0   DAYS    ( 1-JAN-2000):
 @           THE MAXIMUM PRESSURE ENTERED IN THE PVT TABLES                  
 @           FOR THE OIL PHASE IS    700.100. THIS IS GREATER THAN           
 @           THE MAXIMUM PRESSURE FOR THE GAS PHASE,    700.000              
 @           AND MAY LEAD TO PVT TABLE EXTRAPOLATION                         
    84 READING INCLUDE ../include/regions/reek.eqlnum                                                                                                      
    85 READING EQLNUM  
               END OF INCLUDE FILE 
    86 READING INCLUDE ../include/regions/reek.fipnum                                                                                                      
    87 READING FIPNUM  
               END OF INCLUDE FILE 
    88 READING INCLUDE ../include/regions/reek.satnum                                                                                                      
    89 READING SATNUM  
               END OF INCLUDE FILE 
    90 READING EQUALS  
    91 READING SOLUTION

 @--MESSAGE  AT TIME        0.0   DAYS    ( 1-JAN-2000):
 @           SAVE FILE HAS BEEN WRITTEN.                                     
    92 READING INCLUDE ../include/solution/reek.equil                                                                                                      
    93 READING EQUIL   

 @--WARNING  AT TIME        0.0   DAYS    ( 1-JAN-2000):
 @           THE FINE GRID BLOCK EQUILIBRATION SHOULD NOT                    
 @           USUALLY BE USED WITH THE SWATINIT KEYWORD AS                    
 @           THE INTEGRATED SOLUTION WILL NOT IN GENERAL                     
 @           HONOUR THE SWATINIT DATA.                                       
 @           FOR EQUILIBRATION REGION 1                                      

 @--WARNING  AT TIME        0.0   DAYS    ( 1-JAN-2000):
 @           THE FINE GRID BLOCK EQUILIBRATION SHOULD NOT                    
 @           USUALLY BE USED WITH THE SWATINIT KEYWORD AS                    
 @           THE INTEGRATED SOLUTION WILL NOT IN GENERAL                     
 @           HONOUR THE SWATINIT DATA.                                       
 @           FOR EQUILIBRATION REGION 2                                      
               END OF INCLUDE FILE 
    94 READING RSVD    
    95 READING RPTSOL  
    96 READING RPTRST  
    97 READING SUMMARY 
    98 READING INCLUDE ../include/summary/reek.smry                                                                                                        
    99 READING FOPR    
   100 READING FOPRH   
   101 READING FGPR    
   102 READING FGPRH   
   103 READING FWPR    
   104 READING FWPRH   
   105 READING FLPR    
   106 READING FLPRH   
   107 READING FVPR    
   108 READING FOPRF   
   109 READING FOPRS   
   110 READING FGSR    
   111 READING FGPRF   
   112 READING FGPRS   
   113 READING FOPP    
   114 READING FWPP    
   115 READING FGPP    
   116 READING FMWPR   
   117 READING FMWIN   
   118 READING FVIR    
   119 READING FWIR    
   120 READING FWIRH   
   121 READING FGIR    
   122 READING FGIRH   
   123 READING FGLIR   
   124 READING FMCTP   
   125 READING FVPT    
   126 READING FOPT    
   127 READING FOPTH   
   128 READING FWPT    
   129 READING FWPTH   
   130 READING FGPT    
   131 READING FGPTH   
   132 READING FWIT    
   133 READING FWITH   
   134 READING FGIT    
   135 READING FGITH   
   136 READING FOPTF   
   137 READING FOPTS   
   138 READING FWIP    
   139 READING FOIP    
   140 READING FGIP    
   141 READING FWCT    
   142 READING FWCTH   
   143 READING FGOR    
   144 READING FGORH   
   145 READING FGLR    
   146 READING FWGR    
   147 READING FPR     
   148 READING RPR     
   149 READING ROIP    
   150 READING ROIPL   
   151 READING ROIPG   
   152 READING RGIP    
   153 READING RGIPL   
   154 READING RGIPG   
   155 READING RGPR    
   156 READING RGPT    
   157 READING GMWPR   
   158 READING GGLIR   
   159 READING GOPR    
   160 READING GOPRH   
   161 READING GGPR    
   162 READING GGPRH   
   163 READING GWPR    
   164 READING GWPRH   
   165 READING GVPR    
   166 READING GLPR    
   167 READING GOPRF   
   168 READING GOPRS   
   169 READING GGPRF   
   170 READING GGPRS   
   171 READING GWCT    
   172 READING GWCTH   
   173 READING GGOR    
   174 READING GGORH   
   175 READING GWGR    
   176 READING GGLR    
   177 READING GOPT    
   178 READING GOPTH   
   179 READING GGPT    
   180 READING GGPTH   
   181 READING GWPT    
   182 READING GWPTH   
   183 READING GVPT    
   184 READING GLPT    
   185 READING GOPTF   
   186 READING GOPTS   
   187 READING GGPTF   
   188 READING GGPTS   
   189 READING GWIR    
   190 READING GVIR    
   191 READING GWIRH   
   192 READING GGIR    
   193 READING GGIRH   
   194 READING GOPP    
   195 READING GGPP    
   196 READING GWPP    
   197 READING GMCTP   
   198 READING WOPR    
   199 READING WOPRH   
   200 READING WGPR    
   201 READING WGPRH   
   202 READING WWPR    
   203 READING WWPRH   
   204 READING WOPT    
   205 READING WWPT    
   206 READING WGPT    
   207 READING WOPTH   
   208 READING WWPTH   
   209 READING WGPTH   
   210 READING WWCT    
   211 READING WWCTH   
   212 READING WGOR    
   213 READING WGORH   
   214 READING WWIR    
   215 READING WWIRH   
   216 READING WGIR    
   217 READING WGIRH   
   218 READING WWIT    
   219 READING WWITH   
   220 READING WGIT    
   221 READING WGITH   
   222 READING WBHP    
   223 READING WTHP    
   224 READING WPI     
   225 READING WVPR    
   226 READING WBP     
   227 READING WBP4    
   228 READING WBP9    
   229 READING WMCTL   
   230 READING WLPR    
   231 READING WGLIR   
   232 READING WOGLR   
   233 READING BPR     
   234 READING TCPU    
   235 READING TCPUDAY 
               END OF INCLUDE FILE 
   236 READING SCHEDULE
   237 READING TUNING  
   238 READING INCLUDE ../include/schedule/reek_history.sch                                                                                                
   239 READING GRUPTREE
   240 READING DATES   

 @--MESSAGE  AT TIME        0.0   DAYS    ( 1-JAN-2000):
 @           DRSDT OR DRSDTR KEYWORDS HAVE NOT BEEN                          
 @           ENTERED, SO THE MAXIMUM GAS RE-SOLUTION                         
 @           RATE IS DEFAULTED TO INFINITY.                                  

 @--MESSAGE  AT TIME        0.0   DAYS    ( 1-JAN-2000):
 @           RESTART FILE WRITTEN   REPORT     0                             
 @           RESTART INCLUDES FLUIDS IN PLACE                                
 STEP    1 TIME=      1.00  DAYS (    +1.0  DAYS INIT  2 ITS) (2-JAN-2000)       
  PAV=   306.2  BARSA  WCT= 0.00 GOR= 0.00000   SM3/SM3 WGR= 0.00000   SM3/SM3   
 STEP    2 TIME=      3.55  DAYS (    +2.6  DAYS TRNC  2 ITS) (4-JAN-2000)       
  PAV=   306.2  BARSA  WCT= 0.00 GOR= 0.00000   SM3/SM3 WGR= 0.00000   SM3/SM3   
 STEP    3 TIME=      8.55  DAYS (    +5.0  DAYS MAXS  2 ITS) (9-JAN-2000)       
  PAV=   306.2  BARSA  WCT= 0.00 GOR= 0.00000   SM3/SM3 WGR= 0.00000   SM3/SM3   
 STEP    4 TIME=     13.55  DAYS (    +5.0  DAYS MAXS  3 ITS) (14-JAN-2000)      
  PAV=   306.2  BARSA  WCT= 0.00 GOR= 0.00000   SM3/SM3 WGR= 0.00000   SM3/SM3   
 STEP    5 TIME=     18.55  DAYS (    +5.0  DAYS MAXS  2 ITS) (19-JAN-2000)      
  PAV=   306.2  BARSA  WCT= 0.00 GOR= 0.00000   SM3/SM3 WGR= 0.00000   SM3/SM3   
 STEP    6 TIME=     23.55  DAYS (    +5.0  DAYS MAXS  2 ITS) (24-JAN-2000)      
  PAV=   306.2  BARSA  WCT= 0.00 GOR= 0.00000   SM3/SM3 WGR= 0.00000   SM3/SM3   
 STEP    7 TIME=     27.28  DAYS (    +3.7  DAYS HALF  2 ITS) (28-JAN-2000)      
  PAV=   306.2  BARSA  WCT= 0.00 GOR= 0.00000   SM3/SM3 WGR= 0.00000   SM3/SM3   
 STEP    8 TIME=     31.00  DAYS (    +3.7  DAYS REPT  1 ITS) (1-FEB-2000)       
  PAV=   306.2  BARSA  WCT= 0.00 GOR= 0.00000   SM3/SM3 WGR= 0.00000   SM3/SM3   
   241 READING WELSPECS
   242 READING COMPORD 
   243 READING COMPDAT 
   244 READING WELSEGS 
   245 READING WELSEGS 
   246 READING WELSEGS 
   247 READING WELSEGS 
   248 READING COMPSEGS
   249 READING COMPSEGS
   250 READING COMPSEGS
   251 READING COMPSEGS
   252 READING WCONHIST

 @--MESSAGE  AT TIME       31.0   DAYS    ( 1-FEB-2000):
 @           OPENING WELL OP_1     AT TIME     31.00   DAYS                  
 @           CONTROLLED BY RESERVOIR FLUID VOLUME RATE                       

 @--MESSAGE  AT TIME       31.0   DAYS    ( 1-FEB-2000):
 @           OPENING WELL OP_2     AT TIME     31.00   DAYS                  
 @           CONTROLLED BY RESERVOIR FLUID VOLUME RATE                       

 @--MESSAGE  AT TIME       31.0   DAYS    ( 1-FEB-2000):
 @           OPENING WELL OP_3     AT TIME     31.00   DAYS                  
 @           CONTROLLED BY RESERVOIR FLUID VOLUME RATE                       
   253 READING WCONINJH

 @--MESSAGE  AT TIME       31.0   DAYS    ( 1-FEB-2000):
 @           OPENING WELL WI_1     AT TIME     31.00   DAYS                  
 @           CONTROLLED BY WATER RATE                                        
   254 READING WRFTPLT 
   255 READING DATES   

 @--PROBLEM  AT TIME       31.0   DAYS    ( 1-FEB-2000):
 @           POTENTIAL IN WELL OP_3     NOT CONVERGED IN  1 X  50 ITERATIONS 
 @           RESIDUAL ERROR IN FLOWS AND PRESSURE                            
 @             OIL         5.34027E+04                                       
 @             WATER       5.16613E+05                                       
 @             GAS         1.74144E+06                                       
 @            MSW PRES     6.56338E+02                                       
 @           TRY SETTING ITEM 2 IN THE WPOTCALC KEYWORD.                     
 @           TRY CHANGING PARAMETERS IN THE WSEGITER KEYWORD                 
 STEP    9 TIME=     32.00  DAYS (    +1.0  DAYS MAXW  4 ITS) (2-FEB-2000)       
  PAV=   305.7  BARSA  WCT=0.000 GOR=   184.00  SM3/SM3 WGR=   0.0000  SM3/SM3   
 STEP   10 TIME=     33.50  DAYS (    +1.5  DAYS TRNC  3 ITS) (3-FEB-2000)       
  PAV=   305.2  BARSA  WCT=0.000 GOR=   184.00  SM3/SM3 WGR=   0.0000  SM3/SM3   
 STEP   11 TIME=     35.53  DAYS (    +2.0  DAYS TRNC  3 ITS) (5-FEB-2000)       
  PAV=   304.5  BARSA  WCT=0.000 GOR=   184.00  SM3/SM3 WGR=   0.0000  SM3/SM3   
 STEP   12 TIME=     39.34  DAYS (    +3.8  DAYS TRNC  3 ITS) (9-FEB-2000)       
  PAV=   303.4  BARSA  WCT=0.000 GOR=   184.00  SM3/SM3 WGR=   0.0000  SM3/SM3   
 STEP   13 TIME=     42.95  DAYS (    +3.6  DAYS TRNC  2 ITS) (12-FEB-2000)      
  PAV=   302.4  BARSA  WCT=0.001 GOR=   184.00  SM3/SM3 WGR=   0.0000  SM3/SM3   
 STEP   14 TIME=     47.95  DAYS (    +5.0  DAYS MAXS  3 ITS) (17-FEB-2000)      
  PAV=   301.1  BARSA  WCT=0.002 GOR=   184.00  SM3/SM3 WGR=   0.0000  SM3/SM3   
 STEP   15 TIME=     52.95  DAYS (    +5.0  DAYS MAXS  3 ITS) (22-FEB-2000)      
  PAV=   299.8  BARSA  WCT=0.008 GOR=   184.00  SM3/SM3 WGR=   0.0000  SM3/SM3   
 STEP   16 TIME=     56.48  DAYS (    +3.5  DAYS HALF  3 ITS) (26-FEB-2000)      
  PAV=   298.9  BARSA  WCT=0.015 GOR=   184.00  SM3/SM3 WGR=   0.0001  SM3/SM3   
 STEP   17 TIME=     60.00  DAYS (    +3.5  DAYS REPT  3 ITS) (1-MAR-2000)       
  PAV=   298.0  BARSA  WCT=0.025 GOR=   184.00  SM3/SM3 WGR=   0.0001  SM3/SM3   
   256 READING WCONHIST
   257 READING WCONINJH
   258 READING DATES   
 STEP   18 TIME=     61.00  DAYS (    +1.0  DAYS MAXW  1 ITS) (2-MAR-2000)       
  PAV=   297.8  BARSA  WCT=0.019 GOR=   184.00  SM3/SM3 WGR=   0.0001  SM3/SM3   
 STEP   19 TIME=     64.00  DAYS (    +3.0  DAYS MAXF  3 ITS) (5-MAR-2000)       
  PAV=   297.1  BARSA  WCT=0.023 GOR=   184.00  SM3/SM3 WGR=   0.0001  SM3/SM3   
 STEP   20 TIME=     69.00  DAYS (    +5.0  DAYS MAXS  3 ITS) (10-MAR-2000)      
  PAV=   295.9  BARSA  WCT=0.030 GOR=   184.00  SM3/SM3 WGR=   0.0002  SM3/SM3   
 STEP   21 TIME=     74.00  DAYS (    +5.0  DAYS MAXS  3 ITS) (15-MAR-2000)      
  PAV=   294.8  BARSA  WCT=0.037 GOR=   184.00  SM3/SM3 WGR=   0.0002  SM3/SM3   
 STEP   22 TIME=     79.00  DAYS (    +5.0  DAYS MAXS  3 ITS) (20-MAR-2000)      
  PAV=   293.7  BARSA  WCT=0.045 GOR=   184.00  SM3/SM3 WGR=   0.0003  SM3/SM3   
 STEP   23 TIME=     84.00  DAYS (    +5.0  DAYS MAXS  3 ITS) (25-MAR-2000)      
  PAV=   292.7  BARSA  WCT=0.052 GOR=   184.00  SM3/SM3 WGR=   0.0003  SM3/SM3   
 STEP   24 TIME=     87.50  DAYS (    +3.5  DAYS HALF  3 ITS) (28-MAR-2000)      
  PAV=   291.9  BARSA  WCT=0.056 GOR=   184.00  SM3/SM3 WGR=   0.0003  SM3/SM3   
 STEP   25 TIME=     91.00  DAYS (    +3.5  DAYS REPT  2 ITS) (1-APR-2000)       
  PAV=   291.2  BARSA  WCT=0.061 GOR=   184.00  SM3/SM3 WGR=   0.0004  SM3/SM3   
   259 READING WCONHIST
   260 READING DATES   
 STEP   26 TIME=     92.00  DAYS (    +1.0  DAYS MAXW  1 ITS) (2-APR-2000)       
  PAV=   291.0  BARSA  WCT=0.047 GOR=   184.00  SM3/SM3 WGR=   0.0003  SM3/SM3   
 STEP   27 TIME=     95.00  DAYS (    +3.0  DAYS MAXF  2 ITS) (5-APR-2000)       
  PAV=   290.4  BARSA  WCT=0.048 GOR=   184.00  SM3/SM3 WGR=   0.0003  SM3/SM3   
 STEP   28 TIME=    100.00  DAYS (    +5.0  DAYS MAXS  3 ITS) (10-APR-2000)      
  PAV=   289.5  BARSA  WCT=0.050 GOR=   184.00  SM3/SM3 WGR=   0.0003  SM3/SM3   
 STEP   29 TIME=    105.00  DAYS (    +5.0  DAYS MAXS  3 ITS) (15-APR-2000)      
  PAV=   288.5  BARSA  WCT=0.052 GOR=   184.00  SM3/SM3 WGR=   0.0003  SM3/SM3   
 STEP   30 TIME=    110.00  DAYS (    +5.0  DAYS MAXS  3 ITS) (20-APR-2000)      
  PAV=   287.6  BARSA  WCT=0.055 GOR=   184.00  SM3/SM3 WGR=   0.0003  SM3/SM3   
 STEP   31 TIME=    115.00  DAYS (    +5.0  DAYS MAXS  3 ITS) (25-APR-2000)      
  PAV=   286.6  BARSA  WCT=0.057 GOR=   184.00  SM3/SM3 WGR=   0.0003  SM3/SM3   
 STEP   32 TIME=    118.00  DAYS (    +3.0  DAYS HALF  4 ITS) (28-APR-2000)      
  PAV=   286.1  BARSA  WCT=0.058 GOR=   184.00  SM3/SM3 WGR=   0.0003  SM3/SM3   
 STEP   33 TIME=    121.00  DAYS (    +3.0  DAYS REPT  3 ITS) (1-MAY-2000)       
  PAV=   285.5  BARSA  WCT=0.060 GOR=   184.00  SM3/SM3 WGR=   0.0003  SM3/SM3   
   261 READING WCONHIST
   262 READING DATES   
 STEP   34 TIME=    122.00  DAYS (    +1.0  DAYS MAXW  1 ITS) (2-MAY-2000)       
  PAV=   285.4  BARSA  WCT=0.053 GOR=   184.00  SM3/SM3 WGR=   0.0003  SM3/SM3   
 STEP   35 TIME=    125.00  DAYS (    +3.0  DAYS MAXF  3 ITS) (5-MAY-2000)       
  PAV=   284.8  BARSA  WCT=0.053 GOR=   184.00  SM3/SM3 WGR=   0.0003  SM3/SM3   
 STEP   36 TIME=    130.00  DAYS (    +5.0  DAYS MAXS  3 ITS) (10-MAY-2000)      
  PAV=   284.0  BARSA  WCT=0.055 GOR=   184.00  SM3/SM3 WGR=   0.0003  SM3/SM3   
 STEP   37 TIME=    135.00  DAYS (    +5.0  DAYS MAXS  3 ITS) (15-MAY-2000)      
  PAV=   283.1  BARSA  WCT=0.056 GOR=   184.00  SM3/SM3 WGR=   0.0003  SM3/SM3   
 STEP   38 TIME=    140.00  DAYS (    +5.0  DAYS MAXS  3 ITS) (20-MAY-2000)      
  PAV=   282.2  BARSA  WCT=0.057 GOR=   184.00  SM3/SM3 WGR=   0.0003  SM3/SM3   
 STEP   39 TIME=    145.00  DAYS (    +5.0  DAYS MAXS  4 ITS) (25-MAY-2000)      
  PAV=   281.4  BARSA  WCT=0.059 GOR=   184.00  SM3/SM3 WGR=   0.0003  SM3/SM3   
 STEP   40 TIME=    148.50  DAYS (    +3.5  DAYS HALF  3 ITS) (28-MAY-2000)      
  PAV=   280.8  BARSA  WCT=0.060 GOR=   184.00  SM3/SM3 WGR=   0.0003  SM3/SM3   
 STEP   41 TIME=    152.00  DAYS (    +3.5  DAYS REPT  2 ITS) (1-JUN-2000)       
  PAV=   280.2  BARSA  WCT=0.061 GOR=   184.00  SM3/SM3 WGR=   0.0004  SM3/SM3   
   263 READING WELSPECS
   264 READING COMPORD 
   265 READING COMPDAT 
   266 READING WELSEGS 
   267 READING COMPSEGS
   268 READING WCONHIST
   269 READING WCONINJH

 @--MESSAGE  AT TIME      152.0   DAYS    ( 1-JUN-2000):
 @           OPENING WELL WI_2     AT TIME    152.00   DAYS                  
 @           CONTROLLED BY WATER RATE                                        
   270 READING WRFTPLT 
   271 READING DATES   
 STEP   42 TIME=    153.00  DAYS (    +1.0  DAYS MAXW  3 ITS) (2-JUN-2000)       
  PAV=   280.1  BARSA  WCT=0.059 GOR=   184.00  SM3/SM3 WGR=   0.0003  SM3/SM3   
 STEP   43 TIME=    153.94  DAYS (   +22.7 HOURS TRNC  2 ITS) (2-JUN-2000)       
  PAV=   280.1  BARSA  WCT=0.059 GOR=   184.00  SM3/SM3 WGR=   0.0003  SM3/SM3   
 STEP   44 TIME=    155.30  DAYS (    +1.4  DAYS TRNC  2 ITS) (4-JUN-2000)       
  PAV=   280.1  BARSA  WCT=0.060 GOR=   184.00  SM3/SM3 WGR=   0.0003  SM3/SM3   
 STEP   45 TIME=    157.48  DAYS (    +2.2  DAYS TRNC  2 ITS) (6-JUN-2000)       
  PAV=   280.0  BARSA  WCT=0.061 GOR=   184.00  SM3/SM3 WGR=   0.0004  SM3/SM3   
 STEP   46 TIME=    161.21  DAYS (    +3.7  DAYS TRNC  3 ITS) (10-JUN-2000)      
  PAV=   279.8  BARSA  WCT=0.063 GOR=   184.00  SM3/SM3 WGR=   0.0004  SM3/SM3   
 STEP   47 TIME=    166.21  DAYS (    +5.0  DAYS MAXS  3 ITS) (15-JUN-2000)      
  PAV=   279.5  BARSA  WCT=0.066 GOR=   184.00  SM3/SM3 WGR=   0.0004  SM3/SM3   
 STEP   48 TIME=    171.21  DAYS (    +5.0  DAYS MAXS  3 ITS) (20-JUN-2000)      
  PAV=   279.2  BARSA  WCT=0.068 GOR=   184.00  SM3/SM3 WGR=   0.0004  SM3/SM3   
 STEP   49 TIME=    176.21  DAYS (    +5.0  DAYS MAXS  3 ITS) (25-JUN-2000)      
  PAV=   278.9  BARSA  WCT=0.070 GOR=   184.00  SM3/SM3 WGR=   0.0004  SM3/SM3   
 STEP   50 TIME=    179.11  DAYS (    +2.9  DAYS HALF  2 ITS) (28-JUN-2000)      
  PAV=   278.7  BARSA  WCT=0.072 GOR=   184.00  SM3/SM3 WGR=   0.0004  SM3/SM3   
 STEP   51 TIME=    182.00  DAYS (    +2.9  DAYS REPT  2 ITS) (1-JLY-2000)       
  PAV=   278.5  BARSA  WCT=0.073 GOR=   184.00  SM3/SM3 WGR=   0.0004  SM3/SM3   
   272 READING WCONHIST
   273 READING WCONINJH
   274 READING DATES   
 STEP   52 TIME=    183.00  DAYS (    +1.0  DAYS MAXW  1 ITS) (2-JLY-2000)       
  PAV=   278.5  BARSA  WCT=0.077 GOR=   184.00  SM3/SM3 WGR=   0.0005  SM3/SM3   
 STEP   53 TIME=    186.00  DAYS (    +3.0  DAYS MAXF  2 ITS) (5-JLY-2000)       
  PAV=   278.3  BARSA  WCT=0.078 GOR=   184.00  SM3/SM3 WGR=   0.0005  SM3/SM3   
 STEP   54 TIME=    191.00  DAYS (    +5.0  DAYS MAXS  3 ITS) (10-JLY-2000)      
  PAV=   278.1  BARSA  WCT=0.080 GOR=   184.00  SM3/SM3 WGR=   0.0005  SM3/SM3   
 STEP   55 TIME=    196.00  DAYS (    +5.0  DAYS MAXS  3 ITS) (15-JLY-2000)      
  PAV=   277.9  BARSA  WCT=0.082 GOR=   184.00  SM3/SM3 WGR=   0.0005  SM3/SM3   
 STEP   56 TIME=    201.00  DAYS (    +5.0  DAYS MAXS  3 ITS) (20-JLY-2000)      
  PAV=   277.7  BARSA  WCT=0.083 GOR=   184.00  SM3/SM3 WGR=   0.0005  SM3/SM3   
 STEP   57 TIME=    206.00  DAYS (    +5.0  DAYS MAXS  3 ITS) (25-JLY-2000)      
  PAV=   277.5  BARSA  WCT=0.085 GOR=   184.00  SM3/SM3 WGR=   0.0005  SM3/SM3   
 STEP   58 TIME=    209.50  DAYS (    +3.5  DAYS HALF  2 ITS) (28-JLY-2000)      
  PAV=   277.3  BARSA  WCT=0.086 GOR=   184.00  SM3/SM3 WGR=   0.0005  SM3/SM3   
 STEP   59 TIME=    213.00  DAYS (    +3.5  DAYS REPT  2 ITS) (1-AUG-2000)       
  PAV=   277.1  BARSA  WCT=0.087 GOR=   184.00  SM3/SM3 WGR=   0.0005  SM3/SM3   
   275 READING WCONHIST
   276 READING DATES   
 STEP   60 TIME=    214.00  DAYS (    +1.0  DAYS MAXW  1 ITS) (2-AUG-2000)       
  PAV=   277.1  BARSA  WCT=0.090 GOR=   184.00  SM3/SM3 WGR=   0.0005  SM3/SM3   
 STEP   61 TIME=    217.00  DAYS (    +3.0  DAYS MAXF  2 ITS) (5-AUG-2000)       
  PAV=   277.0  BARSA  WCT=0.091 GOR=   184.00  SM3/SM3 WGR=   0.0005  SM3/SM3   
 STEP   62 TIME=    222.00  DAYS (    +5.0  DAYS MAXS  2 ITS) (10-AUG-2000)      
  PAV=   276.8  BARSA  WCT=0.092 GOR=   184.00  SM3/SM3 WGR=   0.0006  SM3/SM3   
 STEP   63 TIME=    227.00  DAYS (    +5.0  DAYS MAXS  3 ITS) (15-AUG-2000)      
  PAV=   276.6  BARSA  WCT=0.094 GOR=   184.00  SM3/SM3 WGR=   0.0006  SM3/SM3   
 STEP   64 TIME=    232.00  DAYS (    +5.0  DAYS MAXS  3 ITS) (20-AUG-2000)      
  PAV=   276.5  BARSA  WCT=0.095 GOR=   184.00  SM3/SM3 WGR=   0.0006  SM3/SM3   
 STEP   65 TIME=    237.00  DAYS (    +5.0  DAYS MAXS  2 ITS) (25-AUG-2000)      
  PAV=   276.3  BARSA  WCT=0.097 GOR=   184.00  SM3/SM3 WGR=   0.0006  SM3/SM3   
 STEP   66 TIME=    240.50  DAYS (    +3.5  DAYS HALF  2 ITS) (28-AUG-2000)      
  PAV=   276.1  BARSA  WCT=0.098 GOR=   184.00  SM3/SM3 WGR=   0.0006  SM3/SM3   
 STEP   67 TIME=    244.00  DAYS (    +3.5  DAYS REPT  2 ITS) (1-SEP-2000)       
  PAV=   276.0  BARSA  WCT=0.099 GOR=   184.00  SM3/SM3 WGR=   0.0006  SM3/SM3   
   277 READING WCONHIST
   278 READING DATES   
 STEP   68 TIME=    245.00  DAYS (    +1.0  DAYS MAXW  1 ITS) (2-SEP-2000)       
  PAV=   276.0  BARSA  WCT=0.100 GOR=   184.00  SM3/SM3 WGR=   0.0006  SM3/SM3   
 STEP   69 TIME=    248.00  DAYS (    +3.0  DAYS MAXF  2 ITS) (5-SEP-2000)       
  PAV=   275.9  BARSA  WCT=0.101 GOR=   184.00  SM3/SM3 WGR=   0.0006  SM3/SM3   
 STEP   70 TIME=    253.00  DAYS (    +5.0  DAYS MAXS  2 ITS) (10-SEP-2000)      
  PAV=   275.7  BARSA  WCT=0.102 GOR=   184.00  SM3/SM3 WGR=   0.0006  SM3/SM3   
 STEP   71 TIME=    258.00  DAYS (    +5.0  DAYS MAXS  2 ITS) (15-SEP-2000)      
  PAV=   275.6  BARSA  WCT=0.103 GOR=   184.00  SM3/SM3 WGR=   0.0006  SM3/SM3   
 STEP   72 TIME=    263.00  DAYS (    +5.0  DAYS MAXS  2 ITS) (20-SEP-2000)      
  PAV=   275.4  BARSA  WCT=0.104 GOR=   184.00  SM3/SM3 WGR=   0.0006  SM3/SM3   
 STEP   73 TIME=    268.00  DAYS (    +5.0  DAYS MAXS  2 ITS) (25-SEP-2000)      
  PAV=   275.3  BARSA  WCT=0.106 GOR=   184.00  SM3/SM3 WGR=   0.0006  SM3/SM3   
 STEP   74 TIME=    271.00  DAYS (    +3.0  DAYS HALF  2 ITS) (28-SEP-2000)      
  PAV=   275.2  BARSA  WCT=0.106 GOR=   184.00  SM3/SM3 WGR=   0.0006  SM3/SM3   
 STEP   75 TIME=    274.00  DAYS (    +3.0  DAYS REPT  1 ITS) (1-OCT-2000)       
  PAV=   275.1  BARSA  WCT=0.107 GOR=   184.00  SM3/SM3 WGR=   0.0007  SM3/SM3   
   279 READING WCONHIST
   280 READING DATES   
 STEP   76 TIME=    275.00  DAYS (    +1.0  DAYS MAXW  1 ITS) (2-OCT-2000)       
  PAV=   275.1  BARSA  WCT=0.108 GOR=   184.00  SM3/SM3 WGR=   0.0007  SM3/SM3   
 STEP   77 TIME=    278.00  DAYS (    +3.0  DAYS MAXF  2 ITS) (5-OCT-2000)       
  PAV=   275.0  BARSA  WCT=0.109 GOR=   184.00  SM3/SM3 WGR=   0.0007  SM3/SM3   
 STEP   78 TIME=    283.00  DAYS (    +5.0  DAYS MAXS  2 ITS) (10-OCT-2000)      
  PAV=   274.9  BARSA  WCT=0.110 GOR=   184.00  SM3/SM3 WGR=   0.0007  SM3/SM3   
 STEP   79 TIME=    288.00  DAYS (    +5.0  DAYS MAXS  2 ITS) (15-OCT-2000)      
  PAV=   274.7  BARSA  WCT=0.111 GOR=   184.00  SM3/SM3 WGR=   0.0007  SM3/SM3   
 STEP   80 TIME=    293.00  DAYS (    +5.0  DAYS MAXS  2 ITS) (20-OCT-2000)      
  PAV=   274.6  BARSA  WCT=0.112 GOR=   184.00  SM3/SM3 WGR=   0.0007  SM3/SM3   
 STEP   81 TIME=    298.00  DAYS (    +5.0  DAYS MAXS  2 ITS) (25-OCT-2000)      
  PAV=   274.5  BARSA  WCT=0.113 GOR=   184.00  SM3/SM3 WGR=   0.0007  SM3/SM3   
 STEP   82 TIME=    301.50  DAYS (    +3.5  DAYS HALF  2 ITS) (28-OCT-2000)      
  PAV=   274.4  BARSA  WCT=0.114 GOR=   184.00  SM3/SM3 WGR=   0.0007  SM3/SM3   
 STEP   83 TIME=    305.00  DAYS (    +3.5  DAYS REPT  2 ITS) (1-NOV-2000)       
  PAV=   274.3  BARSA  WCT=0.115 GOR=   184.00  SM3/SM3 WGR=   0.0007  SM3/SM3   
   281 READING WCONHIST
   282 READING DATES   
 STEP   84 TIME=    306.00  DAYS (    +1.0  DAYS MAXW  2 ITS) (2-NOV-2000)       
  PAV=   274.3  BARSA  WCT=0.115 GOR=   184.00  SM3/SM3 WGR=   0.0007  SM3/SM3   
 STEP   85 TIME=    309.00  DAYS (    +3.0  DAYS MAXF  2 ITS) (5-NOV-2000)       
  PAV=   274.2  BARSA  WCT=0.116 GOR=   184.00  SM3/SM3 WGR=   0.0007  SM3/SM3   
 STEP   86 TIME=    314.00  DAYS (    +5.0  DAYS MAXS  2 ITS) (10-NOV-2000)      
  PAV=   274.1  BARSA  WCT=0.117 GOR=   184.00  SM3/SM3 WGR=   0.0007  SM3/SM3   
 STEP   87 TIME=    319.00  DAYS (    +5.0  DAYS MAXS  2 ITS) (15-NOV-2000)      
  PAV=   274.0  BARSA  WCT=0.118 GOR=   184.00  SM3/SM3 WGR=   0.0007  SM3/SM3   
 STEP   88 TIME=    324.00  DAYS (    +5.0  DAYS MAXS  3 ITS) (20-NOV-2000)      
  PAV=   273.9  BARSA  WCT=0.119 GOR=   184.00  SM3/SM3 WGR=   0.0007  SM3/SM3   
 STEP   89 TIME=    329.00  DAYS (    +5.0  DAYS MAXS  3 ITS) (25-NOV-2000)      
  PAV=   273.8  BARSA  WCT=0.120 GOR=   184.00  SM3/SM3 WGR=   0.0007  SM3/SM3   
 STEP   90 TIME=    332.00  DAYS (    +3.0  DAYS HALF  2 ITS) (28-NOV-2000)      
  PAV=   273.7  BARSA  WCT=0.120 GOR=   184.00  SM3/SM3 WGR=   0.0007  SM3/SM3   
 STEP   91 TIME=    335.00  DAYS (    +3.0  DAYS REPT  2 ITS) (1-DEC-2000)       
  PAV=   273.6  BARSA  WCT=0.121 GOR=   184.00  SM3/SM3 WGR=   0.0007  SM3/SM3   
   283 READING WCONHIST
   284 READING DATES   
 STEP   92 TIME=    336.00  DAYS (    +1.0  DAYS MAXW  1 ITS) (2-DEC-2000)       
  PAV=   273.6  BARSA  WCT=0.121 GOR=   184.00  SM3/SM3 WGR=   0.0007  SM3/SM3   
 STEP   93 TIME=    339.00  DAYS (    +3.0  DAYS MAXF  1 ITS) (5-DEC-2000)       
  PAV=   273.6  BARSA  WCT=0.122 GOR=   184.00  SM3/SM3 WGR=   0.0008  SM3/SM3   
 STEP   94 TIME=    344.00  DAYS (    +5.0  DAYS MAXS  2 ITS) (10-DEC-2000)      
  PAV=   273.5  BARSA  WCT=0.123 GOR=   184.00  SM3/SM3 WGR=   0.0008  SM3/SM3   
 STEP   95 TIME=    349.00  DAYS (    +5.0  DAYS MAXS  2 ITS) (15-DEC-2000)      
  PAV=   273.4  BARSA  WCT=0.123 GOR=   184.00  SM3/SM3 WGR=   0.0008  SM3/SM3   
 STEP   96 TIME=    354.00  DAYS (    +5.0  DAYS MAXS  2 ITS) (20-DEC-2000)      
  PAV=   273.3  BARSA  WCT=0.124 GOR=   184.00  SM3/SM3 WGR=   0.0008  SM3/SM3   
 STEP   97 TIME=    359.00  DAYS (    +5.0  DAYS MAXS  3 ITS) (25-DEC-2000)      
  PAV=   273.2  BARSA  WCT=0.125 GOR=   184.00  SM3/SM3 WGR=   0.0008  SM3/SM3   
 STEP   98 TIME=    362.50  DAYS (    +3.5  DAYS HALF  2 ITS) (28-DEC-2000)      
  PAV=   273.1  BARSA  WCT=0.126 GOR=   184.00  SM3/SM3 WGR=   0.0008  SM3/SM3   
 STEP   99 TIME=    366.00  DAYS (    +3.5  DAYS REPT  2 ITS) (1-JAN-2001)       
  PAV=   273.1  BARSA  WCT=0.126 GOR=   184.00  SM3/SM3 WGR=   0.0008  SM3/SM3   

 @--MESSAGE  AT TIME      366.0   DAYS    ( 1-JAN-2001):
 @           RESTART FILE WRITTEN   REPORT    12                             
 @           RESTART INCLUDES FLUIDS IN PLACE                                
   285 READING WELSPECS
   286 READING COMPORD 
   287 READING COMPDAT 
   288 READING WELSEGS 
   289 READING WELSEGS 
   290 READING COMPSEGS
   291 READING COMPSEGS
   292 READING WCONHIST

 @--MESSAGE  AT TIME      366.0   DAYS    ( 1-JAN-2001):
 @           OPENING WELL OP_4     AT TIME    366.00   DAYS                  
 @           CONTROLLED BY RESERVOIR FLUID VOLUME RATE                       

 @--MESSAGE  AT TIME      366.0   DAYS    ( 1-JAN-2001):
 @           OPENING WELL OP_5     AT TIME    366.00   DAYS                  
 @           CONTROLLED BY RESERVOIR FLUID VOLUME RATE                       
   293 READING WRFTPLT 
   294 READING DATES   

 @--PROBLEM  AT TIME      366.0   DAYS    ( 1-JAN-2001):
 @           POTENTIAL IN WELL OP_4     NOT CONVERGED IN  1 X  50 ITERATIONS 
 @           RESIDUAL ERROR IN FLOWS AND PRESSURE                            
 @             OIL         3.24624E+03                                       
 @             WATER       7.66173E-01                                       
 @             GAS         5.97309E+05                                       
 @            MSW PRES     7.64145E+01                                       
 @           TRY SETTING ITEM 2 IN THE WPOTCALC KEYWORD.                     
 @           TRY CHANGING PARAMETERS IN THE WSEGITER KEYWORD                 

 @--PROBLEM  AT TIME      366.0   DAYS    ( 1-JAN-2001):
 @           POTENTIAL IN WELL OP_5     NOT CONVERGED IN  1 X  50 ITERATIONS 
 @           RESIDUAL ERROR IN FLOWS AND PRESSURE                            
 @             OIL         3.14373E+03                                       
 @             WATER       3.08275E-01                                       
 @             GAS         5.78446E+05                                       
 @            MSW PRES     8.76946E+01                                       
 @           TRY SETTING ITEM 2 IN THE WPOTCALC KEYWORD.                     
 @           TRY CHANGING PARAMETERS IN THE WSEGITER KEYWORD                 
 STEP  100 TIME=    367.00  DAYS (    +1.0  DAYS MAXW  2 ITS) (2-JAN-2001)       
  PAV=   272.9  BARSA  WCT=0.079 GOR=   184.00  SM3/SM3 WGR=   0.0005  SM3/SM3   
 STEP  101 TIME=    370.00  DAYS (    +3.0  DAYS MAXF  2 ITS) (5-JAN-2001)       
  PAV=   272.3  BARSA  WCT=0.080 GOR=   184.00  SM3/SM3 WGR=   0.0005  SM3/SM3   
 STEP  102 TIME=    375.00  DAYS (    +5.0  DAYS MAXS  2 ITS) (10-JAN-2001)      
  PAV=   271.5  BARSA  WCT=0.081 GOR=   184.00  SM3/SM3 WGR=   0.0005  SM3/SM3   
 STEP  103 TIME=    380.00  DAYS (    +5.0  DAYS MAXS  3 ITS) (15-JAN-2001)      
  PAV=   270.8  BARSA  WCT=0.082 GOR=   184.00  SM3/SM3 WGR=   0.0005  SM3/SM3   
 STEP  104 TIME=    385.00  DAYS (    +5.0  DAYS MAXS  3 ITS) (20-JAN-2001)      
  PAV=   270.1  BARSA  WCT=0.083 GOR=   184.00  SM3/SM3 WGR=   0.0005  SM3/SM3   
 STEP  105 TIME=    390.00  DAYS (    +5.0  DAYS MAXS  3 ITS) (25-JAN-2001)      
  PAV=   269.4  BARSA  WCT=0.084 GOR=   184.00  SM3/SM3 WGR=   0.0005  SM3/SM3   
 STEP  106 TIME=    393.50  DAYS (    +3.5  DAYS HALF  2 ITS) (28-JAN-2001)      
  PAV=   268.9  BARSA  WCT=0.085 GOR=   184.00  SM3/SM3 WGR=   0.0005  SM3/SM3   
 STEP  107 TIME=    397.00  DAYS (    +3.5  DAYS REPT  2 ITS) (1-FEB-2001)       
  PAV=   268.4  BARSA  WCT=0.087 GOR=   184.00  SM3/SM3 WGR=   0.0005  SM3/SM3   
   295 READING WCONHIST
   296 READING DATES   
 STEP  108 TIME=    398.00  DAYS (    +1.0  DAYS MAXW  1 ITS) (2-FEB-2001)       
  PAV=   268.4  BARSA  WCT=0.099 GOR=   184.00  SM3/SM3 WGR=   0.0006  SM3/SM3   
 STEP  109 TIME=    401.00  DAYS (    +3.0  DAYS MAXF  2 ITS) (5-FEB-2001)       
  PAV=   268.4  BARSA  WCT=0.100 GOR=   184.00  SM3/SM3 WGR=   0.0006  SM3/SM3   
 STEP  110 TIME=    406.00  DAYS (    +5.0  DAYS MAXS  3 ITS) (10-FEB-2001)      
  PAV=   268.2  BARSA  WCT=0.103 GOR=   184.00  SM3/SM3 WGR=   0.0006  SM3/SM3   
 STEP  111 TIME=    411.00  DAYS (    +5.0  DAYS MAXS  3 ITS) (15-FEB-2001)      
  PAV=   268.0  BARSA  WCT=0.106 GOR=   184.00  SM3/SM3 WGR=   0.0006  SM3/SM3   
 STEP  112 TIME=    416.00  DAYS (    +5.0  DAYS MAXS  3 ITS) (20-FEB-2001)      
  PAV=   267.8  BARSA  WCT=0.109 GOR=   184.00  SM3/SM3 WGR=   0.0007  SM3/SM3   
 STEP  113 TIME=    420.50  DAYS (    +4.5  DAYS HALF  2 ITS) (24-FEB-2001)      
  PAV=   267.6  BARSA  WCT=0.112 GOR=   184.00  SM3/SM3 WGR=   0.0007  SM3/SM3   
 STEP  114 TIME=    425.00  DAYS (    +4.5  DAYS REPT  2 ITS) (1-MAR-2001)       
  PAV=   267.4  BARSA  WCT=0.115 GOR=   184.00  SM3/SM3 WGR=   0.0007  SM3/SM3   
   297 READING WELSPECS
   298 READING COMPORD 
   299 READING COMPDAT 
   300 READING WELSEGS 

 @--  ERROR  AT TIME      425.0   DAYS    ( 1-MAR-2001):
 @           SEGMENT   2 IN WELL WI_3     HAS A LENGTH <OR= 0.0              

 @--  ERROR  AT TIME      425.0   DAYS    ( 1-MAR-2001):
 @                                                                           
 @           RUN STOPPED BECAUSE NUMBER OF   ERRORS                          
 @           EXCEEDS MAXIMUM PERMITTED VALUE (     0).                       
          630 Mbytes of storage required                         
  18.0039     KB/active cell                                     
          789 Mbytes (image size)                                

 Error summary 
 Comments               2
 Warnings               8
 Problems               3
 Errors                 2
 Bugs                   0
 Final cpu      46.46 elapsed      47.15
 Total number of time steps forced to be accepted          0
