 ECLIPSE   Version 2017.2. Build Number 30032000. (Arch : Linux X86_64 (64 bit, LINRH6_IL13_OPT))

 Proprietary Notice
 This application contains the confidential and
 proprietary trade secrets of Schlumberger and may 
 not be copied or stored in an information retrieval
 system, transferred, used, distributed, translated,
 or retransmitted in any form or by any means, electronic
 or mechanical, in whole or in part, without the
 express written permission of the copyright owner.

 ECLIPSE is a mark of Schlumberger. Copyright (c)
 1981-2017 Schlumberger. All rights reserved.

     1 READING RUNSPEC 
     2 READING TITLE   
     3 READING SAVE    
     4 READING NOECHO  
     5 READING DIMENS  
     6 READING START   
     7 READING OIL     
     8 READING GAS     
     9 READING WATER   
    10 READING DISGAS  
    11 READING METRIC  
    12 READING GRIDOPTS
    13 READING ENDSCALE
    14 READING EQLOPTS 
    15 READING TABDIMS 
    16 READING EQLDIMS 
    17 READING REGDIMS 
    18 READING FAULTDIM
    19 READING WELLDIMS
    20 READING WSEGDIMS
    21 READING VFPPDIMS

 @--MESSAGE  AT TIME        0.0   DAYS    ( 1-JAN-2000):
 @           CHECKING FOR LICENSES                                           
    22 READING VFPIDIMS
    23 READING SMRYDIMS
    24 READING UNIFIN  
    25 READING UNIFOUT 
    26 READING NOINSPEC
    27 READING NORSSPEC
    28 READING GRID    

 @--MESSAGE  AT TIME        0.0   DAYS    ( 1-JAN-2000):
 @           CHECKING FOR LICENSES                                           

 @--MESSAGE  AT TIME        0.0   DAYS    ( 1-JAN-2000):
 @           THE MEMORY REQUIRED TO PROCESS THE GRID SECTION IS              
 @                17002 KBYTES                                               
    30 READING NOECHO  
    31 READING INIT    
    32 READING GRIDFILE
    33 READING MESSAGES
    34 READING PINCH   
    35 READING NOECHO  
    36 READING INCLUDE ../include/grid/reek.grid                                                                                                           

 @--WARNING  AT TIME        0.0   DAYS    ( 1-JAN-2000):
 @           INCLUDED FILE APPEARS TO BE A GRID FILE                         
 @           GRID FILES MUST BE IMPORTED USING GDFILE OR IMPORT              
    37 READING NOECHO  
    38 READING MAPUNITS
    39 READING MAPAXES 
    40 READING GRIDUNIT
    41 READING SPECGRID
    42 READING GDORIENT
    43 READING COORD   
    44 READING ZCORN   
    45 READING ACTNUM  
    46 READING ECHO    
               END OF INCLUDE FILE 
    47 READING INCLUDE ../include/grid/reek.faults                                                                                                         
    48 READING FAULTS  
               END OF INCLUDE FILE 
    49 READING INCLUDE ../include/grid/reek.poro                                                                                                           
    50 READING PORO    
               END OF INCLUDE FILE 
    51 READING INCLUDE ../include/grid/reek.perm                                                                                                           
    52 READING PERMX   
    53 READING PERMY   
    54 READING PERMZ   
               END OF INCLUDE FILE 
    55 READING MULTIPLY
    56 READING INCLUDE ../include/grid/reek.multflt                                                                                                        
    57 READING MULTFLT 
               END OF INCLUDE FILE 
    58 READING INCLUDE ../include/grid/reek.multz                                                                                                          
    59 READING EQUALS  
               END OF INCLUDE FILE 
    60 READING EDIT    

 @--WARNING  AT TIME        0.0   DAYS    ( 1-JAN-2000):
 @           FLUX FLAG SET IN RUNSPEC BUT FLUXNUM KEYWORD                    
 @           NOT USED -- SAVE SPACE BY SETTING NTFREG = 0                    
 @           IN RUNSPEC KEYWORD REGDIMS.                                     

 @--MESSAGE  AT TIME        0.0   DAYS    ( 1-JAN-2000):
 @           NEITHER OLDTRAN,OLDTRANR NOR NEWTRAN SPECIFIED                  
 @           TRANSMISSIBILITIES TO BE CALCULATED                             
 @           USING  NEWTRAN                                                  
    61 READING PROPS   

 @--MESSAGE  AT TIME        0.0   DAYS    ( 1-JAN-2000):
 @                102 NON-NEIGHBOUR CONNECTIONS HAVE BEEN IGNORED            
 @           AS THEIR TRANSMISSIBILITY IS LESS THAN 0.100000E-05             

 @--MESSAGE  AT TIME        0.0   DAYS    ( 1-JAN-2000):
 @           3044 NON-NEIGHBOUR CONNECTIONS PRESENT                          

 @--COMMENT  AT TIME        0.0   DAYS    ( 1-JAN-2000):
 @           LEFT HANDED GRIDS MAY NOT BE SUPPORTED                          
 @            IN ALL PRE AND POST PROCESSORS                                 

 @--COMMENT  AT TIME        0.0   DAYS    ( 1-JAN-2000):
 @           THE GRID APPEARS TO BE LEFT HANDED, BUT                         
 @           IS SPECIFIED IN GDORIENT AS RIGHT HANDED.                       
 @           ENSURE GDORIENT IS CORRECTLY DEFINED.                           

 @--MESSAGE  AT TIME        0.0   DAYS    ( 1-JAN-2000):
 @           NUMBER OF ACTIVE CELLS IS 35833                                 

 @--MESSAGE  AT TIME        0.0   DAYS    ( 1-JAN-2000):
 @           THE MEMORY REQUIRED TO PROCESS THE SOLUTION SECTION IS          
 @               631504 KBYTES                                               

 @--MESSAGE  AT TIME        0.0   DAYS    ( 1-JAN-2000):
 @              89918 CHARACTER VARIABLES USED                               
    62 READING INCLUDE ../include/props/swof.inc                                                                                                           
    63 READING SWOF    
               END OF INCLUDE FILE 
    64 READING INCLUDE ../include/props/sgof.inc                                                                                                           
    65 READING SGOF    
               END OF INCLUDE FILE 
    66 READING INCLUDE ../include/props/reek.swatinit                                                                                                      
    67 READING SWATINIT
               END OF INCLUDE FILE 
    68 READING INCLUDE ../include/props/reek.endpoints                                                                                                     
    69 READING COPY    
    70 READING MAXVALUE
    71 READING COPY    
    72 READING MULTIPLY
    73 READING ADD     
    74 READING EQUALS  
               END OF INCLUDE FILE 
    75 READING SCALECRS
    76 READING INCLUDE ../include/props/reek.pvt                                                                                                           
    77 READING ROCKOPTS
    78 READING ROCK    

 @--WARNING  AT TIME        0.0   DAYS    ( 1-JAN-2000):
 @           ALTHOUGH ROCK DATA WAS ASSOCIATED WITH ROCKNUM                  
 @           THE NUMBER OF REGIONS WAS NOT EXPLICITLY SET                    
 @           USING ARGUMENT 13 OF KEYWORD TABDIMS                            
 @           ROCK WILL BE ASSOCIATED WITH PVTNUM INSTEAD                     
    79 READING PVTW    
    80 READING PVTO    
    81 READING PVDG    
    82 READING DENSITY 
               END OF INCLUDE FILE 
    83 READING REGIONS 

 @--WARNING  AT TIME        0.0   DAYS    ( 1-JAN-2000):
 @           THE PROCESSED PVTO DATA FOR TABLE   1                           
 @           HAS UNDERSATURATED BO LINES THAT WILL INTERSECT                 
 @           IF EXTRAPOLATED                                                 
 @           AT RS VALUES OF     522.8400  SM3/SM3 AND     630.0000  SM3/SM3 
 @           AND A PRESSURE OF       745.57   BARSA                          

 @--WARNING  AT TIME        0.0   DAYS    ( 1-JAN-2000):
 @           THE PROCESSED PVTO DATA FOR TABLE   1                           
 @           HAS UNDERSATURATED BO LINES THAT WILL INTERSECT                 
 @           IF EXTRAPOLATED                                                 
 @           AT RS VALUES OF     522.8400  SM3/SM3 AND     630.0000  SM3/SM3 
 @           AND A PRESSURE OF       745.99   BARSA                          

 @--WARNING  AT TIME        0.0   DAYS    ( 1-JAN-2000):
 @           THE MAXIMUM PRESSURE ENTERED IN THE PVT TABLES                  
 @           FOR THE OIL PHASE IS    700.100. THIS IS GREATER THAN           
 @           THE MAXIMUM PRESSURE FOR THE GAS PHASE,    700.000              
 @           AND MAY LEAD TO PVT TABLE EXTRAPOLATION                         
    84 READING INCLUDE ../include/regions/reek.eqlnum                                                                                                      
    85 READING EQLNUM  
               END OF INCLUDE FILE 
    86 READING INCLUDE ../include/regions/reek.fipnum                                                                                                      
    87 READING FIPNUM  
               END OF INCLUDE FILE 
    88 READING INCLUDE ../include/regions/reek.satnum                                                                                                      
    89 READING SATNUM  
               END OF INCLUDE FILE 
    90 READING EQUALS  
    91 READING SOLUTION

 @--MESSAGE  AT TIME        0.0   DAYS    ( 1-JAN-2000):
 @           SAVE FILE HAS BEEN WRITTEN.                                     
    92 READING INCLUDE ../include/solution/reek.equil                                                                                                      
    93 READING EQUIL   

 @--WARNING  AT TIME        0.0   DAYS    ( 1-JAN-2000):
 @           THE FINE GRID BLOCK EQUILIBRATION SHOULD NOT                    
 @           USUALLY BE USED WITH THE SWATINIT KEYWORD AS                    
 @           THE INTEGRATED SOLUTION WILL NOT IN GENERAL                     
 @           HONOUR THE SWATINIT DATA.                                       
 @           FOR EQUILIBRATION REGION 1                                      

 @--WARNING  AT TIME        0.0   DAYS    ( 1-JAN-2000):
 @           THE FINE GRID BLOCK EQUILIBRATION SHOULD NOT                    
 @           USUALLY BE USED WITH THE SWATINIT KEYWORD AS                    
 @           THE INTEGRATED SOLUTION WILL NOT IN GENERAL                     
 @           HONOUR THE SWATINIT DATA.                                       
 @           FOR EQUILIBRATION REGION 2                                      
               END OF INCLUDE FILE 
    94 READING RSVD    
    95 READING RPTSOL  
    96 READING RPTRST  
    97 READING SUMMARY 
    98 READING INCLUDE ../include/summary/reek.smry                                                                                                        
    99 READING FOPR    
   100 READING FOPRH   
   101 READING FGPR    
   102 READING FGPRH   
   103 READING FWPR    
   104 READING FWPRH   
   105 READING FLPR    
   106 READING FLPRH   
   107 READING FVPR    
   108 READING FOPRF   
   109 READING FOPRS   
   110 READING FGSR    
   111 READING FGPRF   
   112 READING FGPRS   
   113 READING FOPP    
   114 READING FWPP    
   115 READING FGPP    
   116 READING FMWPR   
   117 READING FMWIN   
   118 READING FVIR    
   119 READING FWIR    
   120 READING FWIRH   
   121 READING FGIR    
   122 READING FGIRH   
   123 READING FGLIR   
   124 READING FMCTP   
   125 READING FVPT    
   126 READING FOPT    
   127 READING FOPTH   
   128 READING FWPT    
   129 READING FWPTH   
   130 READING FGPT    
   131 READING FGPTH   
   132 READING FWIT    
   133 READING FWITH   
   134 READING FGIT    
   135 READING FGITH   
   136 READING FOPTF   
   137 READING FOPTS   
   138 READING FWIP    
   139 READING FOIP    
   140 READING FGIP    
   141 READING FWCT    
   142 READING FWCTH   
   143 READING FGOR    
   144 READING FGORH   
   145 READING FGLR    
   146 READING FWGR    
   147 READING FPR     
   148 READING RPR     
   149 READING ROIP    
   150 READING ROIPL   
   151 READING ROIPG   
   152 READING RGIP    
   153 READING RGIPL   
   154 READING RGIPG   
   155 READING RGPR    
   156 READING RGPT    
   157 READING GMWPR   
   158 READING GGLIR   
   159 READING GOPR    
   160 READING GOPRH   
   161 READING GGPR    
   162 READING GGPRH   
   163 READING GWPR    
   164 READING GWPRH   
   165 READING GVPR    
   166 READING GLPR    
   167 READING GOPRF   
   168 READING GOPRS   
   169 READING GGPRF   
   170 READING GGPRS   
   171 READING GWCT    
   172 READING GWCTH   
   173 READING GGOR    
   174 READING GGORH   
   175 READING GWGR    
   176 READING GGLR    
   177 READING GOPT    
   178 READING GOPTH   
   179 READING GGPT    
   180 READING GGPTH   
   181 READING GWPT    
   182 READING GWPTH   
   183 READING GVPT    
   184 READING GLPT    
   185 READING GOPTF   
   186 READING GOPTS   
   187 READING GGPTF   
   188 READING GGPTS   
   189 READING GWIR    
   190 READING GVIR    
   191 READING GWIRH   
   192 READING GGIR    
   193 READING GGIRH   
   194 READING GOPP    
   195 READING GGPP    
   196 READING GWPP    
   197 READING GMCTP   
   198 READING WOPR    
   199 READING WOPRH   
   200 READING WGPR    
   201 READING WGPRH   
   202 READING WWPR    
   203 READING WWPRH   
   204 READING WOPT    
   205 READING WWPT    
   206 READING WGPT    
   207 READING WOPTH   
   208 READING WWPTH   
   209 READING WGPTH   
   210 READING WWCT    
   211 READING WWCTH   
   212 READING WGOR    
   213 READING WGORH   
   214 READING WWIR    
   215 READING WWIRH   
   216 READING WGIR    
   217 READING WGIRH   
   218 READING WWIT    
   219 READING WWITH   
   220 READING WGIT    
   221 READING WGITH   
   222 READING WBHP    
   223 READING WTHP    
   224 READING WPI     
   225 READING WVPR    
   226 READING WBP     
   227 READING WBP4    
   228 READING WBP9    
   229 READING WMCTL   
   230 READING WLPR    
   231 READING WGLIR   
   232 READING WOGLR   
   233 READING BPR     
   234 READING TCPU    
   235 READING TCPUDAY 
               END OF INCLUDE FILE 
   236 READING SCHEDULE
   237 READING TUNING  
   238 READING INCLUDE ../include/schedule/reek_history.sch                                                                                                
   239 READING GRUPTREE
   240 READING DATES   

 @--MESSAGE  AT TIME        0.0   DAYS    ( 1-JAN-2000):
 @           DRSDT OR DRSDTR KEYWORDS HAVE NOT BEEN                          
 @           ENTERED, SO THE MAXIMUM GAS RE-SOLUTION                         
 @           RATE IS DEFAULTED TO INFINITY.                                  

 @--MESSAGE  AT TIME        0.0   DAYS    ( 1-JAN-2000):
 @           RESTART FILE WRITTEN   REPORT     0                             
 @           RESTART INCLUDES FLUIDS IN PLACE                                
 STEP    1 TIME=      1.00  DAYS (    +1.0  DAYS INIT  4 ITS) (2-JAN-2000)       
  PAV=   306.2  BARSA  WCT= 0.00 GOR= 0.00000   SM3/SM3 WGR= 0.00000   SM3/SM3   
 STEP    2 TIME=      3.43  DAYS (    +2.4  DAYS TRNC  3 ITS) (4-JAN-2000)       
  PAV=   306.2  BARSA  WCT= 0.00 GOR= 0.00000   SM3/SM3 WGR= 0.00000   SM3/SM3   
 STEP    3 TIME=      8.43  DAYS (    +5.0  DAYS MAXS  3 ITS) (9-JAN-2000)       
  PAV=   306.2  BARSA  WCT= 0.00 GOR= 0.00000   SM3/SM3 WGR= 0.00000   SM3/SM3   
 STEP    4 TIME=     13.43  DAYS (    +5.0  DAYS MAXS  2 ITS) (14-JAN-2000)      
  PAV=   306.2  BARSA  WCT= 0.00 GOR= 0.00000   SM3/SM3 WGR= 0.00000   SM3/SM3   
 STEP    5 TIME=     18.43  DAYS (    +5.0  DAYS MAXS  2 ITS) (19-JAN-2000)      
  PAV=   306.2  BARSA  WCT= 0.00 GOR= 0.00000   SM3/SM3 WGR= 0.00000   SM3/SM3   
 STEP    6 TIME=     23.43  DAYS (    +5.0  DAYS MAXS  3 ITS) (24-JAN-2000)      
  PAV=   306.2  BARSA  WCT= 0.00 GOR= 0.00000   SM3/SM3 WGR= 0.00000   SM3/SM3   
 STEP    7 TIME=     27.21  DAYS (    +3.8  DAYS HALF  2 ITS) (28-JAN-2000)      
  PAV=   306.2  BARSA  WCT= 0.00 GOR= 0.00000   SM3/SM3 WGR= 0.00000   SM3/SM3   
 STEP    8 TIME=     31.00  DAYS (    +3.8  DAYS REPT  2 ITS) (1-FEB-2000)       
  PAV=   306.2  BARSA  WCT= 0.00 GOR= 0.00000   SM3/SM3 WGR= 0.00000   SM3/SM3   
   241 READING WELSPECS
   242 READING COMPORD 
   243 READING COMPDAT 
   244 READING WELSEGS 
   245 READING WELSEGS 
   246 READING WELSEGS 
   247 READING WELSEGS 
   248 READING COMPSEGS
   249 READING COMPSEGS
   250 READING COMPSEGS
   251 READING COMPSEGS
   252 READING WCONHIST

 @--MESSAGE  AT TIME       31.0   DAYS    ( 1-FEB-2000):
 @           OPENING WELL OP_1     AT TIME     31.00   DAYS                  
 @           CONTROLLED BY RESERVOIR FLUID VOLUME RATE                       

 @--MESSAGE  AT TIME       31.0   DAYS    ( 1-FEB-2000):
 @           OPENING WELL OP_2     AT TIME     31.00   DAYS                  
 @           CONTROLLED BY RESERVOIR FLUID VOLUME RATE                       

 @--MESSAGE  AT TIME       31.0   DAYS    ( 1-FEB-2000):
 @           OPENING WELL OP_3     AT TIME     31.00   DAYS                  
 @           CONTROLLED BY RESERVOIR FLUID VOLUME RATE                       
   253 READING WCONINJH

 @--MESSAGE  AT TIME       31.0   DAYS    ( 1-FEB-2000):
 @           OPENING WELL WI_1     AT TIME     31.00   DAYS                  
 @           CONTROLLED BY WATER RATE                                        
   254 READING WRFTPLT 
   255 READING DATES   

 @--PROBLEM  AT TIME       31.0   DAYS    ( 1-FEB-2000):
 @           POTENTIAL IN WELL OP_1     NOT CONVERGED IN  1 X  50 ITERATIONS 
 @           RESIDUAL ERROR IN FLOWS AND PRESSURE                            
 @             OIL         4.09388E+03                                       
 @             WATER       8.74768E-02                                       
 @             GAS         7.53273E+05                                       
 @            MSW PRES     2.36254E+02                                       
 @           TRY SETTING ITEM 2 IN THE WPOTCALC KEYWORD.                     
 @           TRY CHANGING PARAMETERS IN THE WSEGITER KEYWORD                 
 STEP    9 TIME=     32.00  DAYS (    +1.0  DAYS MAXW  3 ITS) (2-FEB-2000)       
  PAV=   305.7  BARSA  WCT=0.000 GOR=   184.00  SM3/SM3 WGR=   0.0000  SM3/SM3   

 @--PROBLEM  AT TIME       32.0   DAYS    ( 2-FEB-2000):
 @           POTENTIAL IN WELL OP_1     NOT CONVERGED IN  1 X  50 ITERATIONS 
 @           RESIDUAL ERROR IN FLOWS AND PRESSURE                            
 @             OIL         1.41960E+03                                       
 @             WATER       2.77752E-02                                       
 @             GAS         2.61207E+05                                       
 @            MSW PRES     1.12484E+02                                       
 @           TRY SETTING ITEM 2 IN THE WPOTCALC KEYWORD.                     
 @           TRY CHANGING PARAMETERS IN THE WSEGITER KEYWORD                 
 STEP   10 TIME=     33.64  DAYS (    +1.6  DAYS TRNC  2 ITS) (3-FEB-2000)       
  PAV=   305.1  BARSA  WCT=0.000 GOR=   184.00  SM3/SM3 WGR=   0.0000  SM3/SM3   

 @--PROBLEM  AT TIME       33.6   DAYS    ( 3-FEB-2000):
 @           POTENTIAL IN WELL OP_1     NOT CONVERGED IN  1 X  50 ITERATIONS 
 @           RESIDUAL ERROR IN FLOWS AND PRESSURE                            
 @             OIL         1.59337E+03                                       
 @             WATER       2.29773E-02                                       
 @             GAS         2.93181E+05                                       
 @            MSW PRES     7.96672E+01                                       
 @           TRY SETTING ITEM 2 IN THE WPOTCALC KEYWORD.                     
 @           TRY CHANGING PARAMETERS IN THE WSEGITER KEYWORD                 
 STEP   11 TIME=     37.32  DAYS (    +3.7  DAYS TRNC  3 ITS) (7-FEB-2000)       
  PAV=   304.0  BARSA  WCT=0.000 GOR=   184.00  SM3/SM3 WGR=   0.0000  SM3/SM3   

 @--PROBLEM  AT TIME       37.3   DAYS    ( 7-FEB-2000):
 @           POTENTIAL IN WELL OP_1     NOT CONVERGED IN  1 X  50 ITERATIONS 
 @           RESIDUAL ERROR IN FLOWS AND PRESSURE                            
 @             OIL         3.05697E+03                                       
 @             WATER       4.03162E-02                                       
 @             GAS         5.62482E+05                                       
 @            MSW PRES     3.24862E+01                                       
 @           TRY SETTING ITEM 2 IN THE WPOTCALC KEYWORD.                     
 @           TRY CHANGING PARAMETERS IN THE WSEGITER KEYWORD                 
 STEP   12 TIME=     41.80  DAYS (    +4.5  DAYS TRNC  3 ITS) (11-FEB-2000)      
  PAV=   302.7  BARSA  WCT=0.000 GOR=   184.00  SM3/SM3 WGR=   0.0000  SM3/SM3   

 @--PROBLEM  AT TIME       41.8   DAYS    (11-FEB-2000):
 @           POTENTIAL IN WELL OP_1     NOT CONVERGED IN  1 X  50 ITERATIONS 
 @           RESIDUAL ERROR IN FLOWS AND PRESSURE                            
 @             OIL         3.03885E+03                                       
 @             WATER       4.10896E-02                                       
 @             GAS         5.59149E+05                                       
 @            MSW PRES     3.16972E+01                                       
 @           TRY SETTING ITEM 2 IN THE WPOTCALC KEYWORD.                     
 @           TRY CHANGING PARAMETERS IN THE WSEGITER KEYWORD                 
 STEP   13 TIME=     46.80  DAYS (    +5.0  DAYS MAXS  3 ITS) (16-FEB-2000)      
  PAV=   301.4  BARSA  WCT=0.000 GOR=   184.00  SM3/SM3 WGR=   0.0000  SM3/SM3   

 @--PROBLEM  AT TIME       46.8   DAYS    (16-FEB-2000):
 @           POTENTIAL IN WELL OP_1     NOT CONVERGED IN  1 X  50 ITERATIONS 
 @           RESIDUAL ERROR IN FLOWS AND PRESSURE                            
 @             OIL         3.01891E+03                                       
 @             WATER       4.18354E-02                                       
 @             GAS         5.55479E+05                                       
 @            MSW PRES     3.15998E+01                                       
 @           TRY SETTING ITEM 2 IN THE WPOTCALC KEYWORD.                     
 @           TRY CHANGING PARAMETERS IN THE WSEGITER KEYWORD                 
 STEP   14 TIME=     51.80  DAYS (    +5.0  DAYS MAXS  3 ITS) (21-FEB-2000)      
  PAV=   300.1  BARSA  WCT=0.002 GOR=   184.00  SM3/SM3 WGR=   0.0000  SM3/SM3   

 @--PROBLEM  AT TIME       51.8   DAYS    (21-FEB-2000):
 @           POTENTIAL IN WELL OP_1     NOT CONVERGED IN  1 X  50 ITERATIONS 
 @           RESIDUAL ERROR IN FLOWS AND PRESSURE                            
 @             OIL         2.99451E+03                                       
 @             WATER       4.25311E-02                                       
 @             GAS         5.50990E+05                                       
 @            MSW PRES     3.29714E+01                                       
 @           TRY SETTING ITEM 2 IN THE WPOTCALC KEYWORD.                     
 @           TRY CHANGING PARAMETERS IN THE WSEGITER KEYWORD                 
 STEP   15 TIME=     55.90  DAYS (    +4.1  DAYS HALF  3 ITS) (25-FEB-2000)      
  PAV=   299.0  BARSA  WCT=0.005 GOR=   184.00  SM3/SM3 WGR=   0.0000  SM3/SM3   

 @--PROBLEM  AT TIME       55.9   DAYS    (25-FEB-2000):
 @           POTENTIAL IN WELL OP_1     NOT CONVERGED IN  1 X  50 ITERATIONS 
 @           RESIDUAL ERROR IN FLOWS AND PRESSURE                            
 @             OIL         7.14957E+02                                       
 @             WATER       1.42405E-02                                       
 @             GAS         1.31552E+05                                       
 @            MSW PRES     1.06956E+02                                       
 @           TRY SETTING ITEM 2 IN THE WPOTCALC KEYWORD.                     
 @           TRY CHANGING PARAMETERS IN THE WSEGITER KEYWORD                 
 STEP   16 TIME=     60.00  DAYS (    +4.1  DAYS REPT  3 ITS) (1-MAR-2000)       
  PAV=   298.0  BARSA  WCT=0.017 GOR=   184.00  SM3/SM3 WGR=   0.0001  SM3/SM3   
   256 READING WCONHIST
   257 READING WCONINJH
   258 READING DATES   

 @--PROBLEM  AT TIME       60.0   DAYS    ( 1-MAR-2000):
 @           POTENTIAL IN WELL OP_1     NOT CONVERGED IN  1 X  50 ITERATIONS 
 @           RESIDUAL ERROR IN FLOWS AND PRESSURE                            
 @             OIL         3.09968E+03                                       
 @             WATER       5.51674E-02                                       
 @             GAS         5.70341E+05                                       
 @            MSW PRES     7.66366E+01                                       
 @           TRY SETTING ITEM 2 IN THE WPOTCALC KEYWORD.                     
 @           TRY CHANGING PARAMETERS IN THE WSEGITER KEYWORD                 
 STEP   17 TIME=     61.00  DAYS (    +1.0  DAYS MAXW  3 ITS) (2-MAR-2000)       
  PAV=   297.8  BARSA  WCT=0.014 GOR=   184.00  SM3/SM3 WGR=   0.0001  SM3/SM3   

 @--PROBLEM  AT TIME       61.0   DAYS    ( 2-MAR-2000):
 @           POTENTIAL IN WELL OP_1     NOT CONVERGED IN  1 X  50 ITERATIONS 
 @           RESIDUAL ERROR IN FLOWS AND PRESSURE                            
 @             OIL         1.41788E+03                                       
 @             WATER       2.47799E-02                                       
 @             GAS         2.60890E+05                                       
 @            MSW PRES     8.86224E+01                                       
 @           TRY SETTING ITEM 2 IN THE WPOTCALC KEYWORD.                     
 @           TRY CHANGING PARAMETERS IN THE WSEGITER KEYWORD                 
 STEP   18 TIME=     64.00  DAYS (    +3.0  DAYS MAXF  2 ITS) (5-MAR-2000)       
  PAV=   297.1  BARSA  WCT=0.022 GOR=   184.00  SM3/SM3 WGR=   0.0001  SM3/SM3   

 @--PROBLEM  AT TIME       64.0   DAYS    ( 5-MAR-2000):
 @           POTENTIAL IN WELL OP_1     NOT CONVERGED IN  1 X  50 ITERATIONS 
 @           RESIDUAL ERROR IN FLOWS AND PRESSURE                            
 @             OIL         2.95807E+03                                       
 @             WATER       4.39481E-02                                       
 @             GAS         5.44286E+05                                       
 @            MSW PRES     3.14012E+01                                       
 @           TRY SETTING ITEM 2 IN THE WPOTCALC KEYWORD.                     
 @           TRY CHANGING PARAMETERS IN THE WSEGITER KEYWORD                 
 STEP   19 TIME=     69.00  DAYS (    +5.0  DAYS MAXS  3 ITS) (10-MAR-2000)      
  PAV=   295.9  BARSA  WCT=0.039 GOR=   184.00  SM3/SM3 WGR=   0.0002  SM3/SM3   

 @--PROBLEM  AT TIME       69.0   DAYS    (10-MAR-2000):
 @           POTENTIAL IN WELL OP_1     NOT CONVERGED IN  1 X  50 ITERATIONS 
 @           RESIDUAL ERROR IN FLOWS AND PRESSURE                            
 @             OIL         2.94323E+03                                       
 @             WATER       4.44342E-02                                       
 @             GAS         5.41555E+05                                       
 @            MSW PRES     3.13778E+01                                       
 @           TRY SETTING ITEM 2 IN THE WPOTCALC KEYWORD.                     
 @           TRY CHANGING PARAMETERS IN THE WSEGITER KEYWORD                 
 STEP   20 TIME=     74.00  DAYS (    +5.0  DAYS MAXS  3 ITS) (15-MAR-2000)      
  PAV=   294.8  BARSA  WCT=0.058 GOR=   184.00  SM3/SM3 WGR=   0.0003  SM3/SM3   

 @--PROBLEM  AT TIME       74.0   DAYS    (15-MAR-2000):
 @           POTENTIAL IN WELL OP_1     NOT CONVERGED IN  1 X  50 ITERATIONS 
 @           RESIDUAL ERROR IN FLOWS AND PRESSURE                            
 @             OIL         2.92927E+03                                       
 @             WATER       4.48783E-02                                       
 @             GAS         5.38986E+05                                       
 @            MSW PRES     3.13662E+01                                       
 @           TRY SETTING ITEM 2 IN THE WPOTCALC KEYWORD.                     
 @           TRY CHANGING PARAMETERS IN THE WSEGITER KEYWORD                 
 STEP   21 TIME=     79.00  DAYS (    +5.0  DAYS MAXS  3 ITS) (20-MAR-2000)      
  PAV=   293.7  BARSA  WCT=0.076 GOR=   184.00  SM3/SM3 WGR=   0.0004  SM3/SM3   

 @--PROBLEM  AT TIME       79.0   DAYS    (20-MAR-2000):
 @           POTENTIAL IN WELL OP_1     NOT CONVERGED IN  1 X  50 ITERATIONS 
 @           RESIDUAL ERROR IN FLOWS AND PRESSURE                            
 @             OIL         2.91601E+03                                       
 @             WATER       4.52880E-02                                       
 @             GAS         5.36546E+05                                       
 @            MSW PRES     3.13664E+01                                       
 @           TRY SETTING ITEM 2 IN THE WPOTCALC KEYWORD.                     
 @           TRY CHANGING PARAMETERS IN THE WSEGITER KEYWORD                 
 STEP   22 TIME=     84.00  DAYS (    +5.0  DAYS MAXS  3 ITS) (25-MAR-2000)      
  PAV=   292.6  BARSA  WCT=0.091 GOR=   184.00  SM3/SM3 WGR=   0.0005  SM3/SM3   

 @--PROBLEM  AT TIME       84.0   DAYS    (25-MAR-2000):
 @           POTENTIAL IN WELL OP_1     NOT CONVERGED IN  1 X  50 ITERATIONS 
 @           RESIDUAL ERROR IN FLOWS AND PRESSURE                            
 @             OIL         1.25139E+03                                       
 @             WATER       2.33355E-02                                       
 @             GAS         2.30255E+05                                       
 @            MSW PRES     9.11398E+01                                       
 @           TRY SETTING ITEM 2 IN THE WPOTCALC KEYWORD.                     
 @           TRY CHANGING PARAMETERS IN THE WSEGITER KEYWORD                 
 STEP   23 TIME=     87.50  DAYS (    +3.5  DAYS HALF  3 ITS) (28-MAR-2000)      
  PAV=   291.8  BARSA  WCT=0.100 GOR=   184.00  SM3/SM3 WGR=   0.0006  SM3/SM3   

 @--PROBLEM  AT TIME       87.5   DAYS    (28-MAR-2000):
 @           POTENTIAL IN WELL OP_1     NOT CONVERGED IN  1 X  50 ITERATIONS 
 @           RESIDUAL ERROR IN FLOWS AND PRESSURE                            
 @             OIL         9.74825E+02                                       
 @             WATER       1.97238E-02                                       
 @             GAS         1.79368E+05                                       
 @            MSW PRES     1.02057E+02                                       
 @           TRY SETTING ITEM 2 IN THE WPOTCALC KEYWORD.                     
 @           TRY CHANGING PARAMETERS IN THE WSEGITER KEYWORD                 
 STEP   24 TIME=     91.00  DAYS (    +3.5  DAYS REPT  3 ITS) (1-APR-2000)       
  PAV=   291.0  BARSA  WCT=0.107 GOR=   184.00  SM3/SM3 WGR=   0.0007  SM3/SM3   
   259 READING WCONHIST
   260 READING DATES   
 STEP   25 TIME=     92.00  DAYS (    +1.0  DAYS MAXW  2 ITS) (2-APR-2000)       
  PAV=   290.8  BARSA  WCT=0.085 GOR=   184.00  SM3/SM3 WGR=   0.0005  SM3/SM3   
 STEP   26 TIME=     95.00  DAYS (    +3.0  DAYS MAXF  2 ITS) (5-APR-2000)       
  PAV=   290.3  BARSA  WCT=0.089 GOR=   184.00  SM3/SM3 WGR=   0.0005  SM3/SM3   
 STEP   27 TIME=    100.00  DAYS (    +5.0  DAYS MAXS  4 ITS) (10-APR-2000)      
  PAV=   289.3  BARSA  WCT=0.092 GOR=   184.00  SM3/SM3 WGR=   0.0006  SM3/SM3   
 STEP   28 TIME=    105.00  DAYS (    +5.0  DAYS MAXS  3 ITS) (15-APR-2000)      
  PAV=   288.3  BARSA  WCT=0.095 GOR=   184.00  SM3/SM3 WGR=   0.0006  SM3/SM3   
 STEP   29 TIME=    110.00  DAYS (    +5.0  DAYS MAXS  3 ITS) (20-APR-2000)      
  PAV=   287.3  BARSA  WCT=0.097 GOR=   184.00  SM3/SM3 WGR=   0.0006  SM3/SM3   
 STEP   30 TIME=    115.00  DAYS (    +5.0  DAYS MAXS  3 ITS) (25-APR-2000)      
  PAV=   286.3  BARSA  WCT=0.099 GOR=   184.00  SM3/SM3 WGR=   0.0006  SM3/SM3   
 STEP   31 TIME=    118.00  DAYS (    +3.0  DAYS HALF  2 ITS) (28-APR-2000)      
  PAV=   285.7  BARSA  WCT=0.100 GOR=   184.00  SM3/SM3 WGR=   0.0006  SM3/SM3   
 STEP   32 TIME=    121.00  DAYS (    +3.0  DAYS REPT  2 ITS) (1-MAY-2000)       
  PAV=   285.2  BARSA  WCT=0.102 GOR=   184.00  SM3/SM3 WGR=   0.0006  SM3/SM3   
   261 READING WCONHIST
   262 READING DATES   
 STEP   33 TIME=    122.00  DAYS (    +1.0  DAYS MAXW  2 ITS) (2-MAY-2000)       
  PAV=   285.0  BARSA  WCT=0.091 GOR=   184.00  SM3/SM3 WGR=   0.0005  SM3/SM3   
 STEP   34 TIME=    125.00  DAYS (    +3.0  DAYS MAXF  3 ITS) (5-MAY-2000)       
  PAV=   284.4  BARSA  WCT=0.092 GOR=   184.00  SM3/SM3 WGR=   0.0006  SM3/SM3   
 STEP   35 TIME=    130.00  DAYS (    +5.0  DAYS MAXS  3 ITS) (10-MAY-2000)      
  PAV=   283.5  BARSA  WCT=0.093 GOR=   184.00  SM3/SM3 WGR=   0.0006  SM3/SM3   
 STEP   36 TIME=    135.00  DAYS (    +5.0  DAYS MAXS  3 ITS) (15-MAY-2000)      
  PAV=   282.6  BARSA  WCT=0.094 GOR=   184.00  SM3/SM3 WGR=   0.0006  SM3/SM3   
 STEP   37 TIME=    140.00  DAYS (    +5.0  DAYS MAXS  3 ITS) (20-MAY-2000)      
  PAV=   281.6  BARSA  WCT=0.095 GOR=   184.00  SM3/SM3 WGR=   0.0006  SM3/SM3   
 STEP   38 TIME=    145.00  DAYS (    +5.0  DAYS MAXS  3 ITS) (25-MAY-2000)      
  PAV=   280.7  BARSA  WCT=0.096 GOR=   184.00  SM3/SM3 WGR=   0.0006  SM3/SM3   
 STEP   39 TIME=    148.50  DAYS (    +3.5  DAYS HALF  3 ITS) (28-MAY-2000)      
  PAV=   280.1  BARSA  WCT=0.097 GOR=   184.00  SM3/SM3 WGR=   0.0006  SM3/SM3   
 STEP   40 TIME=    152.00  DAYS (    +3.5  DAYS REPT  3 ITS) (1-JUN-2000)       
  PAV=   279.5  BARSA  WCT=0.098 GOR=   184.00  SM3/SM3 WGR=   0.0006  SM3/SM3   
   263 READING WELSPECS
   264 READING COMPORD 
   265 READING COMPDAT 
   266 READING WELSEGS 
   267 READING COMPSEGS
   268 READING WCONHIST
   269 READING WCONINJH

 @--MESSAGE  AT TIME      152.0   DAYS    ( 1-JUN-2000):
 @           OPENING WELL WI_2     AT TIME    152.00   DAYS                  
 @           CONTROLLED BY WATER RATE                                        
   270 READING WRFTPLT 
   271 READING DATES   
 STEP   41 TIME=    153.00  DAYS (    +1.0  DAYS MAXW  3 ITS) (2-JUN-2000)       
  PAV=   279.4  BARSA  WCT=0.095 GOR=   184.00  SM3/SM3 WGR=   0.0006  SM3/SM3   
 STEP   42 TIME=    154.65  DAYS (    +1.7  DAYS TRNC  3 ITS) (3-JUN-2000)       
  PAV=   279.2  BARSA  WCT=0.096 GOR=   184.00  SM3/SM3 WGR=   0.0006  SM3/SM3   
 STEP   43 TIME=    157.72  DAYS (    +3.1  DAYS TRNC  3 ITS) (6-JUN-2000)       
  PAV=   278.9  BARSA  WCT=0.097 GOR=   184.00  SM3/SM3 WGR=   0.0006  SM3/SM3   
 STEP   44 TIME=    162.72  DAYS (    +5.0  DAYS MAXS  3 ITS) (11-JUN-2000)      
  PAV=   278.5  BARSA  WCT=0.100 GOR=   184.00  SM3/SM3 WGR=   0.0006  SM3/SM3   
 STEP   45 TIME=    167.72  DAYS (    +5.0  DAYS MAXS  3 ITS) (16-JUN-2000)      
  PAV=   278.1  BARSA  WCT=0.102 GOR=   184.00  SM3/SM3 WGR=   0.0006  SM3/SM3   
 STEP   46 TIME=    172.72  DAYS (    +5.0  DAYS MAXS  3 ITS) (21-JUN-2000)      
  PAV=   277.7  BARSA  WCT=0.104 GOR=   184.00  SM3/SM3 WGR=   0.0006  SM3/SM3   
 STEP   47 TIME=    177.36  DAYS (    +4.6  DAYS HALF  3 ITS) (26-JUN-2000)      
  PAV=   277.3  BARSA  WCT=0.106 GOR=   184.00  SM3/SM3 WGR=   0.0006  SM3/SM3   
 STEP   48 TIME=    182.00  DAYS (    +4.6  DAYS REPT  2 ITS) (1-JLY-2000)       
  PAV=   277.0  BARSA  WCT=0.108 GOR=   184.00  SM3/SM3 WGR=   0.0007  SM3/SM3   
   272 READING WCONHIST
   273 READING WCONINJH
   274 READING DATES   
 STEP   49 TIME=    183.00  DAYS (    +1.0  DAYS MAXW  2 ITS) (2-JLY-2000)       
  PAV=   276.9  BARSA  WCT=0.114 GOR=   184.00  SM3/SM3 WGR=   0.0007  SM3/SM3   
 STEP   50 TIME=    186.00  DAYS (    +3.0  DAYS MAXF  2 ITS) (5-JLY-2000)       
  PAV=   276.8  BARSA  WCT=0.115 GOR=   184.00  SM3/SM3 WGR=   0.0007  SM3/SM3   
 STEP   51 TIME=    191.00  DAYS (    +5.0  DAYS MAXS  3 ITS) (10-JLY-2000)      
  PAV=   276.5  BARSA  WCT=0.117 GOR=   184.00  SM3/SM3 WGR=   0.0007  SM3/SM3   
 STEP   52 TIME=    196.00  DAYS (    +5.0  DAYS MAXS  3 ITS) (15-JLY-2000)      
  PAV=   276.2  BARSA  WCT=0.119 GOR=   184.00  SM3/SM3 WGR=   0.0007  SM3/SM3   
 STEP   53 TIME=    201.00  DAYS (    +5.0  DAYS MAXS  3 ITS) (20-JLY-2000)      
  PAV=   275.9  BARSA  WCT=0.120 GOR=   184.00  SM3/SM3 WGR=   0.0007  SM3/SM3   
 STEP   54 TIME=    206.00  DAYS (    +5.0  DAYS MAXS  2 ITS) (25-JLY-2000)      
  PAV=   275.6  BARSA  WCT=0.122 GOR=   184.00  SM3/SM3 WGR=   0.0008  SM3/SM3   
 STEP   55 TIME=    209.50  DAYS (    +3.5  DAYS HALF  2 ITS) (28-JLY-2000)      
  PAV=   275.5  BARSA  WCT=0.123 GOR=   184.00  SM3/SM3 WGR=   0.0008  SM3/SM3   
 STEP   56 TIME=    213.00  DAYS (    +3.5  DAYS REPT  2 ITS) (1-AUG-2000)       
  PAV=   275.3  BARSA  WCT=0.124 GOR=   184.00  SM3/SM3 WGR=   0.0008  SM3/SM3   
   275 READING WCONHIST
   276 READING DATES   
 STEP   57 TIME=    214.00  DAYS (    +1.0  DAYS MAXW  1 ITS) (2-AUG-2000)       
  PAV=   275.2  BARSA  WCT=0.127 GOR=   184.00  SM3/SM3 WGR=   0.0008  SM3/SM3   
 STEP   58 TIME=    217.00  DAYS (    +3.0  DAYS MAXF  2 ITS) (5-AUG-2000)       
  PAV=   275.1  BARSA  WCT=0.128 GOR=   184.00  SM3/SM3 WGR=   0.0008  SM3/SM3   
 STEP   59 TIME=    222.00  DAYS (    +5.0  DAYS MAXS  2 ITS) (10-AUG-2000)      
  PAV=   274.9  BARSA  WCT=0.130 GOR=   184.00  SM3/SM3 WGR=   0.0008  SM3/SM3   
 STEP   60 TIME=    227.00  DAYS (    +5.0  DAYS MAXS  2 ITS) (15-AUG-2000)      
  PAV=   274.7  BARSA  WCT=0.131 GOR=   184.00  SM3/SM3 WGR=   0.0008  SM3/SM3   
 STEP   61 TIME=    232.00  DAYS (    +5.0  DAYS MAXS  2 ITS) (20-AUG-2000)      
  PAV=   274.4  BARSA  WCT=0.132 GOR=   184.00  SM3/SM3 WGR=   0.0008  SM3/SM3   
 STEP   62 TIME=    237.00  DAYS (    +5.0  DAYS MAXS  2 ITS) (25-AUG-2000)      
  PAV=   274.2  BARSA  WCT=0.134 GOR=   184.00  SM3/SM3 WGR=   0.0008  SM3/SM3   
 STEP   63 TIME=    240.50  DAYS (    +3.5  DAYS HALF  2 ITS) (28-AUG-2000)      
  PAV=   274.1  BARSA  WCT=0.134 GOR=   184.00  SM3/SM3 WGR=   0.0008  SM3/SM3   
 STEP   64 TIME=    244.00  DAYS (    +3.5  DAYS REPT  2 ITS) (1-SEP-2000)       
  PAV=   273.9  BARSA  WCT=0.135 GOR=   184.00  SM3/SM3 WGR=   0.0009  SM3/SM3   
   277 READING WCONHIST
   278 READING DATES   
 STEP   65 TIME=    245.00  DAYS (    +1.0  DAYS MAXW  1 ITS) (2-SEP-2000)       
  PAV=   273.9  BARSA  WCT=0.137 GOR=   184.00  SM3/SM3 WGR=   0.0009  SM3/SM3   
 STEP   66 TIME=    248.00  DAYS (    +3.0  DAYS MAXF  2 ITS) (5-SEP-2000)       
  PAV=   273.8  BARSA  WCT=0.138 GOR=   184.00  SM3/SM3 WGR=   0.0009  SM3/SM3   
 STEP   67 TIME=    253.00  DAYS (    +5.0  DAYS MAXS  3 ITS) (10-SEP-2000)      
  PAV=   273.6  BARSA  WCT=0.139 GOR=   184.00  SM3/SM3 WGR=   0.0009  SM3/SM3   
 STEP   68 TIME=    258.00  DAYS (    +5.0  DAYS MAXS  2 ITS) (15-SEP-2000)      
  PAV=   273.4  BARSA  WCT=0.140 GOR=   184.00  SM3/SM3 WGR=   0.0009  SM3/SM3   
 STEP   69 TIME=    263.00  DAYS (    +5.0  DAYS MAXS  2 ITS) (20-SEP-2000)      
  PAV=   273.3  BARSA  WCT=0.142 GOR=   184.00  SM3/SM3 WGR=   0.0009  SM3/SM3   
 STEP   70 TIME=    268.00  DAYS (    +5.0  DAYS MAXS  2 ITS) (25-SEP-2000)      
  PAV=   273.1  BARSA  WCT=0.143 GOR=   184.00  SM3/SM3 WGR=   0.0009  SM3/SM3   
 STEP   71 TIME=    271.00  DAYS (    +3.0  DAYS HALF  2 ITS) (28-SEP-2000)      
  PAV=   273.0  BARSA  WCT=0.144 GOR=   184.00  SM3/SM3 WGR=   0.0009  SM3/SM3   
 STEP   72 TIME=    274.00  DAYS (    +3.0  DAYS REPT  2 ITS) (1-OCT-2000)       
  PAV=   272.9  BARSA  WCT=0.145 GOR=   184.00  SM3/SM3 WGR=   0.0009  SM3/SM3   
   279 READING WCONHIST
   280 READING DATES   
 STEP   73 TIME=    275.00  DAYS (    +1.0  DAYS MAXW  2 ITS) (2-OCT-2000)       
  PAV=   272.9  BARSA  WCT=0.146 GOR=   184.00  SM3/SM3 WGR=   0.0009  SM3/SM3   
 STEP   74 TIME=    278.00  DAYS (    +3.0  DAYS MAXF  2 ITS) (5-OCT-2000)       
  PAV=   272.8  BARSA  WCT=0.146 GOR=   184.00  SM3/SM3 WGR=   0.0009  SM3/SM3   
 STEP   75 TIME=    283.00  DAYS (    +5.0  DAYS MAXS  2 ITS) (10-OCT-2000)      
  PAV=   272.6  BARSA  WCT=0.148 GOR=   184.00  SM3/SM3 WGR=   0.0009  SM3/SM3   
 STEP   76 TIME=    288.00  DAYS (    +5.0  DAYS MAXS  2 ITS) (15-OCT-2000)      
  PAV=   272.5  BARSA  WCT=0.149 GOR=   184.00  SM3/SM3 WGR=   0.0010  SM3/SM3   
 STEP   77 TIME=    293.00  DAYS (    +5.0  DAYS MAXS  3 ITS) (20-OCT-2000)      
  PAV=   272.4  BARSA  WCT=0.151 GOR=   184.00  SM3/SM3 WGR=   0.0010  SM3/SM3   
 STEP   78 TIME=    298.00  DAYS (    +5.0  DAYS MAXS  2 ITS) (25-OCT-2000)      
  PAV=   272.2  BARSA  WCT=0.153 GOR=   184.00  SM3/SM3 WGR=   0.0010  SM3/SM3   
 STEP   79 TIME=    301.50  DAYS (    +3.5  DAYS HALF  2 ITS) (28-OCT-2000)      
  PAV=   272.1  BARSA  WCT=0.154 GOR=   184.00  SM3/SM3 WGR=   0.0010  SM3/SM3   
 STEP   80 TIME=    305.00  DAYS (    +3.5  DAYS REPT  2 ITS) (1-NOV-2000)       
  PAV=   272.0  BARSA  WCT=0.155 GOR=   184.00  SM3/SM3 WGR=   0.0010  SM3/SM3   
   281 READING WCONHIST
   282 READING DATES   
 STEP   81 TIME=    306.00  DAYS (    +1.0  DAYS MAXW  1 ITS) (2-NOV-2000)       
  PAV=   272.0  BARSA  WCT=0.156 GOR=   184.00  SM3/SM3 WGR=   0.0010  SM3/SM3   
 STEP   82 TIME=    309.00  DAYS (    +3.0  DAYS MAXF  2 ITS) (5-NOV-2000)       
  PAV=   271.9  BARSA  WCT=0.157 GOR=   184.00  SM3/SM3 WGR=   0.0010  SM3/SM3   
 STEP   83 TIME=    314.00  DAYS (    +5.0  DAYS MAXS  3 ITS) (10-NOV-2000)      
  PAV=   271.8  BARSA  WCT=0.158 GOR=   184.00  SM3/SM3 WGR=   0.0010  SM3/SM3   
 STEP   84 TIME=    319.00  DAYS (    +5.0  DAYS MAXS  2 ITS) (15-NOV-2000)      
  PAV=   271.7  BARSA  WCT=0.160 GOR=   184.00  SM3/SM3 WGR=   0.0010  SM3/SM3   
 STEP   85 TIME=    324.00  DAYS (    +5.0  DAYS MAXS  2 ITS) (20-NOV-2000)      
  PAV=   271.6  BARSA  WCT=0.162 GOR=   184.00  SM3/SM3 WGR=   0.0011  SM3/SM3   
 STEP   86 TIME=    329.00  DAYS (    +5.0  DAYS MAXS  2 ITS) (25-NOV-2000)      
  PAV=   271.5  BARSA  WCT=0.164 GOR=   184.00  SM3/SM3 WGR=   0.0011  SM3/SM3   
 STEP   87 TIME=    332.00  DAYS (    +3.0  DAYS HALF  2 ITS) (28-NOV-2000)      
  PAV=   271.4  BARSA  WCT=0.165 GOR=   184.00  SM3/SM3 WGR=   0.0011  SM3/SM3   
 STEP   88 TIME=    335.00  DAYS (    +3.0  DAYS REPT  2 ITS) (1-DEC-2000)       
  PAV=   271.3  BARSA  WCT=0.166 GOR=   184.00  SM3/SM3 WGR=   0.0011  SM3/SM3   
   283 READING WCONHIST
   284 READING DATES   
 STEP   89 TIME=    336.00  DAYS (    +1.0  DAYS MAXW  1 ITS) (2-DEC-2000)       
  PAV=   271.3  BARSA  WCT=0.166 GOR=   184.00  SM3/SM3 WGR=   0.0011  SM3/SM3   
 STEP   90 TIME=    339.00  DAYS (    +3.0  DAYS MAXF  3 ITS) (5-DEC-2000)       
  PAV=   271.3  BARSA  WCT=0.167 GOR=   184.00  SM3/SM3 WGR=   0.0011  SM3/SM3   
 STEP   91 TIME=    344.00  DAYS (    +5.0  DAYS MAXS  3 ITS) (10-DEC-2000)      
  PAV=   271.2  BARSA  WCT=0.169 GOR=   184.00  SM3/SM3 WGR=   0.0011  SM3/SM3   
 STEP   92 TIME=    349.00  DAYS (    +5.0  DAYS MAXS  2 ITS) (15-DEC-2000)      
  PAV=   271.1  BARSA  WCT=0.171 GOR=   184.00  SM3/SM3 WGR=   0.0011  SM3/SM3   
 STEP   93 TIME=    354.00  DAYS (    +5.0  DAYS MAXS  3 ITS) (20-DEC-2000)      
  PAV=   271.0  BARSA  WCT=0.172 GOR=   184.00  SM3/SM3 WGR=   0.0011  SM3/SM3   
 STEP   94 TIME=    359.00  DAYS (    +5.0  DAYS MAXS  2 ITS) (25-DEC-2000)      
  PAV=   270.9  BARSA  WCT=0.174 GOR=   184.00  SM3/SM3 WGR=   0.0011  SM3/SM3   
 STEP   95 TIME=    362.50  DAYS (    +3.5  DAYS HALF  2 ITS) (28-DEC-2000)      
  PAV=   270.8  BARSA  WCT=0.175 GOR=   184.00  SM3/SM3 WGR=   0.0012  SM3/SM3   
 STEP   96 TIME=    366.00  DAYS (    +3.5  DAYS REPT  2 ITS) (1-JAN-2001)       
  PAV=   270.8  BARSA  WCT=0.176 GOR=   184.00  SM3/SM3 WGR=   0.0012  SM3/SM3   

 @--MESSAGE  AT TIME      366.0   DAYS    ( 1-JAN-2001):
 @           RESTART FILE WRITTEN   REPORT    12                             
 @           RESTART INCLUDES FLUIDS IN PLACE                                
   285 READING WELSPECS
   286 READING COMPORD 
   287 READING COMPDAT 
   288 READING WELSEGS 
   289 READING WELSEGS 
   290 READING COMPSEGS
   291 READING COMPSEGS
   292 READING WCONHIST

 @--MESSAGE  AT TIME      366.0   DAYS    ( 1-JAN-2001):
 @           OPENING WELL OP_4     AT TIME    366.00   DAYS                  
 @           CONTROLLED BY RESERVOIR FLUID VOLUME RATE                       

 @--MESSAGE  AT TIME      366.0   DAYS    ( 1-JAN-2001):
 @           OPENING WELL OP_5     AT TIME    366.00   DAYS                  
 @           CONTROLLED BY RESERVOIR FLUID VOLUME RATE                       
   293 READING WRFTPLT 
   294 READING DATES   

 @--PROBLEM  AT TIME      366.0   DAYS    ( 1-JAN-2001):
 @           POTENTIAL IN WELL OP_5     NOT CONVERGED IN  1 X  50 ITERATIONS 
 @           RESIDUAL ERROR IN FLOWS AND PRESSURE                            
 @             OIL         1.28526E+03                                       
 @             WATER       1.21751E-01                                       
 @             GAS         2.36488E+05                                       
 @            MSW PRES     6.48866E+01                                       
 @           TRY SETTING ITEM 2 IN THE WPOTCALC KEYWORD.                     
 @           TRY CHANGING PARAMETERS IN THE WSEGITER KEYWORD                 
 STEP   97 TIME=    367.00  DAYS (    +1.0  DAYS MAXW  3 ITS) (2-JAN-2001)       
  PAV=   270.5  BARSA  WCT=0.110 GOR=   184.00  SM3/SM3 WGR=   0.0007  SM3/SM3   
 STEP   98 TIME=    370.00  DAYS (    +3.0  DAYS MAXF  3 ITS) (5-JAN-2001)       
  PAV=   270.0  BARSA  WCT=0.111 GOR=   184.00  SM3/SM3 WGR=   0.0007  SM3/SM3   
 STEP   99 TIME=    375.00  DAYS (    +5.0  DAYS MAXS  3 ITS) (10-JAN-2001)      
  PAV=   269.4  BARSA  WCT=0.112 GOR=   184.00  SM3/SM3 WGR=   0.0007  SM3/SM3   
 STEP  100 TIME=    380.00  DAYS (    +5.0  DAYS MAXS  3 ITS) (15-JAN-2001)      
  PAV=   268.8  BARSA  WCT=0.113 GOR=   184.00  SM3/SM3 WGR=   0.0007  SM3/SM3   
 STEP  101 TIME=    385.00  DAYS (    +5.0  DAYS MAXS  3 ITS) (20-JAN-2001)      
  PAV=   268.3  BARSA  WCT=0.113 GOR=   184.00  SM3/SM3 WGR=   0.0007  SM3/SM3   
 STEP  102 TIME=    390.00  DAYS (    +5.0  DAYS MAXS  2 ITS) (25-JAN-2001)      
  PAV=   267.7  BARSA  WCT=0.114 GOR=   184.00  SM3/SM3 WGR=   0.0007  SM3/SM3   
 STEP  103 TIME=    393.50  DAYS (    +3.5  DAYS HALF  2 ITS) (28-JAN-2001)      
  PAV=   267.3  BARSA  WCT=0.114 GOR=   184.00  SM3/SM3 WGR=   0.0007  SM3/SM3   
 STEP  104 TIME=    397.00  DAYS (    +3.5  DAYS REPT  2 ITS) (1-FEB-2001)       
  PAV=   266.9  BARSA  WCT=0.115 GOR=   184.00  SM3/SM3 WGR=   0.0007  SM3/SM3   
   295 READING WCONHIST
   296 READING DATES   
 STEP  105 TIME=    398.00  DAYS (    +1.0  DAYS MAXW  1 ITS) (2-FEB-2001)       
  PAV=   266.9  BARSA  WCT=0.131 GOR=   184.00  SM3/SM3 WGR=   0.0008  SM3/SM3   
 STEP  106 TIME=    401.00  DAYS (    +3.0  DAYS MAXF  2 ITS) (5-FEB-2001)       
  PAV=   267.0  BARSA  WCT=0.132 GOR=   184.00  SM3/SM3 WGR=   0.0008  SM3/SM3   
 STEP  107 TIME=    406.00  DAYS (    +5.0  DAYS MAXS  3 ITS) (10-FEB-2001)      
  PAV=   266.9  BARSA  WCT=0.133 GOR=   184.00  SM3/SM3 WGR=   0.0008  SM3/SM3   
 STEP  108 TIME=    411.00  DAYS (    +5.0  DAYS MAXS  3 ITS) (15-FEB-2001)      
  PAV=   266.7  BARSA  WCT=0.133 GOR=   184.00  SM3/SM3 WGR=   0.0008  SM3/SM3   
 STEP  109 TIME=    416.00  DAYS (    +5.0  DAYS MAXS  2 ITS) (20-FEB-2001)      
  PAV=   266.6  BARSA  WCT=0.134 GOR=   184.00  SM3/SM3 WGR=   0.0008  SM3/SM3   
 STEP  110 TIME=    420.50  DAYS (    +4.5  DAYS HALF  2 ITS) (24-FEB-2001)      
  PAV=   266.4  BARSA  WCT=0.135 GOR=   184.00  SM3/SM3 WGR=   0.0008  SM3/SM3   
 STEP  111 TIME=    425.00  DAYS (    +4.5  DAYS REPT  2 ITS) (1-MAR-2001)       
  PAV=   266.2  BARSA  WCT=0.135 GOR=   184.00  SM3/SM3 WGR=   0.0009  SM3/SM3   
   297 READING WELSPECS
   298 READING COMPORD 
   299 READING COMPDAT 
   300 READING WELSEGS 
   301 READING COMPSEGS
   302 READING WCONHIST
   303 READING WCONINJH

 @--MESSAGE  AT TIME      425.0   DAYS    ( 1-MAR-2001):
 @           OPENING WELL WI_3     AT TIME    425.00   DAYS                  
 @           CONTROLLED BY WATER RATE                                        
   304 READING WRFTPLT 
   305 READING DATES   
 STEP  112 TIME=    426.00  DAYS (    +1.0  DAYS MAXW  2 ITS) (2-MAR-2001)       
  PAV=   266.2  BARSA  WCT=0.234 GOR=   184.00  SM3/SM3 WGR=   0.0017  SM3/SM3   
 STEP  113 TIME=    429.00  DAYS (    +3.0  DAYS MAXF  2 ITS) (5-MAR-2001)       
  PAV=   266.2  BARSA  WCT=0.233 GOR=   184.00  SM3/SM3 WGR=   0.0017  SM3/SM3   
 STEP  114 TIME=    434.00  DAYS (    +5.0  DAYS MAXS  3 ITS) (10-MAR-2001)      
  PAV=   266.2  BARSA  WCT=0.237 GOR=   184.00  SM3/SM3 WGR=   0.0017  SM3/SM3   
 STEP  115 TIME=    439.00  DAYS (    +5.0  DAYS MAXS  2 ITS) (15-MAR-2001)      
  PAV=   266.3  BARSA  WCT=0.240 GOR=   184.00  SM3/SM3 WGR=   0.0017  SM3/SM3   
 STEP  116 TIME=    444.00  DAYS (    +5.0  DAYS MAXS  3 ITS) (20-MAR-2001)      
  PAV=   266.3  BARSA  WCT=0.243 GOR=   184.00  SM3/SM3 WGR=   0.0017  SM3/SM3   
 STEP  117 TIME=    449.00  DAYS (    +5.0  DAYS MAXS  3 ITS) (25-MAR-2001)      
  PAV=   266.4  BARSA  WCT=0.245 GOR=   184.00  SM3/SM3 WGR=   0.0018  SM3/SM3   
 STEP  118 TIME=    452.50  DAYS (    +3.5  DAYS HALF  3 ITS) (28-MAR-2001)      
  PAV=   266.5  BARSA  WCT=0.246 GOR=   184.00  SM3/SM3 WGR=   0.0018  SM3/SM3   
 STEP  119 TIME=    456.00  DAYS (    +3.5  DAYS REPT  4 ITS) (1-APR-2001)       
  PAV=   266.5  BARSA  WCT=0.247 GOR=   184.00  SM3/SM3 WGR=   0.0018  SM3/SM3   
   306 READING WCONHIST
   307 READING WCONINJH
   308 READING DATES   
 STEP  120 TIME=    457.00  DAYS (    +1.0  DAYS MAXW  2 ITS) (2-APR-2001)       
  PAV=   266.5  BARSA  WCT=0.290 GOR=   184.00  SM3/SM3 WGR=   0.0022  SM3/SM3   
 STEP  121 TIME=    460.00  DAYS (    +3.0  DAYS MAXF  2 ITS) (5-APR-2001)       
  PAV=   266.5  BARSA  WCT=0.288 GOR=   184.00  SM3/SM3 WGR=   0.0022  SM3/SM3   
 STEP  122 TIME=    465.00  DAYS (    +5.0  DAYS MAXS  2 ITS) (10-APR-2001)      
  PAV=   266.6  BARSA  WCT=0.290 GOR=   184.00  SM3/SM3 WGR=   0.0022  SM3/SM3   
 STEP  123 TIME=    470.00  DAYS (    +5.0  DAYS MAXS  2 ITS) (15-APR-2001)      
  PAV=   266.7  BARSA  WCT=0.292 GOR=   184.00  SM3/SM3 WGR=   0.0022  SM3/SM3   
 STEP  124 TIME=    475.00  DAYS (    +5.0  DAYS MAXS  2 ITS) (20-APR-2001)      
  PAV=   266.8  BARSA  WCT=0.294 GOR=   184.00  SM3/SM3 WGR=   0.0023  SM3/SM3   
 STEP  125 TIME=    480.00  DAYS (    +5.0  DAYS MAXS  2 ITS) (25-APR-2001)      
  PAV=   266.9  BARSA  WCT=0.296 GOR=   184.00  SM3/SM3 WGR=   0.0023  SM3/SM3   
 STEP  126 TIME=    483.00  DAYS (    +3.0  DAYS HALF  2 ITS) (28-APR-2001)      
  PAV=   266.9  BARSA  WCT=0.297 GOR=   184.00  SM3/SM3 WGR=   0.0023  SM3/SM3   
 STEP  127 TIME=    486.00  DAYS (    +3.0  DAYS REPT  2 ITS) (1-MAY-2001)       
  PAV=   267.0  BARSA  WCT=0.298 GOR=   184.00  SM3/SM3 WGR=   0.0023  SM3/SM3   
   309 READING WCONHIST
   310 READING DATES   
 STEP  128 TIME=    487.00  DAYS (    +1.0  DAYS MAXW  1 ITS) (2-MAY-2001)       
  PAV=   267.0  BARSA  WCT=0.313 GOR=   184.00  SM3/SM3 WGR=   0.0025  SM3/SM3   
 STEP  129 TIME=    490.00  DAYS (    +3.0  DAYS MAXF  2 ITS) (5-MAY-2001)       
  PAV=   267.0  BARSA  WCT=0.313 GOR=   184.00  SM3/SM3 WGR=   0.0025  SM3/SM3   
 STEP  130 TIME=    495.00  DAYS (    +5.0  DAYS MAXS  2 ITS) (10-MAY-2001)      
  PAV=   267.1  BARSA  WCT=0.314 GOR=   184.00  SM3/SM3 WGR=   0.0025  SM3/SM3   
 STEP  131 TIME=    500.00  DAYS (    +5.0  DAYS MAXS  2 ITS) (15-MAY-2001)      
  PAV=   267.1  BARSA  WCT=0.316 GOR=   184.00  SM3/SM3 WGR=   0.0025  SM3/SM3   
 STEP  132 TIME=    505.00  DAYS (    +5.0  DAYS MAXS  3 ITS) (20-MAY-2001)      
  PAV=   267.2  BARSA  WCT=0.318 GOR=   184.00  SM3/SM3 WGR=   0.0025  SM3/SM3   
 STEP  133 TIME=    510.00  DAYS (    +5.0  DAYS MAXS  2 ITS) (25-MAY-2001)      
  PAV=   267.3  BARSA  WCT=0.320 GOR=   184.00  SM3/SM3 WGR=   0.0026  SM3/SM3   
 STEP  134 TIME=    513.50  DAYS (    +3.5  DAYS HALF  2 ITS) (28-MAY-2001)      
  PAV=   267.3  BARSA  WCT=0.321 GOR=   184.00  SM3/SM3 WGR=   0.0026  SM3/SM3   
 STEP  135 TIME=    517.00  DAYS (    +3.5  DAYS REPT  2 ITS) (1-JUN-2001)       
  PAV=   267.4  BARSA  WCT=0.322 GOR=   184.00  SM3/SM3 WGR=   0.0026  SM3/SM3   
   311 READING WCONHIST
   312 READING DATES   
 STEP  136 TIME=    518.00  DAYS (    +1.0  DAYS MAXW  1 ITS) (2-JUN-2001)       
  PAV=   267.4  BARSA  WCT=0.331 GOR=   184.00  SM3/SM3 WGR=   0.0027  SM3/SM3   
 STEP  137 TIME=    521.00  DAYS (    +3.0  DAYS MAXF  2 ITS) (5-JUN-2001)       
  PAV=   267.4  BARSA  WCT=0.332 GOR=   184.00  SM3/SM3 WGR=   0.0027  SM3/SM3   
 STEP  138 TIME=    526.00  DAYS (    +5.0  DAYS MAXS  2 ITS) (10-JUN-2001)      
  PAV=   267.5  BARSA  WCT=0.333 GOR=   184.00  SM3/SM3 WGR=   0.0027  SM3/SM3   
 STEP  139 TIME=    531.00  DAYS (    +5.0  DAYS MAXS  2 ITS) (15-JUN-2001)      
  PAV=   267.5  BARSA  WCT=0.335 GOR=   184.00  SM3/SM3 WGR=   0.0027  SM3/SM3   
 STEP  140 TIME=    536.00  DAYS (    +5.0  DAYS MAXS  2 ITS) (20-JUN-2001)      
  PAV=   267.6  BARSA  WCT=0.336 GOR=   184.00  SM3/SM3 WGR=   0.0027  SM3/SM3   
 STEP  141 TIME=    541.00  DAYS (    +5.0  DAYS MAXS  2 ITS) (25-JUN-2001)      
  PAV=   267.7  BARSA  WCT=0.337 GOR=   184.00  SM3/SM3 WGR=   0.0028  SM3/SM3   
 STEP  142 TIME=    544.00  DAYS (    +3.0  DAYS HALF  2 ITS) (28-JUN-2001)      
  PAV=   267.7  BARSA  WCT=0.338 GOR=   184.00  SM3/SM3 WGR=   0.0028  SM3/SM3   
 STEP  143 TIME=    547.00  DAYS (    +3.0  DAYS REPT  2 ITS) (1-JLY-2001)       
  PAV=   267.7  BARSA  WCT=0.339 GOR=   184.00  SM3/SM3 WGR=   0.0028  SM3/SM3   
   313 READING WCONHIST
   314 READING DATES   
 STEP  144 TIME=    548.00  DAYS (    +1.0  DAYS MAXW  1 ITS) (2-JLY-2001)       
  PAV=   267.7  BARSA  WCT=0.347 GOR=   184.00  SM3/SM3 WGR=   0.0029  SM3/SM3   
 STEP  145 TIME=    551.00  DAYS (    +3.0  DAYS MAXF  2 ITS) (5-JLY-2001)       
  PAV=   267.8  BARSA  WCT=0.348 GOR=   184.00  SM3/SM3 WGR=   0.0029  SM3/SM3   
 STEP  146 TIME=    556.00  DAYS (    +5.0  DAYS MAXS  2 ITS) (10-JLY-2001)      
  PAV=   267.8  BARSA  WCT=0.349 GOR=   184.00  SM3/SM3 WGR=   0.0029  SM3/SM3   
 STEP  147 TIME=    561.00  DAYS (    +5.0  DAYS MAXS  2 ITS) (15-JLY-2001)      
  PAV=   267.9  BARSA  WCT=0.350 GOR=   184.00  SM3/SM3 WGR=   0.0029  SM3/SM3   
 STEP  148 TIME=    566.00  DAYS (    +5.0  DAYS MAXS  3 ITS) (20-JLY-2001)      
  PAV=   268.0  BARSA  WCT=0.351 GOR=   184.00  SM3/SM3 WGR=   0.0029  SM3/SM3   
 STEP  149 TIME=    571.00  DAYS (    +5.0  DAYS MAXS  2 ITS) (25-JLY-2001)      
  PAV=   268.0  BARSA  WCT=0.353 GOR=   184.00  SM3/SM3 WGR=   0.0030  SM3/SM3   
 STEP  150 TIME=    574.50  DAYS (    +3.5  DAYS HALF  2 ITS) (28-JLY-2001)      
  PAV=   268.1  BARSA  WCT=0.354 GOR=   184.00  SM3/SM3 WGR=   0.0030  SM3/SM3   
 STEP  151 TIME=    578.00  DAYS (    +3.5  DAYS REPT  2 ITS) (1-AUG-2001)       
  PAV=   268.1  BARSA  WCT=0.355 GOR=   184.00  SM3/SM3 WGR=   0.0030  SM3/SM3   
   315 READING WCONHIST
   316 READING DATES   
 STEP  152 TIME=    579.00  DAYS (    +1.0  DAYS MAXW  1 ITS) (2-AUG-2001)       
  PAV=   268.1  BARSA  WCT=0.360 GOR=   184.00  SM3/SM3 WGR=   0.0031  SM3/SM3   
 STEP  153 TIME=    582.00  DAYS (    +3.0  DAYS MAXF  1 ITS) (5-AUG-2001)       
  PAV=   268.2  BARSA  WCT=0.361 GOR=   184.00  SM3/SM3 WGR=   0.0031  SM3/SM3   
 STEP  154 TIME=    587.00  DAYS (    +5.0  DAYS MAXS  2 ITS) (10-AUG-2001)      
  PAV=   268.2  BARSA  WCT=0.362 GOR=   184.00  SM3/SM3 WGR=   0.0031  SM3/SM3   
 STEP  155 TIME=    592.00  DAYS (    +5.0  DAYS MAXS  2 ITS) (15-AUG-2001)      
  PAV=   268.3  BARSA  WCT=0.364 GOR=   184.00  SM3/SM3 WGR=   0.0031  SM3/SM3   
 STEP  156 TIME=    597.00  DAYS (    +5.0  DAYS MAXS  2 ITS) (20-AUG-2001)      
  PAV=   268.3  BARSA  WCT=0.366 GOR=   184.00  SM3/SM3 WGR=   0.0031  SM3/SM3   
 STEP  157 TIME=    602.00  DAYS (    +5.0  DAYS MAXS  3 ITS) (25-AUG-2001)      
  PAV=   268.4  BARSA  WCT=0.368 GOR=   184.00  SM3/SM3 WGR=   0.0032  SM3/SM3   
 STEP  158 TIME=    605.50  DAYS (    +3.5  DAYS HALF  2 ITS) (28-AUG-2001)      
  PAV=   268.4  BARSA  WCT=0.370 GOR=   184.00  SM3/SM3 WGR=   0.0032  SM3/SM3   
 STEP  159 TIME=    609.00  DAYS (    +3.5  DAYS REPT  1 ITS) (1-SEP-2001)       
  PAV=   268.5  BARSA  WCT=0.371 GOR=   184.00  SM3/SM3 WGR=   0.0032  SM3/SM3   
   317 READING WCONHIST
   318 READING DATES   
 STEP  160 TIME=    610.00  DAYS (    +1.0  DAYS MAXW  1 ITS) (2-SEP-2001)       
  PAV=   268.5  BARSA  WCT=0.376 GOR=   184.00  SM3/SM3 WGR=   0.0033  SM3/SM3   
 STEP  161 TIME=    613.00  DAYS (    +3.0  DAYS MAXF  1 ITS) (5-SEP-2001)       
  PAV=   268.5  BARSA  WCT=0.377 GOR=   184.00  SM3/SM3 WGR=   0.0033  SM3/SM3   
 STEP  162 TIME=    618.00  DAYS (    +5.0  DAYS MAXS  3 ITS) (10-SEP-2001)      
  PAV=   268.6  BARSA  WCT=0.379 GOR=   184.00  SM3/SM3 WGR=   0.0033  SM3/SM3   
 STEP  163 TIME=    623.00  DAYS (    +5.0  DAYS MAXS  2 ITS) (15-SEP-2001)      
  PAV=   268.7  BARSA  WCT=0.382 GOR=   184.00  SM3/SM3 WGR=   0.0034  SM3/SM3   
 STEP  164 TIME=    628.00  DAYS (    +5.0  DAYS MAXS  2 ITS) (20-SEP-2001)      
  PAV=   268.7  BARSA  WCT=0.384 GOR=   184.00  SM3/SM3 WGR=   0.0034  SM3/SM3   
 STEP  165 TIME=    633.00  DAYS (    +5.0  DAYS MAXS  2 ITS) (25-SEP-2001)      
  PAV=   268.8  BARSA  WCT=0.386 GOR=   184.00  SM3/SM3 WGR=   0.0034  SM3/SM3   
 STEP  166 TIME=    636.00  DAYS (    +3.0  DAYS HALF  1 ITS) (28-SEP-2001)      
  PAV=   268.8  BARSA  WCT=0.387 GOR=   184.00  SM3/SM3 WGR=   0.0034  SM3/SM3   
 STEP  167 TIME=    639.00  DAYS (    +3.0  DAYS REPT  1 ITS) (1-OCT-2001)       
  PAV=   268.8  BARSA  WCT=0.388 GOR=   184.00  SM3/SM3 WGR=   0.0035  SM3/SM3   
   319 READING WCONHIST
   320 READING DATES   
 STEP  168 TIME=    640.00  DAYS (    +1.0  DAYS MAXW  1 ITS) (2-OCT-2001)       
  PAV=   268.9  BARSA  WCT=0.395 GOR=   184.00  SM3/SM3 WGR=   0.0035  SM3/SM3   
 STEP  169 TIME=    643.00  DAYS (    +3.0  DAYS MAXF  1 ITS) (5-OCT-2001)       
  PAV=   268.9  BARSA  WCT=0.396 GOR=   184.00  SM3/SM3 WGR=   0.0036  SM3/SM3   
 STEP  170 TIME=    648.00  DAYS (    +5.0  DAYS MAXS  3 ITS) (10-OCT-2001)      
  PAV=   269.0  BARSA  WCT=0.398 GOR=   184.00  SM3/SM3 WGR=   0.0036  SM3/SM3   
 STEP  171 TIME=    653.00  DAYS (    +5.0  DAYS MAXS  3 ITS) (15-OCT-2001)      
  PAV=   269.0  BARSA  WCT=0.400 GOR=   184.00  SM3/SM3 WGR=   0.0036  SM3/SM3   
 STEP  172 TIME=    658.00  DAYS (    +5.0  DAYS MAXS  2 ITS) (20-OCT-2001)      
  PAV=   269.1  BARSA  WCT=0.402 GOR=   184.00  SM3/SM3 WGR=   0.0037  SM3/SM3   
 STEP  173 TIME=    663.00  DAYS (    +5.0  DAYS MAXS  2 ITS) (25-OCT-2001)      
  PAV=   269.2  BARSA  WCT=0.404 GOR=   184.00  SM3/SM3 WGR=   0.0037  SM3/SM3   
 STEP  174 TIME=    666.50  DAYS (    +3.5  DAYS HALF  1 ITS) (28-OCT-2001)      
  PAV=   269.2  BARSA  WCT=0.405 GOR=   184.00  SM3/SM3 WGR=   0.0037  SM3/SM3   
 STEP  175 TIME=    670.00  DAYS (    +3.5  DAYS REPT  2 ITS) (1-NOV-2001)       
  PAV=   269.3  BARSA  WCT=0.407 GOR=   184.00  SM3/SM3 WGR=   0.0037  SM3/SM3   
   321 READING WCONHIST
   322 READING DATES   
 STEP  176 TIME=    671.00  DAYS (    +1.0  DAYS MAXW  1 ITS) (2-NOV-2001)       
  PAV=   269.3  BARSA  WCT=0.412 GOR=   184.00  SM3/SM3 WGR=   0.0038  SM3/SM3   
 STEP  177 TIME=    674.00  DAYS (    +3.0  DAYS MAXF  2 ITS) (5-NOV-2001)       
  PAV=   269.3  BARSA  WCT=0.413 GOR=   184.00  SM3/SM3 WGR=   0.0038  SM3/SM3   
 STEP  178 TIME=    679.00  DAYS (    +5.0  DAYS MAXS  2 ITS) (10-NOV-2001)      
  PAV=   269.4  BARSA  WCT=0.414 GOR=   184.00  SM3/SM3 WGR=   0.0038  SM3/SM3   
 STEP  179 TIME=    684.00  DAYS (    +5.0  DAYS MAXS  2 ITS) (15-NOV-2001)      
  PAV=   269.4  BARSA  WCT=0.416 GOR=   184.00  SM3/SM3 WGR=   0.0039  SM3/SM3   
 STEP  180 TIME=    689.00  DAYS (    +5.0  DAYS MAXS  2 ITS) (20-NOV-2001)      
  PAV=   269.5  BARSA  WCT=0.418 GOR=   184.00  SM3/SM3 WGR=   0.0039  SM3/SM3   
 STEP  181 TIME=    694.00  DAYS (    +5.0  DAYS MAXS  2 ITS) (25-NOV-2001)      
  PAV=   269.6  BARSA  WCT=0.420 GOR=   184.00  SM3/SM3 WGR=   0.0039  SM3/SM3   
 STEP  182 TIME=    697.00  DAYS (    +3.0  DAYS HALF  2 ITS) (28-NOV-2001)      
  PAV=   269.6  BARSA  WCT=0.421 GOR=   184.00  SM3/SM3 WGR=   0.0039  SM3/SM3   
 STEP  183 TIME=    700.00  DAYS (    +3.0  DAYS REPT  1 ITS) (1-DEC-2001)       
  PAV=   269.6  BARSA  WCT=0.422 GOR=   184.00  SM3/SM3 WGR=   0.0040  SM3/SM3   
   323 READING WCONHIST
   324 READING DATES   
 STEP  184 TIME=    701.00  DAYS (    +1.0  DAYS MAXW  1 ITS) (2-DEC-2001)       
  PAV=   269.6  BARSA  WCT=0.425 GOR=   184.00  SM3/SM3 WGR=   0.0040  SM3/SM3   
 STEP  185 TIME=    704.00  DAYS (    +3.0  DAYS MAXF  2 ITS) (5-DEC-2001)       
  PAV=   269.7  BARSA  WCT=0.426 GOR=   184.00  SM3/SM3 WGR=   0.0040  SM3/SM3   
 STEP  186 TIME=    709.00  DAYS (    +5.0  DAYS MAXS  2 ITS) (10-DEC-2001)      
  PAV=   269.7  BARSA  WCT=0.427 GOR=   184.00  SM3/SM3 WGR=   0.0041  SM3/SM3   
 STEP  187 TIME=    714.00  DAYS (    +5.0  DAYS MAXS  2 ITS) (15-DEC-2001)      
  PAV=   269.8  BARSA  WCT=0.429 GOR=   184.00  SM3/SM3 WGR=   0.0041  SM3/SM3   
 STEP  188 TIME=    719.00  DAYS (    +5.0  DAYS MAXS  2 ITS) (20-DEC-2001)      
  PAV=   269.8  BARSA  WCT=0.431 GOR=   184.00  SM3/SM3 WGR=   0.0041  SM3/SM3   
 STEP  189 TIME=    724.00  DAYS (    +5.0  DAYS MAXS  2 ITS) (25-DEC-2001)      
  PAV=   269.9  BARSA  WCT=0.432 GOR=   184.00  SM3/SM3 WGR=   0.0041  SM3/SM3   
 STEP  190 TIME=    727.50  DAYS (    +3.5  DAYS HALF  1 ITS) (28-DEC-2001)      
  PAV=   269.9  BARSA  WCT=0.433 GOR=   184.00  SM3/SM3 WGR=   0.0042  SM3/SM3   
 STEP  191 TIME=    731.00  DAYS (    +3.5  DAYS REPT  2 ITS) (1-JAN-2002)       
  PAV=   270.0  BARSA  WCT=0.435 GOR=   184.00  SM3/SM3 WGR=   0.0042  SM3/SM3   

 @--MESSAGE  AT TIME      731.0   DAYS    ( 1-JAN-2002):
 @           RESTART FILE WRITTEN   REPORT    24                             
 @           RESTART INCLUDES FLUIDS IN PLACE                                
   325 READING WCONHIST
   326 READING DATES   
 STEP  192 TIME=    732.00  DAYS (    +1.0  DAYS MAXW  1 ITS) (2-JAN-2002)       
  PAV=   270.0  BARSA  WCT=0.437 GOR=   184.00  SM3/SM3 WGR=   0.0042  SM3/SM3   
 STEP  193 TIME=    735.00  DAYS (    +3.0  DAYS MAXF  2 ITS) (5-JAN-2002)       
  PAV=   270.0  BARSA  WCT=0.438 GOR=   184.00  SM3/SM3 WGR=   0.0042  SM3/SM3   
 STEP  194 TIME=    740.00  DAYS (    +5.0  DAYS MAXS  2 ITS) (10-JAN-2002)      
  PAV=   270.1  BARSA  WCT=0.440 GOR=   184.00  SM3/SM3 WGR=   0.0043  SM3/SM3   
 STEP  195 TIME=    745.00  DAYS (    +5.0  DAYS MAXS  2 ITS) (15-JAN-2002)      
  PAV=   270.1  BARSA  WCT=0.441 GOR=   184.00  SM3/SM3 WGR=   0.0043  SM3/SM3   
 STEP  196 TIME=    750.00  DAYS (    +5.0  DAYS MAXS  2 ITS) (20-JAN-2002)      
  PAV=   270.2  BARSA  WCT=0.443 GOR=   184.00  SM3/SM3 WGR=   0.0043  SM3/SM3   
 STEP  197 TIME=    755.00  DAYS (    +5.0  DAYS MAXS  2 ITS) (25-JAN-2002)      
  PAV=   270.2  BARSA  WCT=0.445 GOR=   184.00  SM3/SM3 WGR=   0.0044  SM3/SM3   
 STEP  198 TIME=    758.50  DAYS (    +3.5  DAYS HALF  2 ITS) (28-JAN-2002)      
  PAV=   270.2  BARSA  WCT=0.446 GOR=   184.00  SM3/SM3 WGR=   0.0044  SM3/SM3   
 STEP  199 TIME=    762.00  DAYS (    +3.5  DAYS REPT  1 ITS) (1-FEB-2002)       
  PAV=   270.3  BARSA  WCT=0.448 GOR=   184.00  SM3/SM3 WGR=   0.0044  SM3/SM3   
   327 READING WCONHIST
   328 READING DATES   
 STEP  200 TIME=    763.00  DAYS (    +1.0  DAYS MAXW  1 ITS) (2-FEB-2002)       
  PAV=   270.3  BARSA  WCT=0.450 GOR=   184.00  SM3/SM3 WGR=   0.0044  SM3/SM3   
 STEP  201 TIME=    766.00  DAYS (    +3.0  DAYS MAXF  2 ITS) (5-FEB-2002)       
  PAV=   270.3  BARSA  WCT=0.451 GOR=   184.00  SM3/SM3 WGR=   0.0045  SM3/SM3   
 STEP  202 TIME=    771.00  DAYS (    +5.0  DAYS MAXS  2 ITS) (10-FEB-2002)      
  PAV=   270.4  BARSA  WCT=0.453 GOR=   184.00  SM3/SM3 WGR=   0.0045  SM3/SM3   
 STEP  203 TIME=    776.00  DAYS (    +5.0  DAYS MAXS  2 ITS) (15-FEB-2002)      
  PAV=   270.4  BARSA  WCT=0.455 GOR=   184.00  SM3/SM3 WGR=   0.0045  SM3/SM3   
 STEP  204 TIME=    781.00  DAYS (    +5.0  DAYS MAXS  1 ITS) (20-FEB-2002)      
  PAV=   270.5  BARSA  WCT=0.457 GOR=   184.00  SM3/SM3 WGR=   0.0046  SM3/SM3   
 STEP  205 TIME=    785.50  DAYS (    +4.5  DAYS HALF  1 ITS) (24-FEB-2002)      
  PAV=   270.5  BARSA  WCT=0.459 GOR=   184.00  SM3/SM3 WGR=   0.0046  SM3/SM3   
 STEP  206 TIME=    790.00  DAYS (    +4.5  DAYS REPT  2 ITS) (1-MAR-2002)       
  PAV=   270.5  BARSA  WCT=0.461 GOR=   184.00  SM3/SM3 WGR=   0.0047  SM3/SM3   
   329 READING WCONHIST
   330 READING DATES   
 STEP  207 TIME=    791.00  DAYS (    +1.0  DAYS MAXW  1 ITS) (2-MAR-2002)       
  PAV=   270.5  BARSA  WCT=0.464 GOR=   184.00  SM3/SM3 WGR=   0.0047  SM3/SM3   
 STEP  208 TIME=    794.00  DAYS (    +3.0  DAYS MAXF  1 ITS) (5-MAR-2002)       
  PAV=   270.6  BARSA  WCT=0.465 GOR=   184.00  SM3/SM3 WGR=   0.0047  SM3/SM3   
 STEP  209 TIME=    799.00  DAYS (    +5.0  DAYS MAXS  2 ITS) (10-MAR-2002)      
  PAV=   270.6  BARSA  WCT=0.467 GOR=   184.00  SM3/SM3 WGR=   0.0048  SM3/SM3   
 STEP  210 TIME=    804.00  DAYS (    +5.0  DAYS MAXS  2 ITS) (15-MAR-2002)      
  PAV=   270.7  BARSA  WCT=0.469 GOR=   184.00  SM3/SM3 WGR=   0.0048  SM3/SM3   
 STEP  211 TIME=    809.00  DAYS (    +5.0  DAYS MAXS  2 ITS) (20-MAR-2002)      
  PAV=   270.7  BARSA  WCT=0.472 GOR=   184.00  SM3/SM3 WGR=   0.0048  SM3/SM3   
 STEP  212 TIME=    814.00  DAYS (    +5.0  DAYS MAXS  2 ITS) (25-MAR-2002)      
  PAV=   270.7  BARSA  WCT=0.474 GOR=   184.00  SM3/SM3 WGR=   0.0049  SM3/SM3   
 STEP  213 TIME=    817.50  DAYS (    +3.5  DAYS HALF  1 ITS) (28-MAR-2002)      
  PAV=   270.8  BARSA  WCT=0.475 GOR=   184.00  SM3/SM3 WGR=   0.0049  SM3/SM3   
 STEP  214 TIME=    821.00  DAYS (    +3.5  DAYS REPT  1 ITS) (1-APR-2002)       
  PAV=   270.8  BARSA  WCT=0.477 GOR=   184.00  SM3/SM3 WGR=   0.0050  SM3/SM3   
   331 READING WCONHIST
   332 READING DATES   
 STEP  215 TIME=    822.00  DAYS (    +1.0  DAYS MAXW  1 ITS) (2-APR-2002)       
  PAV=   270.8  BARSA  WCT=0.480 GOR=   184.00  SM3/SM3 WGR=   0.0050  SM3/SM3   
 STEP  216 TIME=    825.00  DAYS (    +3.0  DAYS MAXF  1 ITS) (5-APR-2002)       
  PAV=   270.8  BARSA  WCT=0.481 GOR=   184.00  SM3/SM3 WGR=   0.0050  SM3/SM3   
 STEP  217 TIME=    830.00  DAYS (    +5.0  DAYS MAXS  2 ITS) (10-APR-2002)      
  PAV=   270.9  BARSA  WCT=0.484 GOR=   184.00  SM3/SM3 WGR=   0.0051  SM3/SM3   
 STEP  218 TIME=    835.00  DAYS (    +5.0  DAYS MAXS  2 ITS) (15-APR-2002)      
  PAV=   270.9  BARSA  WCT=0.486 GOR=   184.00  SM3/SM3 WGR=   0.0051  SM3/SM3   
 STEP  219 TIME=    840.00  DAYS (    +5.0  DAYS MAXS  1 ITS) (20-APR-2002)      
  PAV=   271.0  BARSA  WCT=0.488 GOR=   184.00  SM3/SM3 WGR=   0.0052  SM3/SM3   
 STEP  220 TIME=    845.00  DAYS (    +5.0  DAYS MAXS  2 ITS) (25-APR-2002)      
  PAV=   271.0  BARSA  WCT=0.490 GOR=   184.00  SM3/SM3 WGR=   0.0052  SM3/SM3   
 STEP  221 TIME=    848.00  DAYS (    +3.0  DAYS HALF  2 ITS) (28-APR-2002)      
  PAV=   271.0  BARSA  WCT=0.491 GOR=   184.00  SM3/SM3 WGR=   0.0052  SM3/SM3   
 STEP  222 TIME=    851.00  DAYS (    +3.0  DAYS REPT  1 ITS) (1-MAY-2002)       
  PAV=   271.1  BARSA  WCT=0.493 GOR=   184.00  SM3/SM3 WGR=   0.0053  SM3/SM3   
   333 READING WCONHIST
   334 READING DATES   
 STEP  223 TIME=    852.00  DAYS (    +1.0  DAYS MAXW  1 ITS) (2-MAY-2002)       
  PAV=   271.1  BARSA  WCT=0.495 GOR=   184.00  SM3/SM3 WGR=   0.0053  SM3/SM3   
 STEP  224 TIME=    855.00  DAYS (    +3.0  DAYS MAXF  1 ITS) (5-MAY-2002)       
  PAV=   271.1  BARSA  WCT=0.496 GOR=   184.00  SM3/SM3 WGR=   0.0054  SM3/SM3   
 STEP  225 TIME=    860.00  DAYS (    +5.0  DAYS MAXS  2 ITS) (10-MAY-2002)      
  PAV=   271.2  BARSA  WCT=0.498 GOR=   184.00  SM3/SM3 WGR=   0.0054  SM3/SM3   
 STEP  226 TIME=    865.00  DAYS (    +5.0  DAYS MAXS  2 ITS) (15-MAY-2002)      
  PAV=   271.2  BARSA  WCT=0.500 GOR=   184.00  SM3/SM3 WGR=   0.0054  SM3/SM3   
 STEP  227 TIME=    870.00  DAYS (    +5.0  DAYS MAXS  2 ITS) (20-MAY-2002)      
  PAV=   271.2  BARSA  WCT=0.502 GOR=   184.00  SM3/SM3 WGR=   0.0055  SM3/SM3   
 STEP  228 TIME=    875.00  DAYS (    +5.0  DAYS MAXS  2 ITS) (25-MAY-2002)      
  PAV=   271.3  BARSA  WCT=0.504 GOR=   184.00  SM3/SM3 WGR=   0.0055  SM3/SM3   
 STEP  229 TIME=    878.50  DAYS (    +3.5  DAYS HALF  1 ITS) (28-MAY-2002)      
  PAV=   271.3  BARSA  WCT=0.506 GOR=   184.00  SM3/SM3 WGR=   0.0056  SM3/SM3   
 STEP  230 TIME=    882.00  DAYS (    +3.5  DAYS REPT  2 ITS) (1-JUN-2002)       
  PAV=   271.3  BARSA  WCT=0.507 GOR=   184.00  SM3/SM3 WGR=   0.0056  SM3/SM3   
   335 READING WCONHIST
   336 READING DATES   
 STEP  231 TIME=    883.00  DAYS (    +1.0  DAYS MAXW  1 ITS) (2-JUN-2002)       
  PAV=   271.3  BARSA  WCT=0.508 GOR=   184.00  SM3/SM3 WGR=   0.0056  SM3/SM3   
 STEP  232 TIME=    886.00  DAYS (    +3.0  DAYS MAXF  1 ITS) (5-JUN-2002)       
  PAV=   271.4  BARSA  WCT=0.509 GOR=   184.00  SM3/SM3 WGR=   0.0056  SM3/SM3   
 STEP  233 TIME=    891.00  DAYS (    +5.0  DAYS MAXS  2 ITS) (10-JUN-2002)      
  PAV=   271.4  BARSA  WCT=0.511 GOR=   184.00  SM3/SM3 WGR=   0.0057  SM3/SM3   
 STEP  234 TIME=    896.00  DAYS (    +5.0  DAYS MAXS  2 ITS) (15-JUN-2002)      
  PAV=   271.4  BARSA  WCT=0.513 GOR=   184.00  SM3/SM3 WGR=   0.0057  SM3/SM3   
 STEP  235 TIME=    901.00  DAYS (    +5.0  DAYS MAXS  2 ITS) (20-JUN-2002)      
  PAV=   271.5  BARSA  WCT=0.515 GOR=   184.00  SM3/SM3 WGR=   0.0058  SM3/SM3   
 STEP  236 TIME=    906.00  DAYS (    +5.0  DAYS MAXS  2 ITS) (25-JUN-2002)      
  PAV=   271.5  BARSA  WCT=0.517 GOR=   184.00  SM3/SM3 WGR=   0.0058  SM3/SM3   
 STEP  237 TIME=    909.00  DAYS (    +3.0  DAYS HALF  2 ITS) (28-JUN-2002)      
  PAV=   271.5  BARSA  WCT=0.518 GOR=   184.00  SM3/SM3 WGR=   0.0058  SM3/SM3   
 STEP  238 TIME=    912.00  DAYS (    +3.0  DAYS REPT  2 ITS) (1-JLY-2002)       
  PAV=   271.6  BARSA  WCT=0.519 GOR=   184.00  SM3/SM3 WGR=   0.0059  SM3/SM3   
   337 READING WCONHIST
   338 READING DATES   
 STEP  239 TIME=    913.00  DAYS (    +1.0  DAYS MAXW  1 ITS) (2-JLY-2002)       
  PAV=   271.6  BARSA  WCT=0.520 GOR=   184.00  SM3/SM3 WGR=   0.0059  SM3/SM3   
 STEP  240 TIME=    916.00  DAYS (    +3.0  DAYS MAXF  1 ITS) (5-JLY-2002)       
  PAV=   271.6  BARSA  WCT=0.521 GOR=   184.00  SM3/SM3 WGR=   0.0059  SM3/SM3   
 STEP  241 TIME=    921.00  DAYS (    +5.0  DAYS MAXS  2 ITS) (10-JLY-2002)      
  PAV=   271.6  BARSA  WCT=0.523 GOR=   184.00  SM3/SM3 WGR=   0.0060  SM3/SM3   
 STEP  242 TIME=    926.00  DAYS (    +5.0  DAYS MAXS  2 ITS) (15-JLY-2002)      
  PAV=   271.7  BARSA  WCT=0.525 GOR=   184.00  SM3/SM3 WGR=   0.0060  SM3/SM3   
 STEP  243 TIME=    931.00  DAYS (    +5.0  DAYS MAXS  2 ITS) (20-JLY-2002)      
  PAV=   271.7  BARSA  WCT=0.527 GOR=   184.00  SM3/SM3 WGR=   0.0060  SM3/SM3   
 STEP  244 TIME=    936.00  DAYS (    +5.0  DAYS MAXS  2 ITS) (25-JLY-2002)      
  PAV=   271.7  BARSA  WCT=0.529 GOR=   184.00  SM3/SM3 WGR=   0.0061  SM3/SM3   
 STEP  245 TIME=    939.50  DAYS (    +3.5  DAYS HALF  1 ITS) (28-JLY-2002)      
  PAV=   271.8  BARSA  WCT=0.530 GOR=   184.00  SM3/SM3 WGR=   0.0061  SM3/SM3   
 STEP  246 TIME=    943.00  DAYS (    +3.5  DAYS REPT  1 ITS) (1-AUG-2002)       
  PAV=   271.8  BARSA  WCT=0.531 GOR=   184.00  SM3/SM3 WGR=   0.0062  SM3/SM3   
   339 READING WCONHIST
   340 READING DATES   
 STEP  247 TIME=    944.00  DAYS (    +1.0  DAYS MAXW  1 ITS) (2-AUG-2002)       
  PAV=   271.8  BARSA  WCT=0.533 GOR=   184.00  SM3/SM3 WGR=   0.0062  SM3/SM3   
 STEP  248 TIME=    947.00  DAYS (    +3.0  DAYS MAXF  2 ITS) (5-AUG-2002)       
  PAV=   271.8  BARSA  WCT=0.534 GOR=   184.00  SM3/SM3 WGR=   0.0062  SM3/SM3   
 STEP  249 TIME=    952.00  DAYS (    +5.0  DAYS MAXS  2 ITS) (10-AUG-2002)      
  PAV=   271.9  BARSA  WCT=0.536 GOR=   184.00  SM3/SM3 WGR=   0.0063  SM3/SM3   
 STEP  250 TIME=    957.00  DAYS (    +5.0  DAYS MAXS  2 ITS) (15-AUG-2002)      
  PAV=   271.9  BARSA  WCT=0.538 GOR=   184.00  SM3/SM3 WGR=   0.0063  SM3/SM3   
 STEP  251 TIME=    962.00  DAYS (    +5.0  DAYS MAXS  2 ITS) (20-AUG-2002)      
  PAV=   271.9  BARSA  WCT=0.539 GOR=   184.00  SM3/SM3 WGR=   0.0064  SM3/SM3   
 STEP  252 TIME=    967.00  DAYS (    +5.0  DAYS MAXS  2 ITS) (25-AUG-2002)      
  PAV=   272.0  BARSA  WCT=0.541 GOR=   184.00  SM3/SM3 WGR=   0.0064  SM3/SM3   
 STEP  253 TIME=    970.50  DAYS (    +3.5  DAYS HALF  2 ITS) (28-AUG-2002)      
  PAV=   272.0  BARSA  WCT=0.542 GOR=   184.00  SM3/SM3 WGR=   0.0064  SM3/SM3   
 STEP  254 TIME=    974.00  DAYS (    +3.5  DAYS REPT  1 ITS) (1-SEP-2002)       
  PAV=   272.0  BARSA  WCT=0.543 GOR=   184.00  SM3/SM3 WGR=   0.0065  SM3/SM3   
   341 READING WCONHIST
   342 READING DATES   
 STEP  255 TIME=    975.00  DAYS (    +1.0  DAYS MAXW  1 ITS) (2-SEP-2002)       
  PAV=   272.0  BARSA  WCT=0.547 GOR=   184.00  SM3/SM3 WGR=   0.0066  SM3/SM3   
 STEP  256 TIME=    978.00  DAYS (    +3.0  DAYS MAXF  1 ITS) (5-SEP-2002)       
  PAV=   272.1  BARSA  WCT=0.548 GOR=   184.00  SM3/SM3 WGR=   0.0066  SM3/SM3   
 STEP  257 TIME=    983.00  DAYS (    +5.0  DAYS MAXS  2 ITS) (10-SEP-2002)      
  PAV=   272.1  BARSA  WCT=0.550 GOR=   184.00  SM3/SM3 WGR=   0.0066  SM3/SM3   
 STEP  258 TIME=    988.00  DAYS (    +5.0  DAYS MAXS  2 ITS) (15-SEP-2002)      
  PAV=   272.2  BARSA  WCT=0.551 GOR=   184.00  SM3/SM3 WGR=   0.0067  SM3/SM3   
 STEP  259 TIME=    993.00  DAYS (    +5.0  DAYS MAXS  3 ITS) (20-SEP-2002)      
  PAV=   272.2  BARSA  WCT=0.553 GOR=   184.00  SM3/SM3 WGR=   0.0067  SM3/SM3   
 STEP  260 TIME=    998.00  DAYS (    +5.0  DAYS MAXS  2 ITS) (25-SEP-2002)      
  PAV=   272.3  BARSA  WCT=0.555 GOR=   184.00  SM3/SM3 WGR=   0.0068  SM3/SM3   
 STEP  261 TIME=   1001.00  DAYS (    +3.0  DAYS HALF  1 ITS) (28-SEP-2002)      
  PAV=   272.3  BARSA  WCT=0.556 GOR=   184.00  SM3/SM3 WGR=   0.0068  SM3/SM3   
 STEP  262 TIME=   1004.00  DAYS (    +3.0  DAYS REPT  1 ITS) (1-OCT-2002)       
  PAV=   272.3  BARSA  WCT=0.557 GOR=   184.00  SM3/SM3 WGR=   0.0068  SM3/SM3   
   343 READING WCONHIST
   344 READING DATES   
 STEP  263 TIME=   1005.00  DAYS (    +1.0  DAYS MAXW  1 ITS) (2-OCT-2002)       
  PAV=   272.4  BARSA  WCT=0.563 GOR=   184.00  SM3/SM3 WGR=   0.0070  SM3/SM3   
 STEP  264 TIME=   1008.00  DAYS (    +3.0  DAYS MAXF  2 ITS) (5-OCT-2002)       
  PAV=   272.4  BARSA  WCT=0.564 GOR=   184.00  SM3/SM3 WGR=   0.0070  SM3/SM3   
 STEP  265 TIME=   1013.00  DAYS (    +5.0  DAYS MAXS  1 ITS) (10-OCT-2002)      
  PAV=   272.5  BARSA  WCT=0.565 GOR=   184.00  SM3/SM3 WGR=   0.0071  SM3/SM3   
 STEP  266 TIME=   1018.00  DAYS (    +5.0  DAYS MAXS  2 ITS) (15-OCT-2002)      
  PAV=   272.5  BARSA  WCT=0.567 GOR=   184.00  SM3/SM3 WGR=   0.0071  SM3/SM3   
 STEP  267 TIME=   1023.00  DAYS (    +5.0  DAYS MAXS  2 ITS) (20-OCT-2002)      
  PAV=   272.6  BARSA  WCT=0.568 GOR=   184.00  SM3/SM3 WGR=   0.0072  SM3/SM3   
 STEP  268 TIME=   1028.00  DAYS (    +5.0  DAYS MAXS  2 ITS) (25-OCT-2002)      
  PAV=   272.6  BARSA  WCT=0.570 GOR=   184.00  SM3/SM3 WGR=   0.0072  SM3/SM3   
 STEP  269 TIME=   1031.50  DAYS (    +3.5  DAYS HALF  2 ITS) (28-OCT-2002)      
  PAV=   272.7  BARSA  WCT=0.571 GOR=   184.00  SM3/SM3 WGR=   0.0072  SM3/SM3   
 STEP  270 TIME=   1035.00  DAYS (    +3.5  DAYS REPT  1 ITS) (1-NOV-2002)       
  PAV=   272.7  BARSA  WCT=0.572 GOR=   184.00  SM3/SM3 WGR=   0.0073  SM3/SM3   
   345 READING WCONHIST
   346 READING DATES   
 STEP  271 TIME=   1036.00  DAYS (    +1.0  DAYS MAXW  1 ITS) (2-NOV-2002)       
  PAV=   272.7  BARSA  WCT=0.575 GOR=   184.00  SM3/SM3 WGR=   0.0074  SM3/SM3   
 STEP  272 TIME=   1039.00  DAYS (    +3.0  DAYS MAXF  2 ITS) (5-NOV-2002)       
  PAV=   272.8  BARSA  WCT=0.576 GOR=   184.00  SM3/SM3 WGR=   0.0074  SM3/SM3   
 STEP  273 TIME=   1044.00  DAYS (    +5.0  DAYS MAXS  2 ITS) (10-NOV-2002)      
  PAV=   272.8  BARSA  WCT=0.578 GOR=   184.00  SM3/SM3 WGR=   0.0074  SM3/SM3   
 STEP  274 TIME=   1049.00  DAYS (    +5.0  DAYS MAXS  2 ITS) (15-NOV-2002)      
  PAV=   272.9  BARSA  WCT=0.579 GOR=   184.00  SM3/SM3 WGR=   0.0075  SM3/SM3   
 STEP  275 TIME=   1054.00  DAYS (    +5.0  DAYS MAXS  2 ITS) (20-NOV-2002)      
  PAV=   272.9  BARSA  WCT=0.581 GOR=   184.00  SM3/SM3 WGR=   0.0075  SM3/SM3   
 STEP  276 TIME=   1059.00  DAYS (    +5.0  DAYS MAXS  2 ITS) (25-NOV-2002)      
  PAV=   273.0  BARSA  WCT=0.582 GOR=   184.00  SM3/SM3 WGR=   0.0076  SM3/SM3   
 STEP  277 TIME=   1062.00  DAYS (    +3.0  DAYS HALF  2 ITS) (28-NOV-2002)      
  PAV=   273.0  BARSA  WCT=0.583 GOR=   184.00  SM3/SM3 WGR=   0.0076  SM3/SM3   
 STEP  278 TIME=   1065.00  DAYS (    +3.0  DAYS REPT  2 ITS) (1-DEC-2002)       
  PAV=   273.1  BARSA  WCT=0.584 GOR=   184.00  SM3/SM3 WGR=   0.0076  SM3/SM3   
   347 READING WCONHIST
   348 READING WCONINJH
   349 READING DATES   
 STEP  279 TIME=   1066.00  DAYS (    +1.0  DAYS MAXW  1 ITS) (2-DEC-2002)       
  PAV=   273.1  BARSA  WCT=0.584 GOR=   184.00  SM3/SM3 WGR=   0.0076  SM3/SM3   
 STEP  280 TIME=   1069.00  DAYS (    +3.0  DAYS MAXF  2 ITS) (5-DEC-2002)       
  PAV=   273.1  BARSA  WCT=0.585 GOR=   184.00  SM3/SM3 WGR=   0.0077  SM3/SM3   
 STEP  281 TIME=   1074.00  DAYS (    +5.0  DAYS MAXS  2 ITS) (10-DEC-2002)      
  PAV=   273.2  BARSA  WCT=0.586 GOR=   184.00  SM3/SM3 WGR=   0.0077  SM3/SM3   
 STEP  282 TIME=   1079.00  DAYS (    +5.0  DAYS MAXS  2 ITS) (15-DEC-2002)      
  PAV=   273.2  BARSA  WCT=0.588 GOR=   184.00  SM3/SM3 WGR=   0.0077  SM3/SM3   
 STEP  283 TIME=   1084.00  DAYS (    +5.0  DAYS MAXS  2 ITS) (20-DEC-2002)      
  PAV=   273.3  BARSA  WCT=0.589 GOR=   184.00  SM3/SM3 WGR=   0.0078  SM3/SM3   
 STEP  284 TIME=   1089.00  DAYS (    +5.0  DAYS MAXS  2 ITS) (25-DEC-2002)      
  PAV=   273.3  BARSA  WCT=0.590 GOR=   184.00  SM3/SM3 WGR=   0.0078  SM3/SM3   
 STEP  285 TIME=   1092.50  DAYS (    +3.5  DAYS HALF  2 ITS) (28-DEC-2002)      
  PAV=   273.4  BARSA  WCT=0.591 GOR=   184.00  SM3/SM3 WGR=   0.0079  SM3/SM3   
 STEP  286 TIME=   1096.00  DAYS (    +3.5  DAYS REPT  2 ITS) (1-JAN-2003)       
  PAV=   273.4  BARSA  WCT=0.592 GOR=   184.00  SM3/SM3 WGR=   0.0079  SM3/SM3   

 @--MESSAGE  AT TIME     1096.0   DAYS    ( 1-JAN-2003):
 @           RESTART FILE WRITTEN   REPORT    36                             
 @           RESTART INCLUDES FLUIDS IN PLACE                                
               END OF INCLUDE FILE 
   350 READING SAVE    
   351 READING TSTEP   

 @--MESSAGE  AT TIME     1096.0   DAYS    ( 1-JAN-2003):
 @           SAVE TYPE RESTART FILE WRITTEN   REPORT    36                   
 STEP  287 TIME=   1097.00  DAYS (    +1.0  DAYS REPT  1 ITS) (2-JAN-2003)       
  PAV=   273.4  BARSA  WCT=0.593 GOR=   184.00  SM3/SM3 WGR=   0.0079  SM3/SM3   
   352 READING END     
          630 Mbytes of storage required                         
  18.0059     KB/active cell                                     
          789 Mbytes (image size)                                

 Error summary 
 Comments               2
 Warnings               8
 Problems              17
 Errors                 0
 Bugs                   0
 Final cpu      78.18 elapsed      78.78
 Total number of time steps forced to be accepted          0
