INFO 2021-06-29 22:08:23,454 st-rsv17-17-21.st.statoil.no Version 2019.4
INFO 2021-06-29 22:08:23,495 st-rsv17-17-21.st.statoil.no Session logging to /scratch/fmu/hakal/01_drogon_ahm/realization-0/iter-0/eclipse/model/DROGON-0.RTELOG
INFO 2021-06-29 22:08:23,495 st-rsv17-17-21.st.statoil.no Session logging to /scratch/fmu/hakal/01_drogon_ahm/realization-0/iter-0/eclipse/model/DROGON-0.RTEMSG
INFO 2021-06-29 22:08:23,525 st-rsv17-17-21.st.statoil.no Workflow starting task: DROGON-0
INFO 2021-06-29 22:08:23,633 st-rsv17-17-21.st.statoil.no Submission Command: /prog/res/ecl/grid/2020.2/bin/linux_x86_64/eclipse.exe DROGON-0
 ECLIPSE   Version 2020.2. Build Number 30032000. (Arch : Linux X86_64 (64 bit, LINRH6_IL17GC54_OPT))

 Proprietary Notice
 This application contains the confidential and
 proprietary trade secrets of Schlumberger and may 
 not be copied or stored in an information retrieval
 system, transferred, used, distributed, translated,
 or retransmitted in any form or by any means, electronic
 or mechanical, in whole or in part, without the
 express written permission of the copyright owner.

 ECLIPSE is a mark of Schlumberger. Copyright (c)
 1981-2020 Schlumberger. All rights reserved.

     1 READING RUNSPEC 
     2 READING TITLE   
     3 READING START   
     4 READING OIL     
     5 READING GAS     
     6 READING WATER   
     7 READING DISGAS  
     8 READING VAPOIL  
     9 READING METRIC  
    10 READING EQLOPTS 
    11 READING TRACERS 
    12 READING INCLUDE ../include/runspec/drogon.dimens                                                                                                    
    13 READING DIMENS  
               END OF INCLUDE FILE 
    14 READING INCLUDE ../include/runspec/drogon.tabdims                                                                                                   
    15 READING TABDIMS 
               END OF INCLUDE FILE 
    16 READING INCLUDE ../include/runspec/drogon.eqldims                                                                                                   
    17 READING EQLDIMS 
               END OF INCLUDE FILE 
    18 READING INCLUDE ../include/runspec/drogon.regdims                                                                                                   
    19 READING REGDIMS 
               END OF INCLUDE FILE 
    20 READING INCLUDE ../include/runspec/drogon.gridopts                                                                                                  
    21 READING GRIDOPTS
               END OF INCLUDE FILE 
    22 READING FAULTDIM
    23 READING WELLDIMS
    24 READING WSEGDIMS
    25 READING UNIFIN  

 @--MESSAGE  AT TIME        0.0   DAYS    ( 1-JAN-2018):
 @           CHECKING FOR LICENSES                                           
    26 READING UNIFOUT 
    27 READING NOINSPEC
    28 READING NORSSPEC
    29 READING MESSAGES
    30 READING GRID    

 @--MESSAGE  AT TIME        0.0   DAYS    ( 1-JAN-2018):
 @           CHECKING FOR LICENSES                                           

 @--MESSAGE  AT TIME        0.0   DAYS    ( 1-JAN-2018):
 @           THE MEMORY REQUIRED TO PROCESS THE GRID SECTION IS              
 @                57338 KBYTES                                               
    31 READING NOECHO  
    32 READING NEWTRAN 
    33 READING GRIDFILE
    34 READING INIT    
    35 READING PINCH   
    36 READING IMPORT  
    37 READING MAPAXES 
    38 READING SPECGRID
    39 READING COORD   
    40 READING ZCORN   
    41 READING ACTNUM  
    42 READING INCLUDE ../include/grid/drogon.faults                                                                                                       
    43 READING FAULTS  
               END OF INCLUDE FILE 
    44 READING IMPORT  
    45 READING PORO    
    46 READING IMPORT  
    47 READING PERMX   
    48 READING PERMY   
    49 READING PERMZ   
    50 READING INCLUDE ../include/grid/drogon.multnum                                                                                                      
    51 READING MULTNUM 
               END OF INCLUDE FILE 
    52 READING INCLUDE ../include/grid/drogon.multregt                                                                                                     
    53 READING MULTREGT

 @--MESSAGE  AT TIME        0.0   DAYS    ( 1-JAN-2018):
 @            THE MULTNUM ARRAY WILL BE USED WITH THE MULTREGT               
 @            KEYWORD BETWEEN REGIONS      1 AND      2                      

 @--MESSAGE  AT TIME        0.0   DAYS    ( 1-JAN-2018):
 @            THE MULTNUM ARRAY WILL BE USED WITH THE MULTREGT               
 @            KEYWORD BETWEEN REGIONS      1 AND      3                      

 @--MESSAGE  AT TIME        0.0   DAYS    ( 1-JAN-2018):
 @            THE MULTNUM ARRAY WILL BE USED WITH THE MULTREGT               
 @            KEYWORD BETWEEN REGIONS      2 AND      3                      
               END OF INCLUDE FILE 
    54 READING EDIT    

 @--MESSAGE  AT TIME        0.0   DAYS    ( 1-JAN-2018):
 @               2453 PINCH-OUT CONNECTIONS GENERATED                        
    55 READING INCLUDE ../include/edit/drogon.trans                                                                                                        
    56 READING MULTIPLY
    57 READING EDITNNC 

 @--WARNING  AT TIME        0.0   DAYS    ( 1-JAN-2018):
 @              333 OUT OF   7112 NNCS DEFINED UNDER EDITNNC  WERE           
 @           NOT FOUND. SET MNEMONIC ALLNNC IN RPTGRID TO                    
 @           OBTAIN A FULL LISTING OF THESE MISSING NNCS                     
               END OF INCLUDE FILE 
    58 READING PROPS   

 @--MESSAGE  AT TIME        0.0   DAYS    ( 1-JAN-2018):
 @               13   NON-NEIGHBOUR CONNECTIONS NNCS HAVE BEEN               
 @           DELETED SINCE THEY HAVE ZERO TRANSMISSIBILITY                   
 @           AFTER PROCESSING THE EDIT SECTION                               

 @--MESSAGE  AT TIME        0.0   DAYS    ( 1-JAN-2018):
 @           PRE-PROCESSING HAS FOUND 2369 NON-NEIGHBOUR CONNECTIONS         
 @           WHICH EITHER JOIN ADJACENT CELLS OR CAN BE TREATED AS A         
 @           NORMAL CONNECTION. THE TRANSMISSIBILITY HAS BEEN ADDED TO       
 @           THE APPROPRIATE CELL TRANSMISSIBILITY AND THE                   
 @           NON-NEIGHBOUR CONNECTION REMOVED FROM THE SIMULATION            

 @--MESSAGE  AT TIME        0.0   DAYS    ( 1-JAN-2018):
 @           A FULL LISTING OF THESE NNCS CAN BE OBTAINED BY SETTING         
 @           THE ALLNNC MNEMONIC IN RPTGRID. THE OUTPUT HAS THE              
 @           TITLE MNEMONIC DEL-NNC                                          

 @--MESSAGE  AT TIME        0.0   DAYS    ( 1-JAN-2018):
 @                163 NON-NEIGHBOUR CONNECTIONS HAVE BEEN IGNORED            
 @           AS THEIR TRANSMISSIBILITY IS LESS THAN 0.100000E-05             
 @                 84 OF THESE ARE Z-PINCHOUTS.                              

 @--MESSAGE  AT TIME        0.0   DAYS    ( 1-JAN-2018):
 @           6772 NON-NEIGHBOUR CONNECTIONS PRESENT                          

 @--COMMENT  AT TIME        0.0   DAYS    ( 1-JAN-2018):
 @           LEFT HANDED GRIDS MAY NOT BE SUPPORTED                          
 @            IN ALL PRE AND POST PROCESSORS                                 

 @--MESSAGE  AT TIME        0.0   DAYS    ( 1-JAN-2018):
 @           NUMBER OF ACTIVE CELLS IS 70670                                 

 @--MESSAGE  AT TIME        0.0   DAYS    ( 1-JAN-2018):
 @           THE MEMORY REQUIRED TO PROCESS THE SOLUTION SECTION IS          
 @               168185 KBYTES                                               

 @--MESSAGE  AT TIME        0.0   DAYS    ( 1-JAN-2018):
 @              62973 CHARACTER VARIABLES USED                               
    59 READING FILLEPS 
    60 READING INCLUDE ../include/props/drogon.sattab                                                                                                      
    61 READING SWOF    
    62 READING SGOF    
               END OF INCLUDE FILE 
    63 READING IMPORT  
    64 READING SWATINIT
    65 READING INCLUDE ../include/props/drogon.pvt                                                                                                         
    66 READING ROCKOPTS
    67 READING ROCK    

 @--WARNING  AT TIME        0.0   DAYS    ( 1-JAN-2018):
 @           ALTHOUGH ROCK DATA WAS ASSOCIATED WITH ROCKNUM                  
 @           THE NUMBER OF REGIONS WAS NOT EXPLICITLY SET                    
 @           USING ARGUMENT 13 OF KEYWORD TABDIMS                            
 @           ROCK WILL BE ASSOCIATED WITH PVTNUM INSTEAD                     
    68 READING PVTW    
    69 READING DENSITY 
    70 READING PVTO    
    71 READING PVTG    
               END OF INCLUDE FILE 
    72 READING TRACER  
    73 READING EXTRAPMS
    74 READING REGIONS 
    75 READING IMPORT  
    76 READING EQLNUM  
    77 READING IMPORT  
    78 READING FIPNUM  
    79 READING INCLUDE ../include/regions/drogon.fipzon                                                                                                    
    80 READING FIPZON  
               END OF INCLUDE FILE 
    81 READING IMPORT  
    82 READING SATNUM  
    83 READING IMPORT  
    84 READING PVTNUM  
    85 READING SOLUTION

 @--WARNING  AT TIME        0.0   DAYS    ( 1-JAN-2018):
 @           THERE IS A TRANSMISSIBILITY IN THE  X  DIRECTION                
 @           BETWEEN CELLS 25,8,1 AND 26,8,1                                 
 @           THESE CELLS ARE IN DIFFERENT PVT REGIONS                        

 @--WARNING  AT TIME        0.0   DAYS    ( 1-JAN-2018):
 @           THERE IS A TRANSMISSIBILITY IN THE  X  DIRECTION                
 @           BETWEEN CELLS 26,8,1 AND 27,8,1                                 
 @           THESE CELLS ARE IN DIFFERENT PVT REGIONS                        

 @--WARNING  AT TIME        0.0   DAYS    ( 1-JAN-2018):
 @           THERE IS A TRANSMISSIBILITY IN THE  X  DIRECTION                
 @           BETWEEN CELLS 24,9,1 AND 25,9,1                                 
 @           THESE CELLS ARE IN DIFFERENT PVT REGIONS                        

 @--WARNING  AT TIME        0.0   DAYS    ( 1-JAN-2018):
 @           THERE IS A TRANSMISSIBILITY IN THE  X  DIRECTION                
 @           BETWEEN CELLS 26,9,1 AND 27,9,1                                 
 @           THESE CELLS ARE IN DIFFERENT PVT REGIONS                        

 @--WARNING  AT TIME        0.0   DAYS    ( 1-JAN-2018):
 @           THERE IS A TRANSMISSIBILITY IN THE  X  DIRECTION                
 @           BETWEEN CELLS 23,10,1 AND 24,10,1                               
 @           THESE CELLS ARE IN DIFFERENT PVT REGIONS                        

 @--WARNING  AT TIME        0.0   DAYS    ( 1-JAN-2018):
 @           THERE IS A TRANSMISSIBILITY IN THE  X  DIRECTION                
 @           BETWEEN CELLS 26,10,1 AND 27,10,1                               
 @           THESE CELLS ARE IN DIFFERENT PVT REGIONS                        

 @--WARNING  AT TIME        0.0   DAYS    ( 1-JAN-2018):
 @           THERE IS A TRANSMISSIBILITY IN THE  X  DIRECTION                
 @           BETWEEN CELLS 22,11,1 AND 23,11,1                               
 @           THESE CELLS ARE IN DIFFERENT PVT REGIONS                        

 @--WARNING  AT TIME        0.0   DAYS    ( 1-JAN-2018):
 @           THERE IS A TRANSMISSIBILITY IN THE  X  DIRECTION                
 @           BETWEEN CELLS 26,11,1 AND 27,11,1                               
 @           THESE CELLS ARE IN DIFFERENT PVT REGIONS                        

 @--WARNING  AT TIME        0.0   DAYS    ( 1-JAN-2018):
 @           THERE IS A TRANSMISSIBILITY IN THE  X  DIRECTION                
 @           BETWEEN CELLS 26,12,1 AND 27,12,1                               
 @           THESE CELLS ARE IN DIFFERENT PVT REGIONS                        

 @--WARNING  AT TIME        0.0   DAYS    ( 1-JAN-2018):
 @           THERE IS A TRANSMISSIBILITY IN THE  X  DIRECTION                
 @           BETWEEN CELLS 26,13,1 AND 27,13,1                               
 @           THESE CELLS ARE IN DIFFERENT PVT REGIONS                        

 @--WARNING  AT TIME        0.0   DAYS    ( 1-JAN-2018):
 @           NO FURTHER MESSAGES ABOUT                                       
 @           PVT REGION CONNECTION CONSISTENCY                               
 @           WILL BE EMITTED.                                                

 @--MESSAGE  AT TIME        0.0   DAYS    ( 1-JAN-2018):
 @           THE OUTPUT LIMIT FOR THESE MESSAGES                             
 @           CAN BE CHANGED WITH ITEM 13 OF THE                              
 @           MESSAGES KEYWORD OR WITH ITEM 220                               
 @           OF THE OPTIONS KEYWORD.                                         
    86 READING INCLUDE ../include/solution/drogon.equil                                                                                                    
    87 READING EQUIL   
               END OF INCLUDE FILE 
    88 READING INCLUDE ../include/solution/drogon.rxvd                                                                                                     
    89 READING RSVD    
    90 READING RVVD    
               END OF INCLUDE FILE 
    91 READING INCLUDE ../include/solution/drogon.thpres                                                                                                   
    92 READING THPRES  
               END OF INCLUDE FILE 
    93 READING TVDPFWT1
    94 READING TVDPFWT2
    95 READING RPTSOL  
    96 READING RPTRST  
    97 READING SUMMARY 
    98 READING SUMTHIN 
    99 READING INCLUDE ../include/summary/drogon.summary                                                                                                   
   100 READING FOPR    
   101 READING FOPRH   
   102 READING FGPR    
   103 READING FGPRH   
   104 READING FWPR    
   105 READING FWPRH   
   106 READING FLPR    
   107 READING FLPRH   
   108 READING FVPR    
   109 READING FOPRF   
   110 READING FOPRS   
   111 READING FGSR    
   112 READING FGPRF   
   113 READING FGPRS   
   114 READING FOPP    
   115 READING FWPP    
   116 READING FGPP    
   117 READING FMWPR   
   118 READING FMWIN   
   119 READING FVIR    
   120 READING FWIR    
   121 READING FWIRH   
   122 READING FGIR    
   123 READING FGIRH   
   124 READING FGLIR   
   125 READING FMCTP   
   126 READING FVPT    
   127 READING FOPT    
   128 READING FOPTH   
   129 READING FWPT    
   130 READING FWPTH   
   131 READING FGPT    
   132 READING FGPTH   
   133 READING FWIT    
   134 READING FWITH   
   135 READING FGIT    
   136 READING FGITH   
   137 READING FOPTF   
   138 READING FOPTS   
   139 READING FWIP    
   140 READING FOIP    
   141 READING FGIP    
   142 READING FWCT    
   143 READING FWCTH   
   144 READING FGOR    
   145 READING FGORH   
   146 READING FGLR    
   147 READING FWGR    
   148 READING FPR     
   149 READING RPR     
   150 READING ROIP    
   151 READING ROE     
   152 READING ROIPL   
   153 READING ROIPG   
   154 READING RGIP    
   155 READING RGIPL   
   156 READING RGIPG   
   157 READING RGPR    
   158 READING RGPT    
   159 READING GMWPR   
   160 READING GGLIR   
   161 READING GOPR    
   162 READING GOPRH   
   163 READING GGPR    
   164 READING GGPRH   
   165 READING GWPR    
   166 READING GWPRH   
   167 READING GVPR    
   168 READING GLPR    
   169 READING GOPRF   
   170 READING GOPRS   
   171 READING GGPRF   
   172 READING GGPRS   
   173 READING GWCT    
   174 READING GWCTH   
   175 READING GGOR    
   176 READING GGORH   
   177 READING GWGR    
   178 READING GGLR    
   179 READING GOPT    
   180 READING GOPTH   
   181 READING GGPT    
   182 READING GGPTH   
   183 READING GWPT    
   184 READING GWPTH   
   185 READING GVPT    
   186 READING GLPT    
   187 READING GOPTF   
   188 READING GOPTS   
   189 READING GGPTF   
   190 READING GGPTS   
   191 READING GWIR    
   192 READING GVIR    
   193 READING GWIRH   
   194 READING GGIR    
   195 READING GGIRH   
   196 READING GOPP    
   197 READING GGPP    
   198 READING GWPP    
   199 READING GMCTP   
   200 READING WOPR    
   201 READING WOPRH   
   202 READING WGPR    
   203 READING WGPRH   
   204 READING WWPR    
   205 READING WWPRH   
   206 READING WLPR    
   207 READING WLPRH   
   208 READING WOPT    
   209 READING WWPT    
   210 READING WGPT    
   211 READING WOPTH   
   212 READING WWPTH   
   213 READING WGPTH   
   214 READING WWCT    
   215 READING WWCTH   
   216 READING WGOR    
   217 READING WGORH   
   218 READING WWIR    
   219 READING WWIRH   
   220 READING WGIR    
   221 READING WGIRH   
   222 READING WWIT    
   223 READING WWITH   
   224 READING WGIT    
   225 READING WGITH   
   226 READING WBHP    
   227 READING WTHP    
   228 READING WPI     
   229 READING WVPR    
   230 READING WBP     
   231 READING WBP4    
   232 READING WBP9    
   233 READING WMCTL   
   234 READING WGLIR   
   235 READING WOGLR   
   236 READING WTPRWT1 
   237 READING WTPRWT2 
   238 READING WTPTWT1 
   239 READING WTPTWT2 
   240 READING WTPCWT1 
   241 READING WTPCWT2 
   242 READING WTIRWT1 
   243 READING WTIRWT2 
   244 READING WTITWT1 
   245 READING WTITWT2 
   246 READING WTICWT1 
   247 READING WTICWT2 
   248 READING TCPU    
   249 READING TCPUDAY 
               END OF INCLUDE FILE 
   250 READING SCHEDULE
   251 READING INCLUDE ../include/schedule/drogon_hist.sch                                                                                                 
   252 READING WELSPECS
   253 READING COMPORD 
   254 READING GRUPTREE
   255 READING COMPDAT 

 @--WARNING  AT TIME        0.0   DAYS    ( 1-JAN-2018):
 @           CONNECTION (  22  29  29) IN WELL R_A2                          
 @           HAS ROCK Z-PERMEABILITY   0.0000E+00 .                          
 @           RESETTING KZ TO 10**(-10)                                       

 @--WARNING  AT TIME        0.0   DAYS    ( 1-JAN-2018):
 @           WELL R_A5     CONNECTS WITH A DEAD BLOCK                        
 @           (  31  20   8). THIS CONNECTION WILL BE IGNORED.                

 @--WARNING  AT TIME        0.0   DAYS    ( 1-JAN-2018):
 @           WELL R_A5     CONNECTS WITH A DEAD BLOCK                        
 @           (  31  20   9). THIS CONNECTION WILL BE IGNORED.                

 @--WARNING  AT TIME        0.0   DAYS    ( 1-JAN-2018):
 @           WELL R_A5     CONNECTS WITH A DEAD BLOCK                        
 @           (  31  21   9). THIS CONNECTION WILL BE IGNORED.                

 @--WARNING  AT TIME        0.0   DAYS    ( 1-JAN-2018):
 @           WELL R_A5     CONNECTS WITH A DEAD BLOCK                        
 @           (  31  21  10). THIS CONNECTION WILL BE IGNORED.                

 @--WARNING  AT TIME        0.0   DAYS    ( 1-JAN-2018):
 @           WELL R_A5     CONNECTS WITH A DEAD BLOCK                        
 @           (  31  21  20). THIS CONNECTION WILL BE IGNORED.                
   256 READING WCONHIST
   257 READING WRFTPLT 
   258 READING TUNING  
   259 READING RPTRST  
   260 READING DATES   

 @--MESSAGE  AT TIME        0.0   DAYS    ( 1-JAN-2018):
 @           GRAPHICS ONLY RESTART FILE WRITTEN   REPORT     0               
 @           RESTART INCLUDES FLUIDS IN PLACE                                
 @                            BUBBLE AND DEW POINT PRESSURES                 
 @                            SATURATED GOR                                  
 @                            SATURATED OGR                                  
 STEP    1 TIME=      1.00  DAYS (    +1.0  DAYS INIT  1 ITS) (2-JAN-2018)       
  PAV=   301.0  BARSA  WCT= 0.00 GOR= 0.00000   SM3/SM3 WGR= 0.00000   SM3/SM3   
 STEP    2 TIME=      4.00  DAYS (    +3.0  DAYS REPT  1 ITS) (5-JAN-2018)       
  PAV=   301.0  BARSA  WCT= 0.00 GOR= 0.00000   SM3/SM3 WGR= 0.00000   SM3/SM3   
   261 READING WELSPECS
   262 READING COMPORD 
   263 READING COMPDAT 
   264 READING WCONHIST

 @--MESSAGE  AT TIME        4.0   DAYS    ( 5-JAN-2018):
 @           OPENING WELL A1       AT TIME      4.00   DAYS                  
 @           CONTROLLED BY RESERVOIR FLUID VOLUME RATE                       
   265 READING WELTARG 
   266 READING DATES   
 STEP    3 TIME=      5.00  DAYS (    +1.0  DAYS MAXW  2 ITS) (6-JAN-2018)       
  PAV=   300.7  BARSA  WCT=0.010 GOR=   140.82  SM3/SM3 WGR=   0.0001  SM3/SM3   
 STEP    4 TIME=      8.00  DAYS (    +3.0  DAYS MAXF  3 ITS) (9-JAN-2018)       
  PAV=   300.0  BARSA  WCT=0.010 GOR=   140.82  SM3/SM3 WGR=   0.0001  SM3/SM3   
 STEP    5 TIME=     17.00  DAYS (    +9.0  DAYS MAXF  3 ITS) (18-JAN-2018)      
  PAV=   298.1  BARSA  WCT=0.011 GOR=   140.82  SM3/SM3 WGR=   0.0001  SM3/SM3   

 @--WARNING  AT TIME       17.0   DAYS    (18-JAN-2018):
 @           LINEAR EQUATION CONVERGENCE PROBLEMS WERE EXPERIENCED THIS      
 @           TIME-STEP. IN SOME CASES INCREASING LITMAX                      
 @           (TUNING KEYWORD) AND/OR NSTACK MAY HELP.                        
 STEP    6 TIME=     31.00  DAYS (   +14.0  DAYS REPT  7 ITS) (1-FEB-2018)       
  PAV=   295.4  BARSA  WCT=0.010 GOR=   140.82  SM3/SM3 WGR=   0.0001  SM3/SM3   
   267 READING WCONHIST
   268 READING DATES   
 STEP    7 TIME=     32.00  DAYS (    +1.0  DAYS MAXW  1 ITS) (2-FEB-2018)       
  PAV=   295.3  BARSA  WCT=0.010 GOR=   140.82  SM3/SM3 WGR=   0.0001  SM3/SM3   
 STEP    8 TIME=     35.00  DAYS (    +3.0  DAYS MAXF  2 ITS) (5-FEB-2018)       
  PAV=   294.7  BARSA  WCT=0.010 GOR=   140.82  SM3/SM3 WGR=   0.0001  SM3/SM3   
 STEP    9 TIME=     44.00  DAYS (    +9.0  DAYS MAXF  3 ITS) (14-FEB-2018)      
  PAV=   293.2  BARSA  WCT=0.010 GOR=   140.82  SM3/SM3 WGR=   0.0001  SM3/SM3   
 STEP   10 TIME=     59.00  DAYS (   +15.0  DAYS REPT  3 ITS) (1-MAR-2018)       
  PAV=   291.2  BARSA  WCT=0.009 GOR=   139.87  SM3/SM3 WGR=   0.0001  SM3/SM3   
   269 READING WCONHIST
   270 READING WRFTPLT 
   271 READING DATES   
 STEP   11 TIME=     60.00  DAYS (    +1.0  DAYS MAXW  1 ITS) (2-MAR-2018)       
  PAV=   291.1  BARSA  WCT=0.009 GOR=   139.82  SM3/SM3 WGR=   0.0001  SM3/SM3   
 STEP   12 TIME=     63.00  DAYS (    +3.0  DAYS MAXF  2 ITS) (5-MAR-2018)       
  PAV=   290.8  BARSA  WCT=0.009 GOR=   139.66  SM3/SM3 WGR=   0.0001  SM3/SM3   
 STEP   13 TIME=     68.00  DAYS (    +5.0  DAYS REPT  2 ITS) (10-MAR-2018)      
  PAV=   290.2  BARSA  WCT=0.009 GOR=   139.42  SM3/SM3 WGR=   0.0001  SM3/SM3   
   272 READING WELSPECS
   273 READING COMPORD 
   274 READING COMPDAT 
   275 READING WCONHIST

 @--MESSAGE  AT TIME       68.0   DAYS    (10-MAR-2018):
 @           OPENING WELL A2       AT TIME     68.00   DAYS                  
 @           CONTROLLED BY RESERVOIR FLUID VOLUME RATE                       
   276 READING WELTARG 
   277 READING DATES   
 STEP   14 TIME=     69.00  DAYS (    +1.0  DAYS MAXW  3 ITS) (11-MAR-2018)      
  PAV=   289.9  BARSA  WCT=0.012 GOR=   140.09  SM3/SM3 WGR=   0.0001  SM3/SM3   
 STEP   15 TIME=     72.00  DAYS (    +3.0  DAYS MAXF  3 ITS) (14-MAR-2018)      
  PAV=   289.0  BARSA  WCT=0.011 GOR=   139.97  SM3/SM3 WGR=   0.0001  SM3/SM3   
 STEP   16 TIME=     79.40  DAYS (    +7.4  DAYS TRNC  5 ITS) (21-MAR-2018)      
  PAV=   287.3  BARSA  WCT=0.010 GOR=   139.12  SM3/SM3 WGR=   0.0001  SM3/SM3   
 STEP   17 TIME=     88.00  DAYS (    +8.6  DAYS REPT  3 ITS) (30-MAR-2018)      
  PAV=   285.7  BARSA  WCT=0.010 GOR=   136.54  SM3/SM3 WGR=   0.0001  SM3/SM3   
   278 READING WCONHIST
   279 READING DATES   
 STEP   18 TIME=     89.00  DAYS (    +1.0  DAYS MAXW  2 ITS) (31-MAR-2018)      
  PAV=   285.5  BARSA  WCT=0.010 GOR=   136.32  SM3/SM3 WGR=   0.0001  SM3/SM3   
 STEP   19 TIME=     90.00  DAYS (    +1.0  DAYS REPT  2 ITS) (1-APR-2018)       
  PAV=   285.3  BARSA  WCT=0.010 GOR=   136.10  SM3/SM3 WGR=   0.0001  SM3/SM3   
   280 READING WCONHIST
   281 READING DATES   
 STEP   20 TIME=     91.00  DAYS (    +1.0  DAYS MAXW  2 ITS) (2-APR-2018)       
  PAV=   285.2  BARSA  WCT=0.010 GOR=   135.92  SM3/SM3 WGR=   0.0001  SM3/SM3   
 STEP   21 TIME=     94.00  DAYS (    +3.0  DAYS MAXF  2 ITS) (5-APR-2018)       
  PAV=   284.7  BARSA  WCT=0.010 GOR=   135.43  SM3/SM3 WGR=   0.0001  SM3/SM3   
 STEP   22 TIME=    102.44  DAYS (    +8.4  DAYS TRNC  3 ITS) (13-APR-2018)      
  PAV=   283.4  BARSA  WCT=0.009 GOR=   134.67  SM3/SM3 WGR=   0.0001  SM3/SM3   
 STEP   23 TIME=    109.72  DAYS (    +7.3  DAYS HALF  3 ITS) (20-APR-2018)      
  PAV=   282.4  BARSA  WCT=0.009 GOR=   134.53  SM3/SM3 WGR=   0.0001  SM3/SM3   
 STEP   24 TIME=    117.00  DAYS (    +7.3  DAYS REPT  5 ITS) (28-APR-2018)      
  PAV=   281.5  BARSA  WCT=0.010 GOR=   134.40  SM3/SM3 WGR=   0.0001  SM3/SM3   
   282 READING WCONHIST
   283 READING WRFTPLT 
   284 READING DATES   
 STEP   25 TIME=    118.00  DAYS (    +1.0  DAYS MAXW  1 ITS) (29-APR-2018)      
  PAV=   281.3  BARSA  WCT=0.010 GOR=   134.40  SM3/SM3 WGR=   0.0001  SM3/SM3   
 STEP   26 TIME=    120.00  DAYS (    +2.0  DAYS REPT  2 ITS) (1-MAY-2018)       
  PAV=   281.1  BARSA  WCT=0.010 GOR=   134.38  SM3/SM3 WGR=   0.0001  SM3/SM3   
   285 READING WCONHIST
   286 READING DATES   
 STEP   27 TIME=    121.00  DAYS (    +1.0  DAYS MAXW  2 ITS) (2-MAY-2018)       
  PAV=   280.9  BARSA  WCT=0.010 GOR=   134.35  SM3/SM3 WGR=   0.0001  SM3/SM3   
 STEP   28 TIME=    124.00  DAYS (    +3.0  DAYS MAXF  3 ITS) (5-MAY-2018)       
  PAV=   280.5  BARSA  WCT=0.010 GOR=   134.22  SM3/SM3 WGR=   0.0001  SM3/SM3   
 STEP   29 TIME=    127.00  DAYS (    +3.0  DAYS REPT  3 ITS) (8-MAY-2018)       
  PAV=   280.1  BARSA  WCT=0.010 GOR=   134.01  SM3/SM3 WGR=   0.0001  SM3/SM3   
   287 READING WELSPECS
   288 READING COMPORD 
   289 READING COMPDAT 

 @--WARNING  AT TIME      127.0   DAYS    ( 8-MAY-2018):
 @           WELL A5       CONNECTS WITH A DEAD BLOCK                        
 @           (  31  20   8). THIS CONNECTION WILL BE IGNORED.                

 @--WARNING  AT TIME      127.0   DAYS    ( 8-MAY-2018):
 @           WELL A5       CONNECTS WITH A DEAD BLOCK                        
 @           (  31  20   9). THIS CONNECTION WILL BE IGNORED.                

 @--WARNING  AT TIME      127.0   DAYS    ( 8-MAY-2018):
 @           WELL A5       CONNECTS WITH A DEAD BLOCK                        
 @           (  31  21   9). THIS CONNECTION WILL BE IGNORED.                

 @--WARNING  AT TIME      127.0   DAYS    ( 8-MAY-2018):
 @           WELL A5       CONNECTS WITH A DEAD BLOCK                        
 @           (  31  21  10). THIS CONNECTION WILL BE IGNORED.                

 @--WARNING  AT TIME      127.0   DAYS    ( 8-MAY-2018):
 @           WELL A5       CONNECTS WITH A DEAD BLOCK                        
 @           (  31  21  20). THIS CONNECTION WILL BE IGNORED.                

 @--WARNING  AT TIME      127.0   DAYS    ( 8-MAY-2018):
 @           NO FURTHER MESSAGES ABOUT                                       
 @           WELLS CONNECTING WITH DEAD BLOCKS                               
 @           WILL BE EMITTED.                                                

 @--MESSAGE  AT TIME      127.0   DAYS    ( 8-MAY-2018):
 @           THE OUTPUT LIMIT FOR THESE MESSAGES                             
 @           CAN BE CHANGED WITH ITEM 13 OF THE                              
 @           MESSAGES KEYWORD OR WITH ITEM 220                               
 @           OF THE OPTIONS KEYWORD.                                         
   290 READING WCONHIST
   291 READING WCONINJH

 @--MESSAGE  AT TIME      127.0   DAYS    ( 8-MAY-2018):
 @           OPENING WELL A5       AT TIME    127.00   DAYS                  
 @           CONTROLLED BY WATER RATE                                        
   292 READING DATES   
 STEP   30 TIME=    128.00  DAYS (    +1.0  DAYS MAXW  2 ITS) (9-MAY-2018)       
  PAV=   280.2  BARSA  WCT=0.010 GOR=   134.19  SM3/SM3 WGR=   0.0001  SM3/SM3   
 STEP   31 TIME=    130.88  DAYS (    +2.9  DAYS TRNC  3 ITS) (11-MAY-2018)      
  PAV=   280.2  BARSA  WCT=0.010 GOR=   134.21  SM3/SM3 WGR=   0.0001  SM3/SM3   
 STEP   32 TIME=    138.39  DAYS (    +7.5  DAYS TRNC  4 ITS) (19-MAY-2018)      
  PAV=   280.2  BARSA  WCT=0.010 GOR=   134.32  SM3/SM3 WGR=   0.0001  SM3/SM3   
 STEP   33 TIME=    151.00  DAYS (   +12.6  DAYS REPT  4 ITS) (1-JUN-2018)       
  PAV=   280.1  BARSA  WCT=0.013 GOR=   134.47  SM3/SM3 WGR=   0.0001  SM3/SM3   
   293 READING WCONHIST
   294 READING DATES   
 STEP   34 TIME=    152.00  DAYS (    +1.0  DAYS REPT  1 ITS) (2-JUN-2018)       
  PAV=   280.1  BARSA  WCT=0.012 GOR=   134.84  SM3/SM3 WGR=   0.0001  SM3/SM3   
   295 READING WCONHIST
   296 READING DATES   
 STEP   35 TIME=    153.00  DAYS (    +1.0  DAYS MAXW  1 ITS) (3-JUN-2018)       
  PAV=   280.1  BARSA  WCT=0.013 GOR=   134.97  SM3/SM3 WGR=   0.0001  SM3/SM3   
 STEP   36 TIME=    155.50  DAYS (    +2.5  DAYS HALF  3 ITS) (5-JUN-2018)       
  PAV=   280.1  BARSA  WCT=0.013 GOR=   135.15  SM3/SM3 WGR=   0.0001  SM3/SM3   
 STEP   37 TIME=    158.00  DAYS (    +2.5  DAYS REPT  3 ITS) (8-JUN-2018)       
  PAV=   280.2  BARSA  WCT=0.014 GOR=   135.29  SM3/SM3 WGR=   0.0001  SM3/SM3   
   297 READING WTRACER 
   298 READING WCONHIST
   299 READING DATES   
 STEP   38 TIME=    159.00  DAYS (    +1.0  DAYS REPT  1 ITS) (9-JUN-2018)       
  PAV=   280.2  BARSA  WCT=0.014 GOR=   135.35  SM3/SM3 WGR=   0.0001  SM3/SM3   
   300 READING WTRACER 
   301 READING WCONHIST
   302 READING DATES   
 STEP   39 TIME=    160.00  DAYS (    +1.0  DAYS MAXW  1 ITS) (10-JUN-2018)      
  PAV=   280.2  BARSA  WCT=0.014 GOR=   135.42  SM3/SM3 WGR=   0.0001  SM3/SM3   
 STEP   40 TIME=    163.00  DAYS (    +3.0  DAYS MAXF  3 ITS) (13-JUN-2018)      
  PAV=   280.2  BARSA  WCT=0.015 GOR=   135.59  SM3/SM3 WGR=   0.0001  SM3/SM3   
 STEP   41 TIME=    172.00  DAYS (    +9.0  DAYS REPT  3 ITS) (22-JUN-2018)      
  PAV=   280.1  BARSA  WCT=0.019 GOR=   136.03  SM3/SM3 WGR=   0.0001  SM3/SM3   
   303 READING WCONHIST
   304 READING DATES   
 STEP   42 TIME=    173.00  DAYS (    +1.0  DAYS MAXW  2 ITS) (23-JUN-2018)      
  PAV=   280.1  BARSA  WCT=0.020 GOR=   136.10  SM3/SM3 WGR=   0.0001  SM3/SM3   
 STEP   43 TIME=    176.00  DAYS (    +3.0  DAYS MAXF  3 ITS) (26-JUN-2018)      
  PAV=   280.1  BARSA  WCT=0.021 GOR=   136.26  SM3/SM3 WGR=   0.0002  SM3/SM3   
 STEP   44 TIME=    180.00  DAYS (    +4.0  DAYS REPT  3 ITS) (30-JUN-2018)      
  PAV=   280.1  BARSA  WCT=0.024 GOR=   136.44  SM3/SM3 WGR=   0.0002  SM3/SM3   
   305 READING WCONHIST
   306 READING RPTSCHED
   307 READING RPTRST  

 @--MESSAGE  AT TIME      180.0   DAYS    (30-JUN-2018):
 @           ROCKC TRAN_ OUTPUT HAS BEEN RENAMED TO PERM_                    
 @           FROM 2013.1 FOR COMPATIBILITY WITH E300                         
   308 READING DATES   
 STEP   45 TIME=    181.00  DAYS (    +1.0  DAYS REPT  2 ITS) (1-JLY-2018)       
  PAV=   280.1  BARSA  WCT=0.024 GOR=   136.50  SM3/SM3 WGR=   0.0002  SM3/SM3   

 @--MESSAGE  AT TIME      181.0   DAYS    ( 1-JLY-2018):
 @           GRAPHICS ONLY RESTART FILE WRITTEN   REPORT    16               
 @           RESTART INCLUDES INTERBLOCK FLOWS                               
 @                            FLUIDS IN PLACE                                
 @                            BUBBLE AND DEW POINT PRESSURES                 
 @                            PHASE RESERVOIR DENSITIES                      
 @                            SATURATED GOR                                  
 @                            SATURATED OGR                                  
   309 READING WCONHIST
   310 READING RPTSCHED
   311 READING RPTRST  
   312 READING DATES   
 STEP   46 TIME=    182.00  DAYS (    +1.0  DAYS MAXW  1 ITS) (2-JLY-2018)       
  PAV=   280.1  BARSA  WCT=0.025 GOR=   136.55  SM3/SM3 WGR=   0.0002  SM3/SM3   
 STEP   47 TIME=    183.00  DAYS (    +1.0  DAYS REPT  1 ITS) (3-JLY-2018)       
  PAV=   280.1  BARSA  WCT=0.026 GOR=   136.60  SM3/SM3 WGR=   0.0002  SM3/SM3   
   313 READING WCONHIST
   314 READING WRFTPLT 
   315 READING DATES   
 STEP   48 TIME=    184.00  DAYS (    +1.0  DAYS MAXW  1 ITS) (4-JLY-2018)       
  PAV=   280.1  BARSA  WCT=0.026 GOR=   136.66  SM3/SM3 WGR=   0.0002  SM3/SM3   
 STEP   49 TIME=    187.00  DAYS (    +3.0  DAYS MAXF  3 ITS) (7-JLY-2018)       
  PAV=   280.1  BARSA  WCT=0.028 GOR=   136.80  SM3/SM3 WGR=   0.0002  SM3/SM3   
 STEP   50 TIME=    193.00  DAYS (    +6.0  DAYS REPT  3 ITS) (13-JLY-2018)      
  PAV=   280.1  BARSA  WCT=0.033 GOR=   137.04  SM3/SM3 WGR=   0.0002  SM3/SM3   
   316 READING WELSPECS
   317 READING COMPORD 
   318 READING COMPDAT 
   319 READING WCONHIST

 @--MESSAGE  AT TIME      193.0   DAYS    (13-JLY-2018):
 @           OPENING WELL A3       AT TIME    193.00   DAYS                  
 @           CONTROLLED BY RESERVOIR FLUID VOLUME RATE                       
   320 READING WELTARG 
   321 READING DATES   
 STEP   51 TIME=    194.00  DAYS (    +1.0  DAYS MAXW  3 ITS) (14-JLY-2018)      
  PAV=   279.8  BARSA  WCT=0.022 GOR=   138.53  SM3/SM3 WGR=   0.0002  SM3/SM3   
 STEP   52 TIME=    197.00  DAYS (    +3.0  DAYS MAXF  3 ITS) (17-JLY-2018)      
  PAV=   279.2  BARSA  WCT=0.023 GOR=   138.10  SM3/SM3 WGR=   0.0002  SM3/SM3   
 STEP   53 TIME=    204.50  DAYS (    +7.5  DAYS HALF  5 ITS) (24-JLY-2018)      
  PAV=   278.0  BARSA  WCT=0.027 GOR=   135.79  SM3/SM3 WGR=   0.0002  SM3/SM3   
 STEP   54 TIME=    212.00  DAYS (    +7.5  DAYS REPT  3 ITS) (1-AUG-2018)       
  PAV=   277.3  BARSA  WCT=0.032 GOR=   134.30  SM3/SM3 WGR=   0.0002  SM3/SM3   
   322 READING WCONHIST
   323 READING DATES   
 STEP   55 TIME=    213.00  DAYS (    +1.0  DAYS MAXW  1 ITS) (2-AUG-2018)       
  PAV=   277.2  BARSA  WCT=0.031 GOR=   133.79  SM3/SM3 WGR=   0.0002  SM3/SM3   
 STEP   56 TIME=    216.00  DAYS (    +3.0  DAYS MAXF  3 ITS) (5-AUG-2018)       
  PAV=   276.9  BARSA  WCT=0.033 GOR=   133.26  SM3/SM3 WGR=   0.0003  SM3/SM3   
 STEP   57 TIME=    225.00  DAYS (    +9.0  DAYS MAXF  4 ITS) (14-AUG-2018)      
  PAV=   276.1  BARSA  WCT=0.039 GOR=   132.35  SM3/SM3 WGR=   0.0003  SM3/SM3   
 STEP   58 TIME=    236.00  DAYS (   +11.0  DAYS REPT  4 ITS) (25-AUG-2018)      
  PAV=   275.1  BARSA  WCT=0.054 GOR=   131.80  SM3/SM3 WGR=   0.0004  SM3/SM3   
   324 READING WCONHIST
   325 READING DATES   
 STEP   59 TIME=    237.00  DAYS (    +1.0  DAYS MAXW  1 ITS) (26-AUG-2018)      
  PAV=   275.0  BARSA  WCT=0.054 GOR=   131.42  SM3/SM3 WGR=   0.0004  SM3/SM3   
 STEP   60 TIME=    240.00  DAYS (    +3.0  DAYS MAXF  3 ITS) (29-AUG-2018)      
  PAV=   274.8  BARSA  WCT=0.060 GOR=   131.35  SM3/SM3 WGR=   0.0005  SM3/SM3   
 STEP   61 TIME=    243.00  DAYS (    +3.0  DAYS REPT  2 ITS) (1-SEP-2018)       
  PAV=   274.5  BARSA  WCT=0.067 GOR=   131.30  SM3/SM3 WGR=   0.0005  SM3/SM3   
   326 READING WCONHIST
   327 READING DATES   
 STEP   62 TIME=    244.00  DAYS (    +1.0  DAYS MAXW  2 ITS) (2-SEP-2018)       
  PAV=   274.4  BARSA  WCT=0.069 GOR=   131.10  SM3/SM3 WGR=   0.0006  SM3/SM3   
 STEP   63 TIME=    247.00  DAYS (    +3.0  DAYS MAXF  2 ITS) (5-SEP-2018)       
  PAV=   274.1  BARSA  WCT=0.077 GOR=   131.15  SM3/SM3 WGR=   0.0006  SM3/SM3   
 STEP   64 TIME=    254.00  DAYS (    +7.0  DAYS REPT  3 ITS) (12-SEP-2018)      
  PAV=   273.5  BARSA  WCT=0.097 GOR=   131.38  SM3/SM3 WGR=   0.0008  SM3/SM3   
   328 READING WCONHIST
   329 READING WRFTPLT 
   330 READING DATES   
 STEP   65 TIME=    255.00  DAYS (    +1.0  DAYS MAXW  2 ITS) (13-SEP-2018)      
  PAV=   273.4  BARSA  WCT=0.100 GOR=   131.43  SM3/SM3 WGR=   0.0008  SM3/SM3   
 STEP   66 TIME=    256.00  DAYS (    +1.0  DAYS REPT  2 ITS) (14-SEP-2018)      
  PAV=   273.3  BARSA  WCT=0.103 GOR=   131.54  SM3/SM3 WGR=   0.0009  SM3/SM3   
   331 READING WCONHIST
   332 READING DATES   
 STEP   67 TIME=    257.00  DAYS (    +1.0  DAYS MAXW  1 ITS) (15-SEP-2018)      
  PAV=   273.3  BARSA  WCT=0.106 GOR=   131.63  SM3/SM3 WGR=   0.0009  SM3/SM3   
 STEP   68 TIME=    260.00  DAYS (    +3.0  DAYS MAXF  2 ITS) (18-SEP-2018)      
  PAV=   273.0  BARSA  WCT=0.115 GOR=   132.04  SM3/SM3 WGR=   0.0010  SM3/SM3   
 STEP   69 TIME=    264.00  DAYS (    +4.0  DAYS REPT  3 ITS) (22-SEP-2018)      
  PAV=   272.6  BARSA  WCT=0.126 GOR=   132.84  SM3/SM3 WGR=   0.0011  SM3/SM3   
   333 READING WELSPECS
   334 READING COMPORD 
   335 READING COMPDAT 
   336 READING WELSEGS 
   337 READING WSEGVALV
   338 READING COMPSEGS
   339 READING WCONHIST

 @--MESSAGE  AT TIME      264.0   DAYS    (22-SEP-2018):
 @           OPENING WELL A4       AT TIME    264.00   DAYS                  
 @           CONTROLLED BY RESERVOIR FLUID VOLUME RATE                       
   340 READING WELTARG 
   341 READING DATES   
 STEP   70 TIME=    265.00  DAYS (    +1.0  DAYS MAXW  3 ITS) (23-SEP-2018)      
  PAV=   272.3  BARSA  WCT=0.099 GOR=   135.19  SM3/SM3 WGR=   0.0008  SM3/SM3   
 STEP   71 TIME=    268.00  DAYS (    +3.0  DAYS MAXF  3 ITS) (26-SEP-2018)      
  PAV=   271.4  BARSA  WCT=0.105 GOR=   135.78  SM3/SM3 WGR=   0.0009  SM3/SM3   
 STEP   72 TIME=    273.00  DAYS (    +5.0  DAYS REPT  3 ITS) (1-OCT-2018)       
  PAV=   270.1  BARSA  WCT=0.115 GOR=   136.95  SM3/SM3 WGR=   0.0009  SM3/SM3   
   342 READING WCONHIST
   343 READING DATES   
 STEP   73 TIME=    274.00  DAYS (    +1.0  DAYS MAXW  1 ITS) (2-OCT-2018)       
  PAV=   269.8  BARSA  WCT=0.117 GOR=   137.21  SM3/SM3 WGR=   0.0010  SM3/SM3   
 STEP   74 TIME=    277.00  DAYS (    +3.0  DAYS REPT  2 ITS) (5-OCT-2018)       
  PAV=   269.1  BARSA  WCT=0.122 GOR=   138.04  SM3/SM3 WGR=   0.0010  SM3/SM3   
   344 READING WCONHIST
   345 READING DATES   
 STEP   75 TIME=    278.00  DAYS (    +1.0  DAYS MAXW  2 ITS) (6-OCT-2018)       
  PAV=   268.9  BARSA  WCT=0.122 GOR=   137.97  SM3/SM3 WGR=   0.0010  SM3/SM3   
 STEP   76 TIME=    281.00  DAYS (    +3.0  DAYS MAXF  3 ITS) (9-OCT-2018)       
  PAV=   268.2  BARSA  WCT=0.128 GOR=   138.64  SM3/SM3 WGR=   0.0011  SM3/SM3   
 STEP   77 TIME=    290.00  DAYS (    +9.0  DAYS MAXF  4 ITS) (18-OCT-2018)      
  PAV=   266.5  BARSA  WCT=0.143 GOR=   140.49  SM3/SM3 WGR=   0.0012  SM3/SM3   
 STEP   78 TIME=    304.00  DAYS (   +14.0  DAYS REPT  4 ITS) (1-NOV-2018)       
  PAV=   264.3  BARSA  WCT=0.162 GOR=   143.62  SM3/SM3 WGR=   0.0013  SM3/SM3   
   346 READING WCONHIST
   347 READING DATES   
 STEP   79 TIME=    305.00  DAYS (    +1.0  DAYS MAXW  2 ITS) (2-NOV-2018)       
  PAV=   264.2  BARSA  WCT=0.153 GOR=   140.36  SM3/SM3 WGR=   0.0013  SM3/SM3   
 STEP   80 TIME=    307.50  DAYS (    +2.5  DAYS HALF  3 ITS) (4-NOV-2018)       
  PAV=   263.9  BARSA  WCT=0.157 GOR=   140.41  SM3/SM3 WGR=   0.0013  SM3/SM3   
 STEP   81 TIME=    310.00  DAYS (    +2.5  DAYS REPT  2 ITS) (7-NOV-2018)       
  PAV=   263.5  BARSA  WCT=0.161 GOR=   140.44  SM3/SM3 WGR=   0.0014  SM3/SM3   
   348 READING WCONHIST
   349 READING WRFTPLT 
   350 READING DATES   
 STEP   82 TIME=    311.00  DAYS (    +1.0  DAYS MAXW  2 ITS) (8-NOV-2018)       
  PAV=   263.4  BARSA  WCT=0.158 GOR=   139.10  SM3/SM3 WGR=   0.0013  SM3/SM3   
 STEP   83 TIME=    314.00  DAYS (    +3.0  DAYS MAXF  3 ITS) (11-NOV-2018)      
  PAV=   263.1  BARSA  WCT=0.163 GOR=   138.90  SM3/SM3 WGR=   0.0014  SM3/SM3   
 STEP   84 TIME=    320.00  DAYS (    +6.0  DAYS REPT  3 ITS) (17-NOV-2018)      
  PAV=   262.4  BARSA  WCT=0.170 GOR=   138.55  SM3/SM3 WGR=   0.0015  SM3/SM3   
   351 READING WELSPECS
   352 READING COMPORD 
   353 READING COMPDAT 
   354 READING WCONHIST
   355 READING WCONINJH

 @--MESSAGE  AT TIME      320.0   DAYS    (17-NOV-2018):
 @           OPENING WELL A6       AT TIME    320.00   DAYS                  
 @           CONTROLLED BY WATER RATE                                        
   356 READING DATES   
 STEP   85 TIME=    321.00  DAYS (    +1.0  DAYS MAXW  4 ITS) (18-NOV-2018)      
  PAV=   262.4  BARSA  WCT=0.165 GOR=   136.74  SM3/SM3 WGR=   0.0014  SM3/SM3   
 STEP   86 TIME=    324.00  DAYS (    +3.0  DAYS MAXF  3 ITS) (21-NOV-2018)      
  PAV=   262.3  BARSA  WCT=0.169 GOR=   136.41  SM3/SM3 WGR=   0.0015  SM3/SM3   
 STEP   87 TIME=    329.00  DAYS (    +5.0  DAYS HALF  2 ITS) (26-NOV-2018)      
  PAV=   262.2  BARSA  WCT=0.175 GOR=   135.98  SM3/SM3 WGR=   0.0016  SM3/SM3   
 STEP   88 TIME=    334.00  DAYS (    +5.0  DAYS REPT  3 ITS) (1-DEC-2018)       
  PAV=   262.1  BARSA  WCT=0.180 GOR=   135.60  SM3/SM3 WGR=   0.0016  SM3/SM3   
   357 READING WCONHIST
   358 READING DATES   
 STEP   89 TIME=    335.00  DAYS (    +1.0  DAYS MAXW  1 ITS) (2-DEC-2018)       
  PAV=   262.1  BARSA  WCT=0.179 GOR=   134.85  SM3/SM3 WGR=   0.0016  SM3/SM3   
 STEP   90 TIME=    337.50  DAYS (    +2.5  DAYS HALF  2 ITS) (4-DEC-2018)       
  PAV=   262.1  BARSA  WCT=0.182 GOR=   134.62  SM3/SM3 WGR=   0.0016  SM3/SM3   
 STEP   91 TIME=    340.00  DAYS (    +2.5  DAYS REPT  3 ITS) (7-DEC-2018)       
  PAV=   262.0  BARSA  WCT=0.184 GOR=   134.41  SM3/SM3 WGR=   0.0017  SM3/SM3   
   359 READING WCONHIST
   360 READING DATES   
 STEP   92 TIME=    341.00  DAYS (    +1.0  DAYS MAXW  1 ITS) (8-DEC-2018)       
  PAV=   262.0  BARSA  WCT=0.185 GOR=   134.28  SM3/SM3 WGR=   0.0017  SM3/SM3   
 STEP   93 TIME=    344.00  DAYS (    +3.0  DAYS MAXF  3 ITS) (11-DEC-2018)      
  PAV=   261.9  BARSA  WCT=0.188 GOR=   134.06  SM3/SM3 WGR=   0.0017  SM3/SM3   
 STEP   94 TIME=    348.00  DAYS (    +4.0  DAYS REPT  3 ITS) (15-DEC-2018)      
  PAV=   261.9  BARSA  WCT=0.191 GOR=   133.81  SM3/SM3 WGR=   0.0018  SM3/SM3   
   361 READING WCONHIST
   362 READING DATES   
 STEP   95 TIME=    349.00  DAYS (    +1.0  DAYS MAXW  2 ITS) (16-DEC-2018)      
  PAV=   261.8  BARSA  WCT=0.192 GOR=   133.79  SM3/SM3 WGR=   0.0018  SM3/SM3   
 STEP   96 TIME=    350.00  DAYS (    +1.0  DAYS REPT  2 ITS) (17-DEC-2018)      
  PAV=   261.8  BARSA  WCT=0.193 GOR=   133.73  SM3/SM3 WGR=   0.0018  SM3/SM3   
   363 READING WTRACER 
   364 READING WCONHIST
   365 READING DATES   
 STEP   97 TIME=    351.00  DAYS (    +1.0  DAYS REPT  1 ITS) (18-DEC-2018)      
  PAV=   261.8  BARSA  WCT=0.193 GOR=   133.69  SM3/SM3 WGR=   0.0018  SM3/SM3   
   366 READING WTRACER 
   367 READING WCONHIST
   368 READING DATES   
 STEP   98 TIME=    352.00  DAYS (    +1.0  DAYS MAXW  2 ITS) (19-DEC-2018)      
  PAV=   261.8  BARSA  WCT=0.194 GOR=   133.63  SM3/SM3 WGR=   0.0018  SM3/SM3   
 STEP   99 TIME=    355.00  DAYS (    +3.0  DAYS MAXF  2 ITS) (22-DEC-2018)      
  PAV=   261.7  BARSA  WCT=0.197 GOR=   133.49  SM3/SM3 WGR=   0.0018  SM3/SM3   
 STEP  100 TIME=    361.00  DAYS (    +6.0  DAYS REPT  4 ITS) (28-DEC-2018)      
  PAV=   261.6  BARSA  WCT=0.201 GOR=   133.27  SM3/SM3 WGR=   0.0019  SM3/SM3   
   369 READING WCONHIST
   370 READING DATES   
 STEP  101 TIME=    362.00  DAYS (    +1.0  DAYS MAXW  1 ITS) (29-DEC-2018)      
  PAV=   261.6  BARSA  WCT=0.201 GOR=   133.11  SM3/SM3 WGR=   0.0019  SM3/SM3   
 STEP  102 TIME=    365.00  DAYS (    +3.0  DAYS REPT  3 ITS) (1-JAN-2019)       
  PAV=   261.5  BARSA  WCT=0.204 GOR=   133.00  SM3/SM3 WGR=   0.0019  SM3/SM3   
   371 READING WCONHIST
   372 READING DATES   
 STEP  103 TIME=    366.00  DAYS (    +1.0  DAYS MAXW  1 ITS) (2-JAN-2019)       
  PAV=   261.5  BARSA  WCT=0.204 GOR=   132.71  SM3/SM3 WGR=   0.0019  SM3/SM3   
 STEP  104 TIME=    369.00  DAYS (    +3.0  DAYS MAXF  2 ITS) (5-JAN-2019)       
  PAV=   261.5  BARSA  WCT=0.206 GOR=   132.60  SM3/SM3 WGR=   0.0020  SM3/SM3   
 STEP  105 TIME=    378.00  DAYS (    +9.0  DAYS MAXF  4 ITS) (14-JAN-2019)      
  PAV=   261.3  BARSA  WCT=0.212 GOR=   132.37  SM3/SM3 WGR=   0.0020  SM3/SM3   
 STEP  106 TIME=    396.00  DAYS (   +18.0  DAYS REPT  4 ITS) (1-FEB-2019)       
  PAV=   261.0  BARSA  WCT=0.222 GOR=   132.11  SM3/SM3 WGR=   0.0022  SM3/SM3   
   373 READING WCONHIST
   374 READING DATES   
 STEP  107 TIME=    397.00  DAYS (    +1.0  DAYS MAXW  1 ITS) (2-FEB-2019)       
  PAV=   261.0  BARSA  WCT=0.223 GOR=   131.80  SM3/SM3 WGR=   0.0022  SM3/SM3   
 STEP  108 TIME=    400.00  DAYS (    +3.0  DAYS MAXF  2 ITS) (5-FEB-2019)       
  PAV=   260.9  BARSA  WCT=0.225 GOR=   131.75  SM3/SM3 WGR=   0.0022  SM3/SM3   
 STEP  109 TIME=    404.00  DAYS (    +4.0  DAYS REPT  3 ITS) (9-FEB-2019)       
  PAV=   260.9  BARSA  WCT=0.227 GOR=   131.68  SM3/SM3 WGR=   0.0022  SM3/SM3   
   375 READING WCONHIST
   376 READING DATES   
 STEP  110 TIME=    405.00  DAYS (    +1.0  DAYS MAXW  1 ITS) (10-FEB-2019)      
  PAV=   260.9  BARSA  WCT=0.229 GOR=   131.56  SM3/SM3 WGR=   0.0023  SM3/SM3   
 STEP  111 TIME=    408.00  DAYS (    +3.0  DAYS MAXF  2 ITS) (13-FEB-2019)      
  PAV=   260.8  BARSA  WCT=0.230 GOR=   131.53  SM3/SM3 WGR=   0.0023  SM3/SM3   
 STEP  112 TIME=    416.00  DAYS (    +8.0  DAYS HALF  3 ITS) (21-FEB-2019)      
  PAV=   260.7  BARSA  WCT=0.235 GOR=   131.46  SM3/SM3 WGR=   0.0023  SM3/SM3   
 STEP  113 TIME=    424.00  DAYS (    +8.0  DAYS REPT  3 ITS) (1-MAR-2019)       
  PAV=   260.6  BARSA  WCT=0.239 GOR=   131.37  SM3/SM3 WGR=   0.0024  SM3/SM3   
   377 READING WCONHIST
   378 READING DATES   
 STEP  114 TIME=    425.00  DAYS (    +1.0  DAYS MAXW  1 ITS) (2-MAR-2019)       
  PAV=   260.6  BARSA  WCT=0.240 GOR=   131.36  SM3/SM3 WGR=   0.0024  SM3/SM3   
 STEP  115 TIME=    428.00  DAYS (    +3.0  DAYS MAXF  2 ITS) (5-MAR-2019)       
  PAV=   260.5  BARSA  WCT=0.242 GOR=   131.33  SM3/SM3 WGR=   0.0024  SM3/SM3   
 STEP  116 TIME=    432.00  DAYS (    +4.0  DAYS REPT  3 ITS) (9-MAR-2019)       
  PAV=   260.5  BARSA  WCT=0.244 GOR=   131.29  SM3/SM3 WGR=   0.0025  SM3/SM3   
   379 READING WCONHIST
   380 READING DATES   
 STEP  117 TIME=    433.00  DAYS (    +1.0  DAYS MAXW  1 ITS) (10-MAR-2019)      
  PAV=   260.5  BARSA  WCT=0.245 GOR=   131.29  SM3/SM3 WGR=   0.0025  SM3/SM3   
 STEP  118 TIME=    436.00  DAYS (    +3.0  DAYS MAXF  3 ITS) (13-MAR-2019)      
  PAV=   260.4  BARSA  WCT=0.247 GOR=   131.25  SM3/SM3 WGR=   0.0025  SM3/SM3   
 STEP  119 TIME=    445.00  DAYS (    +9.0  DAYS REPT  4 ITS) (22-MAR-2019)      
  PAV=   260.3  BARSA  WCT=0.251 GOR=   131.16  SM3/SM3 WGR=   0.0026  SM3/SM3   
   381 READING WCONHIST
   382 READING DATES   
 STEP  120 TIME=    446.00  DAYS (    +1.0  DAYS MAXW  1 ITS) (23-MAR-2019)      
  PAV=   260.3  BARSA  WCT=0.252 GOR=   131.15  SM3/SM3 WGR=   0.0026  SM3/SM3   
 STEP  121 TIME=    449.00  DAYS (    +3.0  DAYS MAXF  2 ITS) (26-MAR-2019)      
  PAV=   260.2  BARSA  WCT=0.254 GOR=   131.12  SM3/SM3 WGR=   0.0026  SM3/SM3   
 STEP  122 TIME=    455.00  DAYS (    +6.0  DAYS REPT  3 ITS) (1-APR-2019)       
  PAV=   260.2  BARSA  WCT=0.257 GOR=   131.06  SM3/SM3 WGR=   0.0026  SM3/SM3   
   383 READING WCONHIST
   384 READING DATES   
 STEP  123 TIME=    456.00  DAYS (    +1.0  DAYS MAXW  1 ITS) (2-APR-2019)       
  PAV=   260.2  BARSA  WCT=0.257 GOR=   131.03  SM3/SM3 WGR=   0.0026  SM3/SM3   
 STEP  124 TIME=    459.00  DAYS (    +3.0  DAYS MAXF  3 ITS) (5-APR-2019)       
  PAV=   260.1  BARSA  WCT=0.259 GOR=   131.00  SM3/SM3 WGR=   0.0027  SM3/SM3   
 STEP  125 TIME=    468.00  DAYS (    +9.0  DAYS MAXF  4 ITS) (14-APR-2019)      
  PAV=   260.0  BARSA  WCT=0.264 GOR=   130.90  SM3/SM3 WGR=   0.0027  SM3/SM3   
 STEP  126 TIME=    485.00  DAYS (   +17.0  DAYS REPT  5 ITS) (1-MAY-2019)       
  PAV=   259.8  BARSA  WCT=0.275 GOR=   130.77  SM3/SM3 WGR=   0.0029  SM3/SM3   
   385 READING WCONHIST
   386 READING WCONINJH
   387 READING DATES   
 STEP  127 TIME=    486.00  DAYS (    +1.0  DAYS MAXW  3 ITS) (2-MAY-2019)       
  PAV=   259.8  BARSA  WCT= 0.00 GOR= 0.00000   SM3/SM3 WGR= 0.00000   SM3/SM3   
 STEP  128 TIME=    487.00  DAYS (    +1.0  DAYS HALF  2 ITS) (3-MAY-2019)       
  PAV=   259.9  BARSA  WCT= 0.00 GOR= 0.00000   SM3/SM3 WGR= 0.00000   SM3/SM3   
 STEP  129 TIME=    488.00  DAYS (    +1.0  DAYS REPT  2 ITS) (4-MAY-2019)       
  PAV=   259.9  BARSA  WCT= 0.00 GOR= 0.00000   SM3/SM3 WGR= 0.00000   SM3/SM3   
   388 READING DATES   
 STEP  130 TIME=    489.00  DAYS (    +1.0  DAYS REPT  2 ITS) (5-MAY-2019)       
  PAV=   259.9  BARSA  WCT= 0.00 GOR= 0.00000   SM3/SM3 WGR= 0.00000   SM3/SM3   
   389 READING WCONHIST
   390 READING WCONINJH
   391 READING DATES   
 STEP  131 TIME=    490.00  DAYS (    +1.0  DAYS MAXW  3 ITS) (6-MAY-2019)       
  PAV=   259.9  BARSA  WCT=0.283 GOR=   131.87  SM3/SM3 WGR=   0.0030  SM3/SM3   
 STEP  132 TIME=    491.78  DAYS (    +1.8  DAYS TRNC  2 ITS) (7-MAY-2019)       
  PAV=   259.8  BARSA  WCT=0.284 GOR=   131.46  SM3/SM3 WGR=   0.0030  SM3/SM3   
 STEP  133 TIME=    495.17  DAYS (    +3.4  DAYS TRNC  3 ITS) (11-MAY-2019)      
  PAV=   259.8  BARSA  WCT=0.284 GOR=   131.28  SM3/SM3 WGR=   0.0030  SM3/SM3   
 STEP  134 TIME=    501.59  DAYS (    +6.4  DAYS HALF  3 ITS) (17-MAY-2019)      
  PAV=   259.8  BARSA  WCT=0.287 GOR=   131.36  SM3/SM3 WGR=   0.0031  SM3/SM3   
 STEP  135 TIME=    508.00  DAYS (    +6.4  DAYS REPT  3 ITS) (24-MAY-2019)      
  PAV=   259.7  BARSA  WCT=0.291 GOR=   131.48  SM3/SM3 WGR=   0.0031  SM3/SM3   
   392 READING WCONHIST
   393 READING DATES   
 STEP  136 TIME=    509.00  DAYS (    +1.0  DAYS MAXW  1 ITS) (25-MAY-2019)      
  PAV=   259.6  BARSA  WCT=0.288 GOR=   131.28  SM3/SM3 WGR=   0.0031  SM3/SM3   
 STEP  137 TIME=    512.00  DAYS (    +3.0  DAYS MAXF  2 ITS) (28-MAY-2019)      
  PAV=   259.6  BARSA  WCT=0.291 GOR=   131.33  SM3/SM3 WGR=   0.0031  SM3/SM3   
 STEP  138 TIME=    516.00  DAYS (    +4.0  DAYS REPT  4 ITS) (1-JUN-2019)       
  PAV=   259.5  BARSA  WCT=0.294 GOR=   131.42  SM3/SM3 WGR=   0.0032  SM3/SM3   
   394 READING WCONHIST
   395 READING DATES   
 STEP  139 TIME=    517.00  DAYS (    +1.0  DAYS MAXW  1 ITS) (2-JUN-2019)       
  PAV=   259.5  BARSA  WCT=0.293 GOR=   131.40  SM3/SM3 WGR=   0.0032  SM3/SM3   
 STEP  140 TIME=    520.00  DAYS (    +3.0  DAYS MAXF  2 ITS) (5-JUN-2019)       
  PAV=   259.5  BARSA  WCT=0.296 GOR=   131.47  SM3/SM3 WGR=   0.0032  SM3/SM3   
 STEP  141 TIME=    529.00  DAYS (    +9.0  DAYS REPT  3 ITS) (14-JUN-2019)      
  PAV=   259.3  BARSA  WCT=0.303 GOR=   131.75  SM3/SM3 WGR=   0.0033  SM3/SM3   
   396 READING WCONHIST
   397 READING DATES   
 STEP  142 TIME=    530.00  DAYS (    +1.0  DAYS MAXW  1 ITS) (15-JUN-2019)      
  PAV=   259.3  BARSA  WCT=0.303 GOR=   131.72  SM3/SM3 WGR=   0.0033  SM3/SM3   
 STEP  143 TIME=    533.00  DAYS (    +3.0  DAYS MAXF  2 ITS) (18-JUN-2019)      
  PAV=   259.3  BARSA  WCT=0.305 GOR=   131.84  SM3/SM3 WGR=   0.0033  SM3/SM3   
 STEP  144 TIME=    539.00  DAYS (    +6.0  DAYS HALF  3 ITS) (24-JUN-2019)      
  PAV=   259.2  BARSA  WCT=0.311 GOR=   132.09  SM3/SM3 WGR=   0.0034  SM3/SM3   
 STEP  145 TIME=    545.00  DAYS (    +6.0  DAYS REPT  3 ITS) (30-JUN-2019)      
  PAV=   259.1  BARSA  WCT=0.316 GOR=   132.43  SM3/SM3 WGR=   0.0035  SM3/SM3   
   398 READING WCONHIST
   399 READING RPTSCHED
   400 READING RPTRST  

 @--MESSAGE  AT TIME      545.0   DAYS    (30-JUN-2019):
 @           ROCKC TRAN_ OUTPUT HAS BEEN RENAMED TO PERM_                    
 @           FROM 2013.1 FOR COMPATIBILITY WITH E300                         
   401 READING DATES   
 STEP  146 TIME=    546.00  DAYS (    +1.0  DAYS REPT  1 ITS) (1-JLY-2019)       
  PAV=   259.0  BARSA  WCT=0.316 GOR=   132.46  SM3/SM3 WGR=   0.0035  SM3/SM3   

 @--MESSAGE  AT TIME      546.0   DAYS    ( 1-JLY-2019):
 @           GRAPHICS ONLY RESTART FILE WRITTEN   REPORT    50               
 @           RESTART INCLUDES INTERBLOCK FLOWS                               
 @                            PHASE RESERVOIR DENSITIES                      
   402 READING WCONHIST
   403 READING RPTSCHED
   404 READING RPTRST  
   405 READING DATES   
 STEP  147 TIME=    547.00  DAYS (    +1.0  DAYS MAXW  2 ITS) (2-JLY-2019)       
  PAV=   259.0  BARSA  WCT=0.317 GOR=   132.46  SM3/SM3 WGR=   0.0035  SM3/SM3   
 STEP  148 TIME=    550.00  DAYS (    +3.0  DAYS MAXF  3 ITS) (5-JLY-2019)       
  PAV=   259.0  BARSA  WCT=0.320 GOR=   132.66  SM3/SM3 WGR=   0.0035  SM3/SM3   
 STEP  149 TIME=    559.00  DAYS (    +9.0  DAYS MAXF  3 ITS) (14-JLY-2019)      
  PAV=   258.8  BARSA  WCT=0.328 GOR=   133.34  SM3/SM3 WGR=   0.0037  SM3/SM3   
 STEP  150 TIME=    572.00  DAYS (   +13.0  DAYS REPT  4 ITS) (27-JLY-2019)      
  PAV=   258.6  BARSA  WCT=0.340 GOR=   134.49  SM3/SM3 WGR=   0.0038  SM3/SM3   
   406 READING WCONHIST
   407 READING DATES   
 STEP  151 TIME=    573.00  DAYS (    +1.0  DAYS MAXW  1 ITS) (28-JLY-2019)      
  PAV=   258.6  BARSA  WCT=0.341 GOR=   134.55  SM3/SM3 WGR=   0.0038  SM3/SM3   
 STEP  152 TIME=    575.00  DAYS (    +2.0  DAYS HALF  1 ITS) (30-JLY-2019)      
  PAV=   258.6  BARSA  WCT=0.343 GOR=   134.76  SM3/SM3 WGR=   0.0039  SM3/SM3   
 STEP  153 TIME=    577.00  DAYS (    +2.0  DAYS REPT  2 ITS) (1-AUG-2019)       
  PAV=   258.5  BARSA  WCT=0.345 GOR=   134.98  SM3/SM3 WGR=   0.0039  SM3/SM3   
   408 READING WCONHIST
   409 READING DATES   
 STEP  154 TIME=    578.00  DAYS (    +1.0  DAYS MAXW  1 ITS) (2-AUG-2019)       
  PAV=   258.5  BARSA  WCT=0.346 GOR=   135.04  SM3/SM3 WGR=   0.0039  SM3/SM3   
 STEP  155 TIME=    581.00  DAYS (    +3.0  DAYS MAXF  2 ITS) (5-AUG-2019)       
  PAV=   258.5  BARSA  WCT=0.349 GOR=   135.37  SM3/SM3 WGR=   0.0040  SM3/SM3   
 STEP  156 TIME=    586.50  DAYS (    +5.5  DAYS HALF  3 ITS) (10-AUG-2019)      
  PAV=   258.4  BARSA  WCT=0.354 GOR=   136.00  SM3/SM3 WGR=   0.0040  SM3/SM3   
 STEP  157 TIME=    592.00  DAYS (    +5.5  DAYS REPT  4 ITS) (16-AUG-2019)      
  PAV=   258.3  BARSA  WCT=0.360 GOR=   136.66  SM3/SM3 WGR=   0.0041  SM3/SM3   
   410 READING WCONHIST
   411 READING DATES   
 STEP  158 TIME=    593.00  DAYS (    +1.0  DAYS MAXW  1 ITS) (17-AUG-2019)      
  PAV=   258.3  BARSA  WCT=0.360 GOR=   136.75  SM3/SM3 WGR=   0.0041  SM3/SM3   
 STEP  159 TIME=    596.00  DAYS (    +3.0  DAYS MAXF  1 ITS) (20-AUG-2019)      
  PAV=   258.2  BARSA  WCT=0.363 GOR=   137.13  SM3/SM3 WGR=   0.0042  SM3/SM3   
 STEP  160 TIME=    600.00  DAYS (    +4.0  DAYS REPT  3 ITS) (24-AUG-2019)      
  PAV=   258.2  BARSA  WCT=0.367 GOR=   137.65  SM3/SM3 WGR=   0.0042  SM3/SM3   
   412 READING WCONHIST
   413 READING DATES   
 STEP  161 TIME=    601.00  DAYS (    +1.0  DAYS MAXW  2 ITS) (25-AUG-2019)      
  PAV=   258.1  BARSA  WCT=0.367 GOR=   137.80  SM3/SM3 WGR=   0.0042  SM3/SM3   
 STEP  162 TIME=    604.00  DAYS (    +3.0  DAYS MAXF  3 ITS) (28-AUG-2019)      
  PAV=   258.1  BARSA  WCT=0.370 GOR=   138.21  SM3/SM3 WGR=   0.0042  SM3/SM3   
 STEP  163 TIME=    608.00  DAYS (    +4.0  DAYS REPT  2 ITS) (1-SEP-2019)       
  PAV=   258.0  BARSA  WCT=0.374 GOR=   138.74  SM3/SM3 WGR=   0.0043  SM3/SM3   
   414 READING WCONHIST
   415 READING DATES   
 STEP  164 TIME=    609.00  DAYS (    +1.0  DAYS MAXW  1 ITS) (2-SEP-2019)       
  PAV=   258.0  BARSA  WCT=0.374 GOR=   138.90  SM3/SM3 WGR=   0.0043  SM3/SM3   
 STEP  165 TIME=    611.00  DAYS (    +2.0  DAYS HALF  1 ITS) (4-SEP-2019)       
  PAV=   258.0  BARSA  WCT=0.375 GOR=   139.19  SM3/SM3 WGR=   0.0043  SM3/SM3   
 STEP  166 TIME=    613.00  DAYS (    +2.0  DAYS REPT  1 ITS) (6-SEP-2019)       
  PAV=   257.9  BARSA  WCT=0.377 GOR=   139.47  SM3/SM3 WGR=   0.0043  SM3/SM3   
   416 READING WCONHIST
   417 READING DATES   
 STEP  167 TIME=    614.00  DAYS (    +1.0  DAYS MAXW  2 ITS) (7-SEP-2019)       
  PAV=   257.9  BARSA  WCT=0.377 GOR=   139.54  SM3/SM3 WGR=   0.0043  SM3/SM3   
 STEP  168 TIME=    617.00  DAYS (    +3.0  DAYS MAXF  2 ITS) (10-SEP-2019)      
  PAV=   257.9  BARSA  WCT=0.380 GOR=   139.96  SM3/SM3 WGR=   0.0044  SM3/SM3   
 STEP  169 TIME=    626.00  DAYS (    +9.0  DAYS MAXF  3 ITS) (19-SEP-2019)      
  PAV=   257.7  BARSA  WCT=0.388 GOR=   141.18  SM3/SM3 WGR=   0.0045  SM3/SM3   
 STEP  170 TIME=    638.00  DAYS (   +12.0  DAYS REPT  3 ITS) (1-OCT-2019)       
  PAV=   257.5  BARSA  WCT=0.398 GOR=   142.76  SM3/SM3 WGR=   0.0046  SM3/SM3   
   418 READING WCONHIST
   419 READING DATES   
 STEP  171 TIME=    639.00  DAYS (    +1.0  DAYS MAXW  2 ITS) (2-OCT-2019)       
  PAV=   257.5  BARSA  WCT=0.399 GOR=   142.42  SM3/SM3 WGR=   0.0047  SM3/SM3   
 STEP  172 TIME=    642.00  DAYS (    +3.0  DAYS MAXF  2 ITS) (5-OCT-2019)       
  PAV=   257.4  BARSA  WCT=0.402 GOR=   142.80  SM3/SM3 WGR=   0.0047  SM3/SM3   
 STEP  173 TIME=    649.00  DAYS (    +7.0  DAYS HALF  3 ITS) (12-OCT-2019)      
  PAV=   257.3  BARSA  WCT=0.407 GOR=   143.67  SM3/SM3 WGR=   0.0048  SM3/SM3   
 STEP  174 TIME=    656.00  DAYS (    +7.0  DAYS REPT  3 ITS) (19-OCT-2019)      
  PAV=   257.2  BARSA  WCT=0.413 GOR=   144.50  SM3/SM3 WGR=   0.0049  SM3/SM3   
   420 READING WCONHIST
   421 READING DATES   
 STEP  175 TIME=    657.00  DAYS (    +1.0  DAYS MAXW  1 ITS) (20-OCT-2019)      
  PAV=   257.2  BARSA  WCT=0.414 GOR=   144.12  SM3/SM3 WGR=   0.0049  SM3/SM3   
 STEP  176 TIME=    660.00  DAYS (    +3.0  DAYS MAXF  2 ITS) (23-OCT-2019)      
  PAV=   257.1  BARSA  WCT=0.417 GOR=   144.45  SM3/SM3 WGR=   0.0049  SM3/SM3   
 STEP  177 TIME=    669.00  DAYS (    +9.0  DAYS REPT  3 ITS) (1-NOV-2019)       
  PAV=   257.0  BARSA  WCT=0.423 GOR=   145.42  SM3/SM3 WGR=   0.0050  SM3/SM3   
   422 READING WCONHIST
   423 READING WCONINJH
   424 READING DATES   
 STEP  178 TIME=    670.00  DAYS (    +1.0  DAYS REPT  3 ITS) (2-NOV-2019)       
  PAV=   257.0  BARSA  WCT= 0.00 GOR= 0.00000   SM3/SM3 WGR= 0.00000   SM3/SM3   
   425 READING WCONHIST
   426 READING WCONINJH
   427 READING DATES   
 STEP  179 TIME=    671.00  DAYS (    +1.0  DAYS MAXW  3 ITS) (3-NOV-2019)       
  PAV=   257.0  BARSA  WCT=0.427 GOR=   142.04  SM3/SM3 WGR=   0.0052  SM3/SM3   
 STEP  180 TIME=    672.06  DAYS (    +1.1  DAYS TRNC  2 ITS) (4-NOV-2019)       
  PAV=   257.0  BARSA  WCT=0.428 GOR=   142.78  SM3/SM3 WGR=   0.0052  SM3/SM3   
 STEP  181 TIME=    674.03  DAYS (    +2.0  DAYS HALF  2 ITS) (6-NOV-2019)       
  PAV=   257.0  BARSA  WCT=0.430 GOR=   143.93  SM3/SM3 WGR=   0.0052  SM3/SM3   
 STEP  182 TIME=    676.00  DAYS (    +2.0  DAYS REPT  1 ITS) (8-NOV-2019)       
  PAV=   256.9  BARSA  WCT=0.431 GOR=   144.76  SM3/SM3 WGR=   0.0052  SM3/SM3   
   428 READING WCONHIST
   429 READING DATES   
 STEP  183 TIME=    677.00  DAYS (    +1.0  DAYS MAXW  1 ITS) (9-NOV-2019)       
  PAV=   256.9  BARSA  WCT=0.431 GOR=   144.88  SM3/SM3 WGR=   0.0052  SM3/SM3   
 STEP  184 TIME=    680.00  DAYS (    +3.0  DAYS MAXF  2 ITS) (12-NOV-2019)      
  PAV=   256.9  BARSA  WCT=0.433 GOR=   145.56  SM3/SM3 WGR=   0.0052  SM3/SM3   
 STEP  185 TIME=    684.00  DAYS (    +4.0  DAYS REPT  2 ITS) (16-NOV-2019)      
  PAV=   256.8  BARSA  WCT=0.436 GOR=   146.10  SM3/SM3 WGR=   0.0053  SM3/SM3   
   430 READING WCONHIST
   431 READING DATES   
 STEP  186 TIME=    685.00  DAYS (    +1.0  DAYS MAXW  1 ITS) (17-NOV-2019)      
  PAV=   256.8  BARSA  WCT=0.437 GOR=   145.98  SM3/SM3 WGR=   0.0053  SM3/SM3   
 STEP  187 TIME=    688.00  DAYS (    +3.0  DAYS MAXF  2 ITS) (20-NOV-2019)      
  PAV=   256.8  BARSA  WCT=0.439 GOR=   146.23  SM3/SM3 WGR=   0.0053  SM3/SM3   
 STEP  188 TIME=    697.00  DAYS (    +9.0  DAYS REPT  3 ITS) (29-NOV-2019)      
  PAV=   256.7  BARSA  WCT=0.444 GOR=   146.80  SM3/SM3 WGR=   0.0054  SM3/SM3   
   432 READING WCONHIST
   433 READING DATES   
 STEP  189 TIME=    698.00  DAYS (    +1.0  DAYS MAXW  1 ITS) (30-NOV-2019)      
  PAV=   256.7  BARSA  WCT=0.445 GOR=   146.69  SM3/SM3 WGR=   0.0055  SM3/SM3   
 STEP  190 TIME=    699.00  DAYS (    +1.0  DAYS REPT  1 ITS) (1-DEC-2019)       
  PAV=   256.7  BARSA  WCT=0.446 GOR=   146.75  SM3/SM3 WGR=   0.0055  SM3/SM3   
   434 READING WCONHIST
   435 READING DATES   
 STEP  191 TIME=    700.00  DAYS (    +1.0  DAYS MAXW  1 ITS) (2-DEC-2019)       
  PAV=   256.7  BARSA  WCT=0.448 GOR=   146.30  SM3/SM3 WGR=   0.0055  SM3/SM3   
 STEP  192 TIME=    703.00  DAYS (    +3.0  DAYS MAXF  2 ITS) (5-DEC-2019)       
  PAV=   256.6  BARSA  WCT=0.450 GOR=   146.43  SM3/SM3 WGR=   0.0056  SM3/SM3   
 STEP  193 TIME=    712.00  DAYS (    +9.0  DAYS MAXF  3 ITS) (14-DEC-2019)      
  PAV=   256.6  BARSA  WCT=0.455 GOR=   146.77  SM3/SM3 WGR=   0.0057  SM3/SM3   
 STEP  194 TIME=    730.00  DAYS (   +18.0  DAYS REPT  5 ITS) (1-JAN-2020)       
  PAV=   256.4  BARSA  WCT=0.465 GOR=   147.26  SM3/SM3 WGR=   0.0059  SM3/SM3   
   436 READING WCONHIST
   437 READING DATES   
 STEP  195 TIME=    731.00  DAYS (    +1.0  DAYS MAXW  1 ITS) (2-JAN-2020)       
  PAV=   256.4  BARSA  WCT=0.467 GOR=   146.57  SM3/SM3 WGR=   0.0060  SM3/SM3   
 STEP  196 TIME=    734.00  DAYS (    +3.0  DAYS MAXF  3 ITS) (5-JAN-2020)       
  PAV=   256.4  BARSA  WCT=0.469 GOR=   146.61  SM3/SM3 WGR=   0.0060  SM3/SM3   
 STEP  197 TIME=    740.00  DAYS (    +6.0  DAYS REPT  3 ITS) (11-JAN-2020)      
  PAV=   256.3  BARSA  WCT=0.472 GOR=   146.67  SM3/SM3 WGR=   0.0061  SM3/SM3   
   438 READING WCONHIST
   439 READING DATES   
 STEP  198 TIME=    741.00  DAYS (    +1.0  DAYS MAXW  1 ITS) (12-JAN-2020)      
  PAV=   256.3  BARSA  WCT=0.474 GOR=   146.13  SM3/SM3 WGR=   0.0062  SM3/SM3   
 STEP  199 TIME=    744.00  DAYS (    +3.0  DAYS MAXF  2 ITS) (15-JAN-2020)      
  PAV=   256.3  BARSA  WCT=0.475 GOR=   146.14  SM3/SM3 WGR=   0.0062  SM3/SM3   
 STEP  200 TIME=    752.00  DAYS (    +8.0  DAYS HALF  3 ITS) (23-JAN-2020)      
  PAV=   256.3  BARSA  WCT=0.479 GOR=   146.18  SM3/SM3 WGR=   0.0063  SM3/SM3   
 STEP  201 TIME=    760.00  DAYS (    +8.0  DAYS REPT  3 ITS) (31-JAN-2020)      
  PAV=   256.3  BARSA  WCT=0.483 GOR=   146.20  SM3/SM3 WGR=   0.0064  SM3/SM3   
   440 READING WCONHIST
   441 READING DATES   
 STEP  202 TIME=    761.00  DAYS (    +1.0  DAYS REPT  1 ITS) (1-FEB-2020)       
  PAV=   256.3  BARSA  WCT=0.484 GOR=   145.88  SM3/SM3 WGR=   0.0064  SM3/SM3   
   442 READING WCONHIST
   443 READING DATES   
 STEP  203 TIME=    762.00  DAYS (    +1.0  DAYS MAXW  1 ITS) (2-FEB-2020)       
  PAV=   256.2  BARSA  WCT=0.485 GOR=   145.71  SM3/SM3 WGR=   0.0065  SM3/SM3   
 STEP  204 TIME=    765.00  DAYS (    +3.0  DAYS MAXF  2 ITS) (5-FEB-2020)       
  PAV=   256.2  BARSA  WCT=0.486 GOR=   145.69  SM3/SM3 WGR=   0.0065  SM3/SM3   
 STEP  205 TIME=    768.00  DAYS (    +3.0  DAYS REPT  2 ITS) (8-FEB-2020)       
  PAV=   256.2  BARSA  WCT=0.488 GOR=   145.66  SM3/SM3 WGR=   0.0065  SM3/SM3   
   444 READING WCONHIST
   445 READING DATES   
 STEP  206 TIME=    769.00  DAYS (    +1.0  DAYS MAXW  1 ITS) (9-FEB-2020)       
  PAV=   256.2  BARSA  WCT=0.489 GOR=   145.30  SM3/SM3 WGR=   0.0066  SM3/SM3   
 STEP  207 TIME=    772.00  DAYS (    +3.0  DAYS MAXF  2 ITS) (12-FEB-2020)      
  PAV=   256.2  BARSA  WCT=0.490 GOR=   145.27  SM3/SM3 WGR=   0.0066  SM3/SM3   
 STEP  208 TIME=    781.00  DAYS (    +9.0  DAYS REPT  3 ITS) (21-FEB-2020)      
  PAV=   256.2  BARSA  WCT=0.494 GOR=   145.17  SM3/SM3 WGR=   0.0067  SM3/SM3   
   446 READING WCONHIST
   447 READING DATES   
 STEP  209 TIME=    782.00  DAYS (    +1.0  DAYS MAXW  1 ITS) (22-FEB-2020)      
  PAV=   256.2  BARSA  WCT=0.496 GOR=   144.77  SM3/SM3 WGR=   0.0068  SM3/SM3   
 STEP  210 TIME=    785.00  DAYS (    +3.0  DAYS MAXF  1 ITS) (25-FEB-2020)      
  PAV=   256.2  BARSA  WCT=0.497 GOR=   144.71  SM3/SM3 WGR=   0.0068  SM3/SM3   
 STEP  211 TIME=    790.00  DAYS (    +5.0  DAYS REPT  3 ITS) (1-MAR-2020)       
  PAV=   256.2  BARSA  WCT=0.499 GOR=   144.62  SM3/SM3 WGR=   0.0069  SM3/SM3   
   448 READING WCONHIST
   449 READING DATES   
 STEP  212 TIME=    791.00  DAYS (    +1.0  DAYS MAXW  1 ITS) (2-MAR-2020)       
  PAV=   256.2  BARSA  WCT=0.501 GOR=   143.89  SM3/SM3 WGR=   0.0070  SM3/SM3   
 STEP  213 TIME=    794.00  DAYS (    +3.0  DAYS MAXF  1 ITS) (5-MAR-2020)       
  PAV=   256.2  BARSA  WCT=0.503 GOR=   143.79  SM3/SM3 WGR=   0.0070  SM3/SM3   
 STEP  214 TIME=    803.00  DAYS (    +9.0  DAYS MAXF  3 ITS) (14-MAR-2020)      
  PAV=   256.2  BARSA  WCT=0.506 GOR=   143.58  SM3/SM3 WGR=   0.0071  SM3/SM3   
 STEP  215 TIME=    821.00  DAYS (   +18.0  DAYS REPT  3 ITS) (1-APR-2020)       
  PAV=   256.2  BARSA  WCT=0.512 GOR=   143.21  SM3/SM3 WGR=   0.0073  SM3/SM3   
   450 READING WCONHIST
   451 READING DATES   
 STEP  216 TIME=    822.00  DAYS (    +1.0  DAYS MAXW  1 ITS) (2-APR-2020)       
  PAV=   256.2  BARSA  WCT=0.514 GOR=   142.65  SM3/SM3 WGR=   0.0074  SM3/SM3   
 STEP  217 TIME=    824.00  DAYS (    +2.0  DAYS REPT  1 ITS) (4-APR-2020)       
  PAV=   256.3  BARSA  WCT=0.515 GOR=   142.59  SM3/SM3 WGR=   0.0075  SM3/SM3   
   452 READING WCONHIST
   453 READING DATES   
 STEP  218 TIME=    825.00  DAYS (    +1.0  DAYS MAXW  1 ITS) (5-APR-2020)       
  PAV=   256.3  BARSA  WCT=0.517 GOR=   142.24  SM3/SM3 WGR=   0.0075  SM3/SM3   
 STEP  219 TIME=    828.00  DAYS (    +3.0  DAYS MAXF  2 ITS) (8-APR-2020)       
  PAV=   256.3  BARSA  WCT=0.518 GOR=   142.15  SM3/SM3 WGR=   0.0076  SM3/SM3   
 STEP  220 TIME=    836.00  DAYS (    +8.0  DAYS HALF  3 ITS) (16-APR-2020)      
  PAV=   256.3  BARSA  WCT=0.520 GOR=   141.95  SM3/SM3 WGR=   0.0076  SM3/SM3   
 STEP  221 TIME=    844.00  DAYS (    +8.0  DAYS REPT  3 ITS) (24-APR-2020)      
  PAV=   256.3  BARSA  WCT=0.523 GOR=   141.76  SM3/SM3 WGR=   0.0077  SM3/SM3   
   454 READING WCONHIST
   455 READING DATES   
 STEP  222 TIME=    845.00  DAYS (    +1.0  DAYS MAXW  1 ITS) (25-APR-2020)      
  PAV=   256.3  BARSA  WCT=0.525 GOR=   141.44  SM3/SM3 WGR=   0.0078  SM3/SM3   
 STEP  223 TIME=    848.00  DAYS (    +3.0  DAYS MAXF  2 ITS) (28-APR-2020)      
  PAV=   256.4  BARSA  WCT=0.526 GOR=   141.36  SM3/SM3 WGR=   0.0078  SM3/SM3   
 STEP  224 TIME=    851.00  DAYS (    +3.0  DAYS REPT  1 ITS) (1-MAY-2020)       
  PAV=   256.4  BARSA  WCT=0.527 GOR=   141.28  SM3/SM3 WGR=   0.0079  SM3/SM3   
   456 READING WCONHIST
   457 READING WCONINJH
   458 READING DATES   
 STEP  225 TIME=    852.00  DAYS (    +1.0  DAYS REPT  6 ITS) (2-MAY-2020)       
  PAV=   256.4  BARSA  WCT= 0.00 GOR= 0.00000   SM3/SM3 WGR= 0.00000   SM3/SM3   
   459 READING DATES   
 STEP  226 TIME=    852.96  DAYS (   +22.9 HOURS TRNC  3 ITS) (2-MAY-2020)       
  PAV=   256.5  BARSA  WCT= 0.00 GOR= 0.00000   SM3/SM3 WGR= 0.00000   SM3/SM3   
 STEP  227 TIME=    853.98  DAYS (    +1.0  DAYS HALF  2 ITS) (3-MAY-2020)       
  PAV=   256.5  BARSA  WCT= 0.00 GOR= 0.00000   SM3/SM3 WGR= 0.00000   SM3/SM3   
 STEP  228 TIME=    855.00  DAYS (    +1.0  DAYS REPT  3 ITS) (5-MAY-2020)       
  PAV=   256.5  BARSA  WCT= 0.00 GOR= 0.00000   SM3/SM3 WGR= 0.00000   SM3/SM3   
   460 READING WCONHIST
   461 READING WCONINJH
   462 READING DATES   
 STEP  229 TIME=    856.00  DAYS (    +1.0  DAYS MAXW  3 ITS) (6-MAY-2020)       
  PAV=   256.5  BARSA  WCT=0.536 GOR=   134.58  SM3/SM3 WGR=   0.0086  SM3/SM3   
 STEP  230 TIME=    857.57  DAYS (    +1.6  DAYS TRNC  2 ITS) (7-MAY-2020)       
  PAV=   256.5  BARSA  WCT=0.536 GOR=   135.27  SM3/SM3 WGR=   0.0085  SM3/SM3   
 STEP  231 TIME=    860.94  DAYS (    +3.4  DAYS TRNC  3 ITS) (10-MAY-2020)      
  PAV=   256.5  BARSA  WCT=0.535 GOR=   136.70  SM3/SM3 WGR=   0.0084  SM3/SM3   
 STEP  232 TIME=    865.00  DAYS (    +4.1  DAYS REPT  2 ITS) (15-MAY-2020)      
  PAV=   256.6  BARSA  WCT=0.535 GOR=   137.97  SM3/SM3 WGR=   0.0084  SM3/SM3   
   463 READING WCONHIST
   464 READING DATES   
 STEP  233 TIME=    866.00  DAYS (    +1.0  DAYS MAXW  1 ITS) (16-MAY-2020)      
  PAV=   256.6  BARSA  WCT=0.534 GOR=   137.78  SM3/SM3 WGR=   0.0083  SM3/SM3   
 STEP  234 TIME=    869.00  DAYS (    +3.0  DAYS MAXF  2 ITS) (19-MAY-2020)      
  PAV=   256.6  BARSA  WCT=0.534 GOR=   138.41  SM3/SM3 WGR=   0.0083  SM3/SM3   
 STEP  235 TIME=    875.50  DAYS (    +6.5  DAYS HALF  3 ITS) (25-MAY-2020)      
  PAV=   256.6  BARSA  WCT=0.536 GOR=   139.15  SM3/SM3 WGR=   0.0083  SM3/SM3   
 STEP  236 TIME=    882.00  DAYS (    +6.5  DAYS REPT  3 ITS) (1-JUN-2020)       
  PAV=   256.7  BARSA  WCT=0.538 GOR=   139.53  SM3/SM3 WGR=   0.0083  SM3/SM3   
   465 READING WCONHIST
   466 READING DATES   
 STEP  237 TIME=    883.00  DAYS (    +1.0  DAYS MAXW  1 ITS) (2-JUN-2020)       
  PAV=   256.7  BARSA  WCT=0.540 GOR=   139.21  SM3/SM3 WGR=   0.0084  SM3/SM3   
 STEP  238 TIME=    886.00  DAYS (    +3.0  DAYS MAXF  2 ITS) (5-JUN-2020)       
  PAV=   256.7  BARSA  WCT=0.541 GOR=   139.27  SM3/SM3 WGR=   0.0085  SM3/SM3   
 STEP  239 TIME=    895.00  DAYS (    +9.0  DAYS MAXF  3 ITS) (14-JUN-2020)      
  PAV=   256.7  BARSA  WCT=0.544 GOR=   139.26  SM3/SM3 WGR=   0.0086  SM3/SM3   
 STEP  240 TIME=    908.00  DAYS (   +13.0  DAYS REPT  4 ITS) (27-JUN-2020)      
  PAV=   256.8  BARSA  WCT=0.547 GOR=   139.09  SM3/SM3 WGR=   0.0087  SM3/SM3   
   467 READING WCONHIST
   468 READING DATES   
 STEP  241 TIME=    909.00  DAYS (    +1.0  DAYS MAXW  1 ITS) (28-JUN-2020)      
  PAV=   256.8  BARSA  WCT=0.549 GOR=   138.88  SM3/SM3 WGR=   0.0088  SM3/SM3   
 STEP  242 TIME=    911.00  DAYS (    +2.0  DAYS REPT  2 ITS) (30-JUN-2020)      
  PAV=   256.8  BARSA  WCT=0.550 GOR=   138.84  SM3/SM3 WGR=   0.0088  SM3/SM3   
   469 READING WCONHIST
   470 READING RPTSCHED
   471 READING RPTRST  

 @--MESSAGE  AT TIME      911.0   DAYS    (30-JUN-2020):
 @           ROCKC TRAN_ OUTPUT HAS BEEN RENAMED TO PERM_                    
 @           FROM 2013.1 FOR COMPATIBILITY WITH E300                         
   472 READING DATES   
 STEP  243 TIME=    912.00  DAYS (    +1.0  DAYS REPT  1 ITS) (1-JLY-2020)       
  PAV=   256.8  BARSA  WCT=0.550 GOR=   138.81  SM3/SM3 WGR=   0.0088  SM3/SM3   

 @--MESSAGE  AT TIME      912.0   DAYS    ( 1-JLY-2020):
 @           RESTART FILE WRITTEN   REPORT    82                             
 @           RESTART INCLUDES INTERBLOCK FLOWS                               
 @                            PHASE RESERVOIR DENSITIES                      
   473 READING END     
          235 Mbytes of storage required                         
       3.4063 KB/active cell                                     
          454 Mbytes (image size)                                

 Error summary 
 Comments               1
 Warnings              26
 Problems               0
 Errors                 0
 Bugs                   0
 Final cpu     157.89 elapsed     165.73
 Total number of time steps forced to be accepted          0
INFO 2021-06-29 22:11:10,044 st-rsv17-17-21.st.statoil.no E100 has finished
INFO 2021-06-29 22:11:10,061 st-rsv17-17-21.st.statoil.no Workflow has finished
INFO 2021-06-29 22:11:10,061 st-rsv17-17-21.st.statoil.no Session in progress.
